<?xml version="1.0" ?>
<coverage version="7.10.2" timestamp="1754480921631" lines-valid="206" lines-covered="194" line-rate="0.9417" branches-valid="36" branches-covered="30" branch-rate="0.8333" complexity="0">
	<!-- Generated by coverage.py: https://coverage.readthedocs.io/en/7.10.2 -->
	<!-- Based on https://raw.githubusercontent.com/cobertura/web/master/htdocs/xml/coverage-04.dtd -->
	<sources>
		<source>/Users/jmfk/code/voycash/src</source>
	</sources>
	<packages>
		<package name="voyager_trader" line-rate="0.9417" branch-rate="0.8333" complexity="0">
			<classes>
				<class name="__init__.py" filename="voyager_trader/__init__.py" complexity="0" line-rate="1" branch-rate="1">
					<methods/>
					<lines>
						<line number="8" hits="1"/>
						<line number="9" hits="1"/>
						<line number="11" hits="1"/>
						<line number="12" hits="1"/>
						<line number="13" hits="1"/>
						<line number="14" hits="1"/>
						<line number="16" hits="1"/>
					</lines>
				</class>
				<class name="core.py" filename="voyager_trader/core.py" complexity="0" line-rate="1" branch-rate="1">
					<methods/>
					<lines>
						<line number="10" hits="1"/>
						<line number="11" hits="1"/>
						<line number="12" hits="1"/>
						<line number="14" hits="1"/>
						<line number="15" hits="1"/>
						<line number="16" hits="1"/>
						<line number="19" hits="1"/>
						<line number="20" hits="1"/>
						<line number="23" hits="1"/>
						<line number="24" hits="1"/>
						<line number="25" hits="1"/>
						<line number="26" hits="1"/>
						<line number="27" hits="1"/>
						<line number="28" hits="1"/>
						<line number="31" hits="1"/>
						<line number="39" hits="1"/>
						<line number="41" hits="1"/>
						<line number="42" hits="1"/>
						<line number="45" hits="1"/>
						<line number="46" hits="1"/>
						<line number="47" hits="1"/>
						<line number="50" hits="1"/>
						<line number="51" hits="1"/>
						<line number="52" hits="1"/>
						<line number="54" hits="1"/>
						<line number="56" hits="1"/>
						<line number="57" hits="1"/>
						<line number="59" hits="1"/>
						<line number="61" hits="1"/>
						<line number="62" hits="1"/>
						<line number="64" hits="1"/>
						<line number="66" hits="1"/>
					</lines>
				</class>
				<class name="curriculum.py" filename="voyager_trader/curriculum.py" complexity="0" line-rate="1" branch-rate="1">
					<methods/>
					<lines>
						<line number="8" hits="1"/>
						<line number="9" hits="1"/>
						<line number="10" hits="1"/>
						<line number="13" hits="1"/>
						<line number="14" hits="1"/>
						<line number="17" hits="1"/>
						<line number="18" hits="1"/>
						<line number="19" hits="1"/>
						<line number="20" hits="1"/>
						<line number="21" hits="1"/>
						<line number="22" hits="1"/>
						<line number="25" hits="1"/>
						<line number="35" hits="1"/>
						<line number="37" hits="1"/>
						<line number="38" hits="1"/>
						<line number="39" hits="1"/>
						<line number="40" hits="1"/>
						<line number="41" hits="1"/>
						<line number="43" hits="1"/>
						<line number="56" hits="1"/>
						<line number="59" hits="1"/>
						<line number="67" hits="1"/>
						<line number="69" hits="1"/>
						<line number="71" hits="1"/>
						<line number="72" hits="1"/>
						<line number="74" hits="1"/>
						<line number="76" hits="1"/>
					</lines>
				</class>
				<class name="prompting.py" filename="voyager_trader/prompting.py" complexity="0" line-rate="0.9552" branch-rate="0.8636">
					<methods/>
					<lines>
						<line number="8" hits="1"/>
						<line number="9" hits="1"/>
						<line number="10" hits="1"/>
						<line number="13" hits="1"/>
						<line number="14" hits="1"/>
						<line number="17" hits="1"/>
						<line number="18" hits="1"/>
						<line number="19" hits="1"/>
						<line number="20" hits="1"/>
						<line number="21" hits="1"/>
						<line number="22" hits="1"/>
						<line number="25" hits="1"/>
						<line number="33" hits="1"/>
						<line number="35" hits="1"/>
						<line number="36" hits="1"/>
						<line number="37" hits="1"/>
						<line number="38" hits="1"/>
						<line number="40" hits="1"/>
						<line number="53" hits="1"/>
						<line number="54" hits="1"/>
						<line number="56" hits="1"/>
						<line number="57" hits="1"/>
						<line number="63" hits="1" branch="true" condition-coverage="50% (1/2)" missing-branches="85"/>
						<line number="64" hits="1"/>
						<line number="67" hits="1"/>
						<line number="70" hits="1"/>
						<line number="73" hits="1"/>
						<line number="75" hits="1" branch="true" condition-coverage="50% (1/2)" missing-branches="79"/>
						<line number="76" hits="1"/>
						<line number="77" hits="1"/>
						<line number="79" hits="0"/>
						<line number="82" hits="1" branch="true" condition-coverage="50% (1/2)" missing-branches="63"/>
						<line number="83" hits="1"/>
						<line number="85" hits="1"/>
						<line number="87" hits="1"/>
						<line number="92" hits="1"/>
						<line number="101" hits="1" branch="true" condition-coverage="100% (2/2)"/>
						<line number="102" hits="1"/>
						<line number="110" hits="1" branch="true" condition-coverage="100% (2/2)"/>
						<line number="111" hits="1"/>
						<line number="116" hits="1" branch="true" condition-coverage="100% (2/2)"/>
						<line number="117" hits="1"/>
						<line number="122" hits="1"/>
						<line number="127" hits="1"/>
						<line number="129" hits="1"/>
						<line number="132" hits="0"/>
						<line number="135" hits="0"/>
						<line number="144" hits="1"/>
						<line number="147" hits="1"/>
						<line number="148" hits="1"/>
						<line number="149" hits="1"/>
						<line number="151" hits="1" branch="true" condition-coverage="100% (2/2)"/>
						<line number="152" hits="1" branch="true" condition-coverage="100% (2/2)"/>
						<line number="153" hits="1"/>
						<line number="154" hits="1"/>
						<line number="155" hits="1" branch="true" condition-coverage="100% (2/2)"/>
						<line number="156" hits="1"/>
						<line number="157" hits="1"/>
						<line number="158" hits="1" branch="true" condition-coverage="100% (2/2)"/>
						<line number="159" hits="1"/>
						<line number="161" hits="1"/>
						<line number="163" hits="1"/>
						<line number="168" hits="1"/>
						<line number="170" hits="1"/>
						<line number="175" hits="1" branch="true" condition-coverage="100% (2/2)"/>
						<line number="176" hits="1"/>
						<line number="178" hits="1"/>
					</lines>
				</class>
				<class name="skills.py" filename="voyager_trader/skills.py" complexity="0" line-rate="0.8767" branch-rate="0.7857">
					<methods/>
					<lines>
						<line number="8" hits="1"/>
						<line number="9" hits="1"/>
						<line number="10" hits="1"/>
						<line number="11" hits="1"/>
						<line number="12" hits="1"/>
						<line number="15" hits="1"/>
						<line number="16" hits="1"/>
						<line number="19" hits="1"/>
						<line number="20" hits="1"/>
						<line number="21" hits="1"/>
						<line number="22" hits="1"/>
						<line number="23" hits="1"/>
						<line number="24" hits="1"/>
						<line number="25" hits="1"/>
						<line number="26" hits="1"/>
						<line number="29" hits="1"/>
						<line number="37" hits="1"/>
						<line number="39" hits="1"/>
						<line number="40" hits="1"/>
						<line number="41" hits="1"/>
						<line number="42" hits="1"/>
						<line number="45" hits="1"/>
						<line number="46" hits="1"/>
						<line number="47" hits="1"/>
						<line number="49" hits="1"/>
						<line number="51" hits="1"/>
						<line number="52" hits="1"/>
						<line number="53" hits="1"/>
						<line number="55" hits="1"/>
						<line number="57" hits="1"/>
						<line number="59" hits="1"/>
						<line number="63" hits="1"/>
						<line number="65" hits="1" branch="true" condition-coverage="100% (2/2)"/>
						<line number="67" hits="1" branch="true" condition-coverage="100% (2/2)"/>
						<line number="68" hits="1"/>
						<line number="71" hits="1" branch="true" condition-coverage="100% (2/2)"/>
						<line number="72" hits="1"/>
						<line number="74" hits="1"/>
						<line number="77" hits="1"/>
						<line number="78" hits="1"/>
						<line number="80" hits="1"/>
						<line number="82" hits="1"/>
						<line number="84" hits="1" branch="true" condition-coverage="100% (2/2)"/>
						<line number="85" hits="1"/>
						<line number="86" hits="1"/>
						<line number="89" hits="1"/>
						<line number="90" hits="1"/>
						<line number="92" hits="1"/>
						<line number="96" hits="1" branch="true" condition-coverage="50% (1/2)" missing-branches="exit"/>
						<line number="97" hits="1"/>
						<line number="98" hits="1"/>
						<line number="99" hits="1"/>
						<line number="102" hits="1" branch="true" condition-coverage="50% (1/2)" missing-branches="108"/>
						<line number="103" hits="1"/>
						<line number="104" hits="1"/>
						<line number="108" hits="1"/>
						<line number="110" hits="1"/>
						<line number="112" hits="1" branch="true" condition-coverage="50% (1/2)" missing-branches="113"/>
						<line number="113" hits="0"/>
						<line number="114" hits="0"/>
						<line number="115" hits="0"/>
						<line number="116" hits="0"/>
						<line number="117" hits="0"/>
						<line number="118" hits="0"/>
						<line number="119" hits="0"/>
						<line number="121" hits="1"/>
						<line number="123" hits="1"/>
						<line number="124" hits="1"/>
						<line number="125" hits="1"/>
						<line number="127" hits="1"/>
						<line number="137" hits="1"/>
						<line number="138" hits="0"/>
						<line number="139" hits="0"/>
					</lines>
				</class>
			</classes>
		</package>
	</packages>
</coverage>
