{"meta": {"format": 3, "version": "7.10.2", "timestamp": "2025-08-07T12:22:53.731418", "branch_coverage": false, "show_contexts": false}, "files": {"src/voyager_trader/__init__.py": {"executed_lines": [1, 8, 9, 11, 12, 13, 14, 16], "summary": {"covered_lines": 7, "num_statements": 7, "percent_covered": 100.0, "percent_covered_display": "100", "missing_lines": 0, "excluded_lines": 0}, "missing_lines": [], "excluded_lines": [], "functions": {"": {"executed_lines": [1, 8, 9, 11, 12, 13, 14, 16], "summary": {"covered_lines": 7, "num_statements": 7, "percent_covered": 100.0, "percent_covered_display": "100", "missing_lines": 0, "excluded_lines": 0}, "missing_lines": [], "excluded_lines": []}}, "classes": {"": {"executed_lines": [1, 8, 9, 11, 12, 13, 14, 16], "summary": {"covered_lines": 7, "num_statements": 7, "percent_covered": 100.0, "percent_covered_display": "100", "missing_lines": 0, "excluded_lines": 0}, "missing_lines": [], "excluded_lines": []}}}, "src/voyager_trader/core.py": {"executed_lines": [1, 10, 11, 12, 14, 15, 16, 19, 20, 21, 23, 24, 25, 26, 27, 28, 31, 32, 39, 41, 42, 45, 46, 47, 50, 51, 52, 54, 56, 57, 59, 61, 62, 64, 66], "summary": {"covered_lines": 32, "num_statements": 32, "percent_covered": 100.0, "percent_covered_display": "100", "missing_lines": 0, "excluded_lines": 0}, "missing_lines": [], "excluded_lines": [], "functions": {"VoyagerTrader.__init__": {"executed_lines": [41, 42, 45, 46, 47, 50, 51, 52], "summary": {"covered_lines": 8, "num_statements": 8, "percent_covered": 100.0, "percent_covered_display": "100", "missing_lines": 0, "excluded_lines": 0}, "missing_lines": [], "excluded_lines": []}, "VoyagerTrader.start": {"executed_lines": [56, 57], "summary": {"covered_lines": 2, "num_statements": 2, "percent_covered": 100.0, "percent_covered_display": "100", "missing_lines": 0, "excluded_lines": 0}, "missing_lines": [], "excluded_lines": []}, "VoyagerTrader.stop": {"executed_lines": [61, 62], "summary": {"covered_lines": 2, "num_statements": 2, "percent_covered": 100.0, "percent_covered_display": "100", "missing_lines": 0, "excluded_lines": 0}, "missing_lines": [], "excluded_lines": []}, "VoyagerTrader.get_status": {"executed_lines": [66], "summary": {"covered_lines": 1, "num_statements": 1, "percent_covered": 100.0, "percent_covered_display": "100", "missing_lines": 0, "excluded_lines": 0}, "missing_lines": [], "excluded_lines": []}, "": {"executed_lines": [1, 10, 11, 12, 14, 15, 16, 19, 20, 21, 23, 24, 25, 26, 27, 28, 31, 32, 39, 54, 59, 64], "summary": {"covered_lines": 19, "num_statements": 19, "percent_covered": 100.0, "percent_covered_display": "100", "missing_lines": 0, "excluded_lines": 0}, "missing_lines": [], "excluded_lines": []}}, "classes": {"TradingConfig": {"executed_lines": [], "summary": {"covered_lines": 0, "num_statements": 0, "percent_covered": 100.0, "percent_covered_display": "100", "missing_lines": 0, "excluded_lines": 0}, "missing_lines": [], "excluded_lines": []}, "VoyagerTrader": {"executed_lines": [41, 42, 45, 46, 47, 50, 51, 52, 56, 57, 61, 62, 66], "summary": {"covered_lines": 13, "num_statements": 13, "percent_covered": 100.0, "percent_covered_display": "100", "missing_lines": 0, "excluded_lines": 0}, "missing_lines": [], "excluded_lines": []}, "": {"executed_lines": [1, 10, 11, 12, 14, 15, 16, 19, 20, 21, 23, 24, 25, 26, 27, 28, 31, 32, 39, 54, 59, 64], "summary": {"covered_lines": 19, "num_statements": 19, "percent_covered": 100.0, "percent_covered_display": "100", "missing_lines": 0, "excluded_lines": 0}, "missing_lines": [], "excluded_lines": []}}}, "src/voyager_trader/curriculum.py": {"executed_lines": [1, 14, 15, 16, 17, 18, 20, 22, 32, 33, 35, 36, 37, 38, 39, 40, 41, 42, 43, 44, 45, 48, 49, 51, 52, 53, 54, 55, 56, 57, 58, 61, 62, 64, 65, 66, 67, 68, 69, 70, 71, 72, 75, 77, 78, 79, 81, 85, 86, 88, 91, 94, 95, 97, 98, 99, 100, 101, 102, 103, 106, 107, 109, 110, 111, 112, 113, 114, 115, 118, 119, 121, 122, 123, 124, 125, 126, 127, 133, 134, 136, 142, 146, 151, 152, 154, 160, 164, 171, 172, 174, 180, 186, 190, 195, 196, 198, 207, 216, 223, 224, 226, 230, 234, 238, 246, 247, 254, 264, 265, 266, 267, 268, 269, 270, 272, 280, 281, 288, 289, 290, 292, 295, 302, 311, 314, 323, 325, 327, 332, 335, 336, 342, 395, 419, 420, 422, 425, 426, 427, 428, 429, 431, 435, 438, 446, 448, 449, 451, 453], "summary": {"covered_lines": 114, "num_statements": 140, "percent_covered": 81.42857142857143, "percent_covered_display": "81", "missing_lines": 26, "excluded_lines": 100}, "missing_lines": [82, 87, 89, 303, 308, 317, 318, 338, 340, 351, 352, 355, 356, 357, 358, 361, 367, 373, 374, 380, 386, 389, 393, 399, 400, 402], "excluded_lines": [133, 134, 135, 136, 137, 138, 139, 140, 141, 142, 143, 144, 145, 146, 147, 148, 151, 152, 153, 154, 155, 156, 157, 158, 159, 160, 161, 162, 163, 164, 165, 166, 167, 168, 171, 172, 173, 174, 175, 176, 177, 178, 179, 180, 181, 182, 183, 184, 185, 186, 187, 188, 189, 190, 191, 192, 195, 196, 197, 198, 199, 200, 201, 202, 203, 204, 205, 206, 207, 208, 209, 210, 211, 212, 213, 214, 215, 216, 217, 218, 219, 220, 223, 224, 225, 226, 227, 228, 229, 230, 231, 232, 233, 234, 235, 236, 237, 238, 239, 240], "functions": {"TaskTemplate.validate_parameters": {"executed_lines": [81, 85, 86, 88, 91], "summary": {"covered_lines": 5, "num_statements": 8, "percent_covered": 62.5, "percent_covered_display": "62", "missing_lines": 3, "excluded_lines": 0}, "missing_lines": [82, 87, 89], "excluded_lines": []}, "CurriculumGenerator.generate_task": {"executed_lines": [], "summary": {"covered_lines": 0, "num_statements": 0, "percent_covered": 100.0, "percent_covered_display": "100", "missing_lines": 0, "excluded_lines": 2}, "missing_lines": [], "excluded_lines": [139, 140]}, "CurriculumGenerator.get_task_templates": {"executed_lines": [], "summary": {"covered_lines": 0, "num_statements": 0, "percent_covered": 100.0, "percent_covered_display": "100", "missing_lines": 0, "excluded_lines": 2}, "missing_lines": [], "excluded_lines": [143, 144]}, "CurriculumGenerator.validate_task": {"executed_lines": [], "summary": {"covered_lines": 0, "num_statements": 0, "percent_covered": 100.0, "percent_covered_display": "100", "missing_lines": 0, "excluded_lines": 2}, "missing_lines": [], "excluded_lines": [147, 148]}, "DifficultyAssessor.assess_task_difficulty": {"executed_lines": [], "summary": {"covered_lines": 0, "num_statements": 0, "percent_covered": 100.0, "percent_covered_display": "100", "missing_lines": 0, "excluded_lines": 2}, "missing_lines": [], "excluded_lines": [157, 158]}, "DifficultyAssessor.assess_template_difficulty": {"executed_lines": [], "summary": {"covered_lines": 0, "num_statements": 0, "percent_covered": 100.0, "percent_covered_display": "100", "missing_lines": 0, "excluded_lines": 2}, "missing_lines": [], "excluded_lines": [161, 162]}, "DifficultyAssessor.is_appropriate_difficulty": {"executed_lines": [], "summary": {"covered_lines": 0, "num_statements": 0, "percent_covered": 100.0, "percent_covered_display": "100", "missing_lines": 0, "excluded_lines": 2}, "missing_lines": [], "excluded_lines": [167, 168]}, "ProgressTracker.analyze_performance": {"executed_lines": [], "summary": {"covered_lines": 0, "num_statements": 0, "percent_covered": 100.0, "percent_covered_display": "100", "missing_lines": 0, "excluded_lines": 2}, "missing_lines": [], "excluded_lines": [177, 178]}, "ProgressTracker.track_task_completion": {"executed_lines": [], "summary": {"covered_lines": 0, "num_statements": 0, "percent_covered": 100.0, "percent_covered_display": "100", "missing_lines": 0, "excluded_lines": 2}, "missing_lines": [], "excluded_lines": [183, 184]}, "ProgressTracker.detect_learning_plateau": {"executed_lines": [], "summary": {"covered_lines": 0, "num_statements": 0, "percent_covered": 100.0, "percent_covered_display": "100", "missing_lines": 0, "excluded_lines": 2}, "missing_lines": [], "excluded_lines": [187, 188]}, "ProgressTracker.get_learning_trends": {"executed_lines": [], "summary": {"covered_lines": 0, "num_statements": 0, "percent_covered": 100.0, "percent_covered_display": "100", "missing_lines": 0, "excluded_lines": 2}, "missing_lines": [], "excluded_lines": [191, 192]}, "AdaptiveEngine.should_adapt_curriculum": {"executed_lines": [], "summary": {"covered_lines": 0, "num_statements": 0, "percent_covered": 100.0, "percent_covered_display": "100", "missing_lines": 0, "excluded_lines": 2}, "missing_lines": [], "excluded_lines": [204, 205]}, "AdaptiveEngine.adapt_curriculum": {"executed_lines": [], "summary": {"covered_lines": 0, "num_statements": 0, "percent_covered": 100.0, "percent_covered_display": "100", "missing_lines": 0, "excluded_lines": 2}, "missing_lines": [], "excluded_lines": [213, 214]}, "AdaptiveEngine.suggest_difficulty_adjustment": {"executed_lines": [], "summary": {"covered_lines": 0, "num_statements": 0, "percent_covered": 100.0, "percent_covered_display": "100", "missing_lines": 0, "excluded_lines": 2}, "missing_lines": [], "excluded_lines": [219, 220]}, "ContextAnalyzer.analyze_market_context": {"executed_lines": [], "summary": {"covered_lines": 0, "num_statements": 0, "percent_covered": 100.0, "percent_covered_display": "100", "missing_lines": 0, "excluded_lines": 2}, "missing_lines": [], "excluded_lines": [227, 228]}, "ContextAnalyzer.is_suitable_for_learning": {"executed_lines": [], "summary": {"covered_lines": 0, "num_statements": 0, "percent_covered": 100.0, "percent_covered_display": "100", "missing_lines": 0, "excluded_lines": 2}, "missing_lines": [], "excluded_lines": [231, 232]}, "ContextAnalyzer.get_recommended_task_types": {"executed_lines": [], "summary": {"covered_lines": 0, "num_statements": 0, "percent_covered": 100.0, "percent_covered_display": "100", "missing_lines": 0, "excluded_lines": 2}, "missing_lines": [], "excluded_lines": [235, 236]}, "ContextAnalyzer.assess_risk_level": {"executed_lines": [], "summary": {"covered_lines": 0, "num_statements": 0, "percent_covered": 100.0, "percent_covered_display": "100", "missing_lines": 0, "excluded_lines": 2}, "missing_lines": [], "excluded_lines": [239, 240]}, "AutomaticCurriculumService.__init__": {"executed_lines": [264, 265, 266, 267, 268, 269, 270], "summary": {"covered_lines": 7, "num_statements": 7, "percent_covered": 100.0, "percent_covered_display": "100", "missing_lines": 0, "excluded_lines": 0}, "missing_lines": [], "excluded_lines": []}, "AutomaticCurriculumService.generate_next_task": {"executed_lines": [280, 281, 288, 289, 290, 292, 295, 302, 311, 314, 323, 325, 327, 332, 335, 336], "summary": {"covered_lines": 16, "num_statements": 22, "percent_covered": 72.72727272727273, "percent_covered_display": "73", "missing_lines": 6, "excluded_lines": 0}, "missing_lines": [303, 308, 317, 318, 338, 340], "excluded_lines": []}, "AutomaticCurriculumService.complete_task": {"executed_lines": [], "summary": {"covered_lines": 0, "num_statements": 14, "percent_covered": 0.0, "percent_covered_display": "0", "missing_lines": 14, "excluded_lines": 0}, "missing_lines": [351, 352, 355, 356, 357, 358, 361, 367, 373, 374, 380, 386, 389, 393], "excluded_lines": []}, "AutomaticCurriculumService.get_curriculum_status": {"executed_lines": [], "summary": {"covered_lines": 0, "num_statements": 3, "percent_covered": 0.0, "percent_covered_display": "0", "missing_lines": 3, "excluded_lines": 0}, "missing_lines": [399, 400, 402], "excluded_lines": []}, "AutomaticCurriculum.__init__": {"executed_lines": [425, 426, 427, 428, 429], "summary": {"covered_lines": 5, "num_statements": 5, "percent_covered": 100.0, "percent_covered_display": "100", "missing_lines": 0, "excluded_lines": 0}, "missing_lines": [], "excluded_lines": []}, "AutomaticCurriculum.generate_next_task": {"executed_lines": [435, 438], "summary": {"covered_lines": 2, "num_statements": 2, "percent_covered": 100.0, "percent_covered_display": "100", "missing_lines": 0, "excluded_lines": 0}, "missing_lines": [], "excluded_lines": []}, "AutomaticCurriculum.update_task_progress": {"executed_lines": [448, 449], "summary": {"covered_lines": 2, "num_statements": 2, "percent_covered": 100.0, "percent_covered_display": "100", "missing_lines": 0, "excluded_lines": 0}, "missing_lines": [], "excluded_lines": []}, "AutomaticCurriculum.get_difficulty_progression": {"executed_lines": [453], "summary": {"covered_lines": 1, "num_statements": 1, "percent_covered": 100.0, "percent_covered_display": "100", "missing_lines": 0, "excluded_lines": 0}, "missing_lines": [], "excluded_lines": []}, "": {"executed_lines": [1, 14, 15, 16, 17, 18, 20, 22, 32, 33, 35, 36, 37, 38, 39, 40, 41, 42, 43, 44, 45, 48, 49, 51, 52, 53, 54, 55, 56, 57, 58, 61, 62, 64, 65, 66, 67, 68, 69, 70, 71, 72, 75, 77, 78, 79, 94, 95, 97, 98, 99, 100, 101, 102, 103, 106, 107, 109, 110, 111, 112, 113, 114, 115, 118, 119, 121, 122, 123, 124, 125, 126, 127, 133, 134, 136, 142, 146, 151, 152, 154, 160, 164, 171, 172, 174, 180, 186, 190, 195, 196, 198, 207, 216, 223, 224, 226, 230, 234, 238, 246, 247, 254, 272, 342, 395, 419, 420, 422, 431, 446, 451], "summary": {"covered_lines": 76, "num_statements": 76, "percent_covered": 100.0, "percent_covered_display": "100", "missing_lines": 0, "excluded_lines": 66}, "missing_lines": [], "excluded_lines": [133, 134, 135, 136, 137, 138, 141, 142, 145, 146, 151, 152, 153, 154, 155, 156, 159, 160, 163, 164, 165, 166, 171, 172, 173, 174, 175, 176, 179, 180, 181, 182, 185, 186, 189, 190, 195, 196, 197, 198, 199, 200, 201, 202, 203, 206, 207, 208, 209, 210, 211, 212, 215, 216, 217, 218, 223, 224, 225, 226, 229, 230, 233, 234, 237, 238]}}, "classes": {"MarketCondition": {"executed_lines": [], "summary": {"covered_lines": 0, "num_statements": 0, "percent_covered": 100.0, "percent_covered_display": "100", "missing_lines": 0, "excluded_lines": 0}, "missing_lines": [], "excluded_lines": []}, "AdaptationTrigger": {"executed_lines": [], "summary": {"covered_lines": 0, "num_statements": 0, "percent_covered": 100.0, "percent_covered_display": "100", "missing_lines": 0, "excluded_lines": 0}, "missing_lines": [], "excluded_lines": []}, "TaskTemplate": {"executed_lines": [81, 85, 86, 88, 91], "summary": {"covered_lines": 5, "num_statements": 8, "percent_covered": 62.5, "percent_covered_display": "62", "missing_lines": 3, "excluded_lines": 0}, "missing_lines": [82, 87, 89], "excluded_lines": []}, "DifficultyScore": {"executed_lines": [], "summary": {"covered_lines": 0, "num_statements": 0, "percent_covered": 100.0, "percent_covered_display": "100", "missing_lines": 0, "excluded_lines": 0}, "missing_lines": [], "excluded_lines": []}, "PerformanceAnalysis": {"executed_lines": [], "summary": {"covered_lines": 0, "num_statements": 0, "percent_covered": 100.0, "percent_covered_display": "100", "missing_lines": 0, "excluded_lines": 0}, "missing_lines": [], "excluded_lines": []}, "MarketContext": {"executed_lines": [], "summary": {"covered_lines": 0, "num_statements": 0, "percent_covered": 100.0, "percent_covered_display": "100", "missing_lines": 0, "excluded_lines": 0}, "missing_lines": [], "excluded_lines": []}, "CurriculumGenerator": {"executed_lines": [], "summary": {"covered_lines": 0, "num_statements": 0, "percent_covered": 100.0, "percent_covered_display": "100", "missing_lines": 0, "excluded_lines": 6}, "missing_lines": [], "excluded_lines": [139, 140, 143, 144, 147, 148]}, "DifficultyAssessor": {"executed_lines": [], "summary": {"covered_lines": 0, "num_statements": 0, "percent_covered": 100.0, "percent_covered_display": "100", "missing_lines": 0, "excluded_lines": 6}, "missing_lines": [], "excluded_lines": [157, 158, 161, 162, 167, 168]}, "ProgressTracker": {"executed_lines": [], "summary": {"covered_lines": 0, "num_statements": 0, "percent_covered": 100.0, "percent_covered_display": "100", "missing_lines": 0, "excluded_lines": 8}, "missing_lines": [], "excluded_lines": [177, 178, 183, 184, 187, 188, 191, 192]}, "AdaptiveEngine": {"executed_lines": [], "summary": {"covered_lines": 0, "num_statements": 0, "percent_covered": 100.0, "percent_covered_display": "100", "missing_lines": 0, "excluded_lines": 6}, "missing_lines": [], "excluded_lines": [204, 205, 213, 214, 219, 220]}, "ContextAnalyzer": {"executed_lines": [], "summary": {"covered_lines": 0, "num_statements": 0, "percent_covered": 100.0, "percent_covered_display": "100", "missing_lines": 0, "excluded_lines": 8}, "missing_lines": [], "excluded_lines": [227, 228, 231, 232, 235, 236, 239, 240]}, "AutomaticCurriculumService": {"executed_lines": [264, 265, 266, 267, 268, 269, 270, 280, 281, 288, 289, 290, 292, 295, 302, 311, 314, 323, 325, 327, 332, 335, 336], "summary": {"covered_lines": 23, "num_statements": 46, "percent_covered": 50.0, "percent_covered_display": "50", "missing_lines": 23, "excluded_lines": 0}, "missing_lines": [303, 308, 317, 318, 338, 340, 351, 352, 355, 356, 357, 358, 361, 367, 373, 374, 380, 386, 389, 393, 399, 400, 402], "excluded_lines": []}, "AutomaticCurriculum": {"executed_lines": [425, 426, 427, 428, 429, 435, 438, 448, 449, 453], "summary": {"covered_lines": 10, "num_statements": 10, "percent_covered": 100.0, "percent_covered_display": "100", "missing_lines": 0, "excluded_lines": 0}, "missing_lines": [], "excluded_lines": []}, "": {"executed_lines": [1, 14, 15, 16, 17, 18, 20, 22, 32, 33, 35, 36, 37, 38, 39, 40, 41, 42, 43, 44, 45, 48, 49, 51, 52, 53, 54, 55, 56, 57, 58, 61, 62, 64, 65, 66, 67, 68, 69, 70, 71, 72, 75, 77, 78, 79, 94, 95, 97, 98, 99, 100, 101, 102, 103, 106, 107, 109, 110, 111, 112, 113, 114, 115, 118, 119, 121, 122, 123, 124, 125, 126, 127, 133, 134, 136, 142, 146, 151, 152, 154, 160, 164, 171, 172, 174, 180, 186, 190, 195, 196, 198, 207, 216, 223, 224, 226, 230, 234, 238, 246, 247, 254, 272, 342, 395, 419, 420, 422, 431, 446, 451], "summary": {"covered_lines": 76, "num_statements": 76, "percent_covered": 100.0, "percent_covered_display": "100", "missing_lines": 0, "excluded_lines": 66}, "missing_lines": [], "excluded_lines": [133, 134, 135, 136, 137, 138, 141, 142, 145, 146, 151, 152, 153, 154, 155, 156, 159, 160, 163, 164, 165, 166, 171, 172, 173, 174, 175, 176, 179, 180, 181, 182, 185, 186, 189, 190, 195, 196, 197, 198, 199, 200, 201, 202, 203, 206, 207, 208, 209, 210, 211, 212, 215, 216, 217, 218, 223, 224, 225, 226, 229, 230, 233, 234, 237, 238]}}}, "src/voyager_trader/curriculum_components.py": {"executed_lines": [1, 14, 15, 16, 17, 18, 19, 20, 22, 24, 32, 46, 48, 50, 52, 55, 57, 62, 73, 88, 91, 92, 97, 100, 103, 106, 107, 110, 111, 112, 115, 118, 121, 124, 127, 130, 131, 134, 139, 140, 142, 143, 144, 152, 155, 156, 158, 160, 161, 163, 165, 172, 174, 178, 182, 194, 195, 201, 203, 204, 205, 210, 212, 214, 393, 397, 398, 405, 409, 410, 411, 416, 417, 423, 429, 434, 435, 436, 437, 439, 444, 449, 451, 452, 454, 456, 458, 461, 462, 463, 466, 469, 471, 473, 474, 475, 476, 478, 482, 499, 503, 505, 507, 533, 534, 540, 542, 543, 545, 550, 553, 556, 559, 565, 575, 578, 579, 580, 582, 584, 594, 599, 606, 609, 611, 613, 616, 619, 622, 624, 626, 628, 631, 634, 637, 639, 641, 643, 646, 648, 649, 652, 653, 655, 658, 659, 665, 667, 668, 669, 671, 675, 678, 681, 684, 687, 690, 692, 702, 706, 708, 726, 727, 728, 730, 733, 734, 737, 738, 739, 747, 750, 758, 761, 762, 763, 764, 768, 770, 771, 774, 777, 779, 780, 784, 787, 789, 791, 795, 797, 798, 800, 801, 803, 804, 806, 807, 809, 812, 813, 819, 821, 822, 824, 831, 833, 834, 836, 837, 857, 864, 866, 868, 870, 887, 889, 893, 895, 901, 902, 903, 905, 907, 913, 914, 915, 919, 935, 936, 942, 944, 945, 947, 949, 952, 953, 954, 955, 956, 957, 958, 960, 970, 973, 974, 976, 979, 982, 984, 986, 988, 989, 991, 992, 994, 997, 999, 1001, 1003, 1004, 1005, 1007, 1009, 1014, 1017, 1018, 1020, 1023, 1025, 1028, 1030, 1033, 1035, 1038, 1040, 1043, 1045, 1049, 1051, 1052, 1054, 1057, 1058, 1060, 1062, 1064, 1066, 1069, 1072, 1075], "summary": {"covered_lines": 282, "num_statements": 372, "percent_covered": 75.80645161290323, "percent_covered_display": "76", "missing_lines": 90, "excluded_lines": 0}, "missing_lines": [49, 51, 58, 59, 64, 65, 66, 67, 68, 69, 70, 93, 94, 101, 146, 147, 148, 149, 150, 166, 167, 168, 171, 176, 180, 184, 185, 190, 191, 412, 413, 430, 431, 440, 441, 467, 510, 512, 515, 517, 520, 522, 523, 524, 525, 527, 530, 647, 742, 743, 745, 766, 775, 782, 785, 842, 844, 846, 847, 851, 853, 855, 871, 872, 874, 876, 877, 878, 880, 882, 883, 884, 885, 917, 923, 925, 927, 928, 929, 930, 932, 977, 980, 995, 1019, 1021, 1055, 1067, 1070, 1073], "excluded_lines": [], "functions": {"_validate_path_input": {"executed_lines": [48, 50, 52], "summary": {"covered_lines": 3, "num_statements": 5, "percent_covered": 60.0, "percent_covered_display": "60", "missing_lines": 2, "excluded_lines": 0}, "missing_lines": [49, 51], "excluded_lines": []}, "_check_directory_traversal": {"executed_lines": [57], "summary": {"covered_lines": 1, "num_statements": 3, "percent_covered": 33.333333333333336, "percent_covered_display": "33", "missing_lines": 2, "excluded_lines": 0}, "missing_lines": [58, 59], "excluded_lines": []}, "_constrain_to_base_dir": {"executed_lines": [], "summary": {"covered_lines": 0, "num_statements": 7, "percent_covered": 0.0, "percent_covered_display": "0", "missing_lines": 7, "excluded_lines": 0}, "missing_lines": [64, 65, 66, 67, 68, 69, 70], "excluded_lines": []}, "sanitize_file_path": {"executed_lines": [88, 91, 92, 97, 100, 103], "summary": {"covered_lines": 6, "num_statements": 9, "percent_covered": 66.66666666666667, "percent_covered_display": "67", "missing_lines": 3, "excluded_lines": 0}, "missing_lines": [93, 94, 101], "excluded_lines": []}, "CurriculumConfig.validate_storage_path": {"executed_lines": [], "summary": {"covered_lines": 0, "num_statements": 5, "percent_covered": 0.0, "percent_covered_display": "0", "missing_lines": 5, "excluded_lines": 0}, "missing_lines": [146, 147, 148, 149, 150], "excluded_lines": []}, "CurriculumCache.__init__": {"executed_lines": [160, 161], "summary": {"covered_lines": 2, "num_statements": 2, "percent_covered": 100.0, "percent_covered_display": "100", "missing_lines": 0, "excluded_lines": 0}, "missing_lines": [], "excluded_lines": []}, "CurriculumCache.get": {"executed_lines": [165, 172], "summary": {"covered_lines": 2, "num_statements": 6, "percent_covered": 33.333333333333336, "percent_covered_display": "33", "missing_lines": 4, "excluded_lines": 0}, "missing_lines": [166, 167, 168, 171], "excluded_lines": []}, "CurriculumCache.set": {"executed_lines": [], "summary": {"covered_lines": 0, "num_statements": 1, "percent_covered": 0.0, "percent_covered_display": "0", "missing_lines": 1, "excluded_lines": 0}, "missing_lines": [176], "excluded_lines": []}, "CurriculumCache.clear": {"executed_lines": [], "summary": {"covered_lines": 0, "num_statements": 1, "percent_covered": 0.0, "percent_covered_display": "0", "missing_lines": 1, "excluded_lines": 0}, "missing_lines": [180], "excluded_lines": []}, "CurriculumCache.cleanup_expired": {"executed_lines": [], "summary": {"covered_lines": 0, "num_statements": 4, "percent_covered": 0.0, "percent_covered_display": "0", "missing_lines": 4, "excluded_lines": 0}, "missing_lines": [184, 185, 190, 191], "excluded_lines": []}, "BasicCurriculumGenerator.__init__": {"executed_lines": [203, 204, 205, 210], "summary": {"covered_lines": 4, "num_statements": 4, "percent_covered": 100.0, "percent_covered_display": "100", "missing_lines": 0, "excluded_lines": 0}, "missing_lines": [], "excluded_lines": []}, "BasicCurriculumGenerator._initialize_task_templates": {"executed_lines": [214], "summary": {"covered_lines": 1, "num_statements": 1, "percent_covered": 100.0, "percent_covered_display": "100", "missing_lines": 0, "excluded_lines": 0}, "missing_lines": [], "excluded_lines": []}, "BasicCurriculumGenerator.generate_task": {"executed_lines": [397, 398, 405, 409, 410, 411, 416, 417, 423, 429, 434, 435, 436, 437, 439, 444, 449, 451, 452], "summary": {"covered_lines": 19, "num_statements": 25, "percent_covered": 76.0, "percent_covered_display": "76", "missing_lines": 6, "excluded_lines": 0}, "missing_lines": [412, 413, 430, 431, 440, 441], "excluded_lines": []}, "BasicCurriculumGenerator.get_task_templates": {"executed_lines": [456], "summary": {"covered_lines": 1, "num_statements": 1, "percent_covered": 100.0, "percent_covered_display": "100", "missing_lines": 0, "excluded_lines": 0}, "missing_lines": [], "excluded_lines": []}, "BasicCurriculumGenerator.validate_task": {"executed_lines": [461, 462, 463, 466, 469], "summary": {"covered_lines": 5, "num_statements": 6, "percent_covered": 83.33333333333333, "percent_covered_display": "83", "missing_lines": 1, "excluded_lines": 0}, "missing_lines": [467], "excluded_lines": []}, "BasicCurriculumGenerator._check_prerequisites": {"executed_lines": [473, 474, 475, 476], "summary": {"covered_lines": 4, "num_statements": 4, "percent_covered": 100.0, "percent_covered_display": "100", "missing_lines": 0, "excluded_lines": 0}, "missing_lines": [], "excluded_lines": []}, "BasicCurriculumGenerator._create_task_from_template": {"executed_lines": [482], "summary": {"covered_lines": 1, "num_statements": 1, "percent_covered": 100.0, "percent_covered_display": "100", "missing_lines": 0, "excluded_lines": 0}, "missing_lines": [], "excluded_lines": []}, "BasicCurriculumGenerator._select_template_by_strategy": {"executed_lines": [503, 505, 507], "summary": {"covered_lines": 3, "num_statements": 14, "percent_covered": 21.428571428571427, "percent_covered_display": "21", "missing_lines": 11, "excluded_lines": 0}, "missing_lines": [510, 512, 515, 517, 520, 522, 523, 524, 525, 527, 530], "excluded_lines": []}, "StandardDifficultyAssessor.__init__": {"executed_lines": [542, 543], "summary": {"covered_lines": 2, "num_statements": 2, "percent_covered": 100.0, "percent_covered_display": "100", "missing_lines": 0, "excluded_lines": 0}, "missing_lines": [], "excluded_lines": []}, "StandardDifficultyAssessor.assess_task_difficulty": {"executed_lines": [550, 553, 556, 559, 565], "summary": {"covered_lines": 5, "num_statements": 5, "percent_covered": 100.0, "percent_covered_display": "100", "missing_lines": 0, "excluded_lines": 0}, "missing_lines": [], "excluded_lines": []}, "StandardDifficultyAssessor.assess_template_difficulty": {"executed_lines": [578, 579, 580, 582, 584], "summary": {"covered_lines": 5, "num_statements": 5, "percent_covered": 100.0, "percent_covered_display": "100", "missing_lines": 0, "excluded_lines": 0}, "missing_lines": [], "excluded_lines": []}, "StandardDifficultyAssessor.is_appropriate_difficulty": {"executed_lines": [599, 606, 609], "summary": {"covered_lines": 3, "num_statements": 3, "percent_covered": 100.0, "percent_covered_display": "100", "missing_lines": 0, "excluded_lines": 0}, "missing_lines": [], "excluded_lines": []}, "StandardDifficultyAssessor._assess_technical_complexity": {"executed_lines": [613, 616, 619, 622, 624], "summary": {"covered_lines": 5, "num_statements": 5, "percent_covered": 100.0, "percent_covered_display": "100", "missing_lines": 0, "excluded_lines": 0}, "missing_lines": [], "excluded_lines": []}, "StandardDifficultyAssessor._assess_market_complexity": {"executed_lines": [628, 631, 634, 637, 639], "summary": {"covered_lines": 5, "num_statements": 5, "percent_covered": 100.0, "percent_covered_display": "100", "missing_lines": 0, "excluded_lines": 0}, "missing_lines": [], "excluded_lines": []}, "StandardDifficultyAssessor._assess_risk_level": {"executed_lines": [643, 646, 648, 649, 652, 653, 655], "summary": {"covered_lines": 7, "num_statements": 8, "percent_covered": 87.5, "percent_covered_display": "88", "missing_lines": 1, "excluded_lines": 0}, "missing_lines": [647], "excluded_lines": []}, "PerformanceProgressTracker.__init__": {"executed_lines": [667, 668, 669], "summary": {"covered_lines": 3, "num_statements": 3, "percent_covered": 100.0, "percent_covered_display": "100", "missing_lines": 0, "excluded_lines": 0}, "missing_lines": [], "excluded_lines": []}, "PerformanceProgressTracker.analyze_performance": {"executed_lines": [675, 678, 681, 684, 687, 690, 692], "summary": {"covered_lines": 7, "num_statements": 7, "percent_covered": 100.0, "percent_covered_display": "100", "missing_lines": 0, "excluded_lines": 0}, "missing_lines": [], "excluded_lines": []}, "PerformanceProgressTracker.track_task_completion": {"executed_lines": [706, 708, 726, 727, 728], "summary": {"covered_lines": 5, "num_statements": 5, "percent_covered": 100.0, "percent_covered_display": "100", "missing_lines": 0, "excluded_lines": 0}, "missing_lines": [], "excluded_lines": []}, "PerformanceProgressTracker.detect_learning_plateau": {"executed_lines": [733, 734, 737, 738, 739], "summary": {"covered_lines": 5, "num_statements": 8, "percent_covered": 62.5, "percent_covered_display": "62", "missing_lines": 3, "excluded_lines": 0}, "missing_lines": [742, 743, 745], "excluded_lines": []}, "PerformanceProgressTracker.get_learning_trends": {"executed_lines": [750], "summary": {"covered_lines": 1, "num_statements": 1, "percent_covered": 100.0, "percent_covered_display": "100", "missing_lines": 0, "excluded_lines": 0}, "missing_lines": [], "excluded_lines": []}, "PerformanceProgressTracker._calculate_trend": {"executed_lines": [761, 762, 763, 764], "summary": {"covered_lines": 4, "num_statements": 5, "percent_covered": 80.0, "percent_covered_display": "80", "missing_lines": 1, "excluded_lines": 0}, "missing_lines": [766], "excluded_lines": []}, "PerformanceProgressTracker._analyze_skill_performance": {"executed_lines": [770, 771, 774, 777, 779, 780, 784, 787, 789], "summary": {"covered_lines": 9, "num_statements": 12, "percent_covered": 75.0, "percent_covered_display": "75", "missing_lines": 3, "excluded_lines": 0}, "missing_lines": [775, 782, 785], "excluded_lines": []}, "PerformanceProgressTracker._generate_recommendations": {"executed_lines": [795, 797, 798, 800, 801, 803, 804, 806, 807, 809], "summary": {"covered_lines": 10, "num_statements": 10, "percent_covered": 100.0, "percent_covered_display": "100", "missing_lines": 0, "excluded_lines": 0}, "missing_lines": [], "excluded_lines": []}, "AdaptiveLogicEngine.__init__": {"executed_lines": [821, 822], "summary": {"covered_lines": 2, "num_statements": 2, "percent_covered": 100.0, "percent_covered_display": "100", "missing_lines": 0, "excluded_lines": 0}, "missing_lines": [], "excluded_lines": []}, "AdaptiveLogicEngine.should_adapt_curriculum": {"executed_lines": [831, 833, 834, 836, 837], "summary": {"covered_lines": 5, "num_statements": 12, "percent_covered": 41.666666666666664, "percent_covered_display": "42", "missing_lines": 7, "excluded_lines": 0}, "missing_lines": [842, 844, 846, 847, 851, 853, 855], "excluded_lines": []}, "AdaptiveLogicEngine.adapt_curriculum": {"executed_lines": [864, 866, 868, 870, 887], "summary": {"covered_lines": 5, "num_statements": 16, "percent_covered": 31.25, "percent_covered_display": "31", "missing_lines": 11, "excluded_lines": 0}, "missing_lines": [871, 872, 874, 876, 877, 878, 880, 882, 883, 884, 885], "excluded_lines": []}, "AdaptiveLogicEngine.suggest_difficulty_adjustment": {"executed_lines": [893, 895, 901, 902, 903, 905, 907, 913, 914, 915], "summary": {"covered_lines": 10, "num_statements": 11, "percent_covered": 90.9090909090909, "percent_covered_display": "91", "missing_lines": 1, "excluded_lines": 0}, "missing_lines": [917], "excluded_lines": []}, "AdaptiveLogicEngine._suggest_strategy_change": {"executed_lines": [], "summary": {"covered_lines": 0, "num_statements": 7, "percent_covered": 0.0, "percent_covered_display": "0", "missing_lines": 7, "excluded_lines": 0}, "missing_lines": [923, 925, 927, 928, 929, 930, 932], "excluded_lines": []}, "MarketContextAnalyzer.__init__": {"executed_lines": [944, 945], "summary": {"covered_lines": 2, "num_statements": 2, "percent_covered": 100.0, "percent_covered_display": "100", "missing_lines": 0, "excluded_lines": 0}, "missing_lines": [], "excluded_lines": []}, "MarketContextAnalyzer.analyze_market_context": {"executed_lines": [949, 952, 953, 954, 955, 956, 957, 958, 960], "summary": {"covered_lines": 9, "num_statements": 9, "percent_covered": 100.0, "percent_covered_display": "100", "missing_lines": 0, "excluded_lines": 0}, "missing_lines": [], "excluded_lines": []}, "MarketContextAnalyzer.is_suitable_for_learning": {"executed_lines": [973, 974, 976, 979, 982], "summary": {"covered_lines": 5, "num_statements": 7, "percent_covered": 71.42857142857143, "percent_covered_display": "71", "missing_lines": 2, "excluded_lines": 0}, "missing_lines": [977, 980], "excluded_lines": []}, "MarketContextAnalyzer.get_recommended_task_types": {"executed_lines": [986, 988, 989, 991, 992, 994, 997], "summary": {"covered_lines": 7, "num_statements": 8, "percent_covered": 87.5, "percent_covered_display": "88", "missing_lines": 1, "excluded_lines": 0}, "missing_lines": [995], "excluded_lines": []}, "MarketContextAnalyzer.assess_risk_level": {"executed_lines": [1001, 1003, 1004, 1005, 1007], "summary": {"covered_lines": 5, "num_statements": 5, "percent_covered": 100.0, "percent_covered_display": "100", "missing_lines": 0, "excluded_lines": 0}, "missing_lines": [], "excluded_lines": []}, "MarketContextAnalyzer._detect_market_conditions": {"executed_lines": [1014, 1017, 1018, 1020, 1023], "summary": {"covered_lines": 5, "num_statements": 7, "percent_covered": 71.42857142857143, "percent_covered_display": "71", "missing_lines": 2, "excluded_lines": 0}, "missing_lines": [1019, 1021], "excluded_lines": []}, "MarketContextAnalyzer._calculate_volatility": {"executed_lines": [1028], "summary": {"covered_lines": 1, "num_statements": 1, "percent_covered": 100.0, "percent_covered_display": "100", "missing_lines": 0, "excluded_lines": 0}, "missing_lines": [], "excluded_lines": []}, "MarketContextAnalyzer._calculate_trend_strength": {"executed_lines": [1033], "summary": {"covered_lines": 1, "num_statements": 1, "percent_covered": 100.0, "percent_covered_display": "100", "missing_lines": 0, "excluded_lines": 0}, "missing_lines": [], "excluded_lines": []}, "MarketContextAnalyzer._assess_liquidity": {"executed_lines": [1038], "summary": {"covered_lines": 1, "num_statements": 1, "percent_covered": 100.0, "percent_covered_display": "100", "missing_lines": 0, "excluded_lines": 0}, "missing_lines": [], "excluded_lines": []}, "MarketContextAnalyzer._assess_news_impact": {"executed_lines": [1043], "summary": {"covered_lines": 1, "num_statements": 1, "percent_covered": 100.0, "percent_covered_display": "100", "missing_lines": 0, "excluded_lines": 0}, "missing_lines": [], "excluded_lines": []}, "MarketContextAnalyzer._identify_suitable_strategies": {"executed_lines": [1049, 1051, 1052, 1054, 1057, 1058, 1060], "summary": {"covered_lines": 7, "num_statements": 8, "percent_covered": 87.5, "percent_covered_display": "88", "missing_lines": 1, "excluded_lines": 0}, "missing_lines": [1055], "excluded_lines": []}, "MarketContextAnalyzer._identify_risk_factors": {"executed_lines": [1064, 1066, 1069, 1072, 1075], "summary": {"covered_lines": 5, "num_statements": 8, "percent_covered": 62.5, "percent_covered_display": "62", "missing_lines": 3, "excluded_lines": 0}, "missing_lines": [1067, 1070, 1073], "excluded_lines": []}, "": {"executed_lines": [1, 14, 15, 16, 17, 18, 19, 20, 22, 24, 32, 46, 55, 62, 73, 106, 107, 110, 111, 112, 115, 118, 121, 124, 127, 130, 131, 134, 139, 140, 142, 143, 144, 152, 155, 156, 158, 163, 174, 178, 182, 194, 195, 201, 212, 393, 454, 458, 471, 478, 499, 533, 534, 540, 545, 575, 594, 611, 626, 641, 658, 659, 665, 671, 702, 730, 747, 758, 768, 791, 812, 813, 819, 824, 857, 889, 919, 935, 936, 942, 947, 970, 984, 999, 1009, 1025, 1030, 1035, 1040, 1045, 1062], "summary": {"covered_lines": 83, "num_statements": 83, "percent_covered": 100.0, "percent_covered_display": "100", "missing_lines": 0, "excluded_lines": 0}, "missing_lines": [], "excluded_lines": []}}, "classes": {"CurriculumConfig": {"executed_lines": [], "summary": {"covered_lines": 0, "num_statements": 5, "percent_covered": 0.0, "percent_covered_display": "0", "missing_lines": 5, "excluded_lines": 0}, "missing_lines": [146, 147, 148, 149, 150], "excluded_lines": []}, "CurriculumCache": {"executed_lines": [160, 161, 165, 172], "summary": {"covered_lines": 4, "num_statements": 14, "percent_covered": 28.571428571428573, "percent_covered_display": "29", "missing_lines": 10, "excluded_lines": 0}, "missing_lines": [166, 167, 168, 171, 176, 180, 184, 185, 190, 191], "excluded_lines": []}, "BasicCurriculumGenerator": {"executed_lines": [203, 204, 205, 210, 214, 397, 398, 405, 409, 410, 411, 416, 417, 423, 429, 434, 435, 436, 437, 439, 444, 449, 451, 452, 456, 461, 462, 463, 466, 469, 473, 474, 475, 476, 482, 503, 505, 507], "summary": {"covered_lines": 38, "num_statements": 56, "percent_covered": 67.85714285714286, "percent_covered_display": "68", "missing_lines": 18, "excluded_lines": 0}, "missing_lines": [412, 413, 430, 431, 440, 441, 467, 510, 512, 515, 517, 520, 522, 523, 524, 525, 527, 530], "excluded_lines": []}, "StandardDifficultyAssessor": {"executed_lines": [542, 543, 550, 553, 556, 559, 565, 578, 579, 580, 582, 584, 599, 606, 609, 613, 616, 619, 622, 624, 628, 631, 634, 637, 639, 643, 646, 648, 649, 652, 653, 655], "summary": {"covered_lines": 32, "num_statements": 33, "percent_covered": 96.96969696969697, "percent_covered_display": "97", "missing_lines": 1, "excluded_lines": 0}, "missing_lines": [647], "excluded_lines": []}, "PerformanceProgressTracker": {"executed_lines": [667, 668, 669, 675, 678, 681, 684, 687, 690, 692, 706, 708, 726, 727, 728, 733, 734, 737, 738, 739, 750, 761, 762, 763, 764, 770, 771, 774, 777, 779, 780, 784, 787, 789, 795, 797, 798, 800, 801, 803, 804, 806, 807, 809], "summary": {"covered_lines": 44, "num_statements": 51, "percent_covered": 86.27450980392157, "percent_covered_display": "86", "missing_lines": 7, "excluded_lines": 0}, "missing_lines": [742, 743, 745, 766, 775, 782, 785], "excluded_lines": []}, "AdaptiveLogicEngine": {"executed_lines": [821, 822, 831, 833, 834, 836, 837, 864, 866, 868, 870, 887, 893, 895, 901, 902, 903, 905, 907, 913, 914, 915], "summary": {"covered_lines": 22, "num_statements": 48, "percent_covered": 45.833333333333336, "percent_covered_display": "46", "missing_lines": 26, "excluded_lines": 0}, "missing_lines": [842, 844, 846, 847, 851, 853, 855, 871, 872, 874, 876, 877, 878, 880, 882, 883, 884, 885, 917, 923, 925, 927, 928, 929, 930, 932], "excluded_lines": []}, "MarketContextAnalyzer": {"executed_lines": [944, 945, 949, 952, 953, 954, 955, 956, 957, 958, 960, 973, 974, 976, 979, 982, 986, 988, 989, 991, 992, 994, 997, 1001, 1003, 1004, 1005, 1007, 1014, 1017, 1018, 1020, 1023, 1028, 1033, 1038, 1043, 1049, 1051, 1052, 1054, 1057, 1058, 1060, 1064, 1066, 1069, 1072, 1075], "summary": {"covered_lines": 49, "num_statements": 58, "percent_covered": 84.48275862068965, "percent_covered_display": "84", "missing_lines": 9, "excluded_lines": 0}, "missing_lines": [977, 980, 995, 1019, 1021, 1055, 1067, 1070, 1073], "excluded_lines": []}, "": {"executed_lines": [1, 14, 15, 16, 17, 18, 19, 20, 22, 24, 32, 46, 48, 50, 52, 55, 57, 62, 73, 88, 91, 92, 97, 100, 103, 106, 107, 110, 111, 112, 115, 118, 121, 124, 127, 130, 131, 134, 139, 140, 142, 143, 144, 152, 155, 156, 158, 163, 174, 178, 182, 194, 195, 201, 212, 393, 454, 458, 471, 478, 499, 533, 534, 540, 545, 575, 594, 611, 626, 641, 658, 659, 665, 671, 702, 730, 747, 758, 768, 791, 812, 813, 819, 824, 857, 889, 919, 935, 936, 942, 947, 970, 984, 999, 1009, 1025, 1030, 1035, 1040, 1045, 1062], "summary": {"covered_lines": 93, "num_statements": 107, "percent_covered": 86.91588785046729, "percent_covered_display": "87", "missing_lines": 14, "excluded_lines": 0}, "missing_lines": [49, 51, 58, 59, 64, 65, 66, 67, 68, 69, 70, 93, 94, 101], "excluded_lines": []}}}, "src/voyager_trader/curriculum_service.py": {"executed_lines": [1, 8, 9, 10, 11, 12, 13, 15, 16, 24, 27, 28, 35, 40, 41, 42, 43, 44, 46, 50, 52, 63, 64, 65, 67, 69, 71, 73, 74, 75, 77, 78, 79, 81, 82, 88, 92, 101, 102, 103, 105, 107, 109, 111, 112, 114, 115, 116, 117, 118, 119, 121, 122, 128, 130, 135, 136, 137, 138, 140, 142, 163, 165, 191, 193, 227, 260, 296, 339, 340, 347, 350, 351, 352, 353, 354, 357, 367, 368, 369, 370, 372, 381, 384, 386, 390, 391, 393, 397, 399, 402, 404, 431, 437, 439, 442, 443, 444, 447, 448, 456, 465, 470, 518, 522, 524, 545, 547, 584, 596, 603, 604, 606], "summary": {"covered_lines": 110, "num_statements": 204, "percent_covered": 53.92156862745098, "percent_covered_display": "54", "missing_lines": 94, "excluded_lines": 0}, "missing_lines": [84, 85, 86, 124, 125, 126, 229, 231, 233, 234, 237, 239, 241, 242, 243, 244, 247, 248, 253, 254, 255, 257, 258, 262, 264, 265, 267, 268, 273, 274, 277, 279, 282, 285, 286, 287, 289, 293, 294, 298, 307, 308, 309, 311, 312, 313, 314, 315, 318, 319, 322, 323, 324, 325, 326, 327, 328, 331, 333, 334, 336, 387, 388, 400, 414, 419, 422, 423, 427, 429, 435, 449, 450, 451, 452, 453, 454, 467, 468, 474, 476, 478, 479, 503, 504, 505, 506, 508, 511, 513, 514, 516, 549, 551], "excluded_lines": [], "functions": {"CurriculumPersistenceService.__init__": {"executed_lines": [40, 41, 42, 43, 44], "summary": {"covered_lines": 5, "num_statements": 5, "percent_covered": 100.0, "percent_covered_display": "100", "missing_lines": 0, "excluded_lines": 0}, "missing_lines": [], "excluded_lines": []}, "CurriculumPersistenceService.save_curriculum_state": {"executed_lines": [50, 52, 63, 64, 65, 67], "summary": {"covered_lines": 6, "num_statements": 6, "percent_covered": 100.0, "percent_covered_display": "100", "missing_lines": 0, "excluded_lines": 0}, "missing_lines": [], "excluded_lines": []}, "CurriculumPersistenceService.load_curriculum_state": {"executed_lines": [71, 73, 74, 75, 77, 78, 79, 81, 82], "summary": {"covered_lines": 9, "num_statements": 12, "percent_covered": 75.0, "percent_covered_display": "75", "missing_lines": 3, "excluded_lines": 0}, "missing_lines": [84, 85, 86], "excluded_lines": []}, "CurriculumPersistenceService.save_task_completion": {"executed_lines": [92, 101, 102, 103, 105], "summary": {"covered_lines": 5, "num_statements": 5, "percent_covered": 100.0, "percent_covered_display": "100", "missing_lines": 0, "excluded_lines": 0}, "missing_lines": [], "excluded_lines": []}, "CurriculumPersistenceService.load_task_history": {"executed_lines": [109, 111, 112, 114, 115, 116, 117, 118, 119, 121, 122], "summary": {"covered_lines": 11, "num_statements": 14, "percent_covered": 78.57142857142857, "percent_covered_display": "79", "missing_lines": 3, "excluded_lines": 0}, "missing_lines": [124, 125, 126], "excluded_lines": []}, "CurriculumPersistenceService.clear_agent_data": {"executed_lines": [130, 135, 136, 137, 138], "summary": {"covered_lines": 5, "num_statements": 5, "percent_covered": 100.0, "percent_covered_display": "100", "missing_lines": 0, "excluded_lines": 0}, "missing_lines": [], "excluded_lines": []}, "CurriculumPersistenceService._serialize_agent": {"executed_lines": [142], "summary": {"covered_lines": 1, "num_statements": 1, "percent_covered": 100.0, "percent_covered_display": "100", "missing_lines": 0, "excluded_lines": 0}, "missing_lines": [], "excluded_lines": []}, "CurriculumPersistenceService._serialize_curriculum": {"executed_lines": [165], "summary": {"covered_lines": 1, "num_statements": 1, "percent_covered": 100.0, "percent_covered_display": "100", "missing_lines": 0, "excluded_lines": 0}, "missing_lines": [], "excluded_lines": []}, "CurriculumPersistenceService._serialize_task": {"executed_lines": [193], "summary": {"covered_lines": 1, "num_statements": 1, "percent_covered": 100.0, "percent_covered_display": "100", "missing_lines": 0, "excluded_lines": 0}, "missing_lines": [], "excluded_lines": []}, "CurriculumPersistenceService.cleanup_old_files": {"executed_lines": [], "summary": {"covered_lines": 0, "num_statements": 17, "percent_covered": 0.0, "percent_covered_display": "0", "missing_lines": 17, "excluded_lines": 0}, "missing_lines": [229, 231, 233, 234, 237, 239, 241, 242, 243, 244, 247, 248, 253, 254, 255, 257, 258], "excluded_lines": []}, "CurriculumPersistenceService._rotate_history_file": {"executed_lines": [], "summary": {"covered_lines": 0, "num_statements": 16, "percent_covered": 0.0, "percent_covered_display": "0", "missing_lines": 16, "excluded_lines": 0}, "missing_lines": [262, 264, 265, 267, 268, 273, 274, 277, 279, 282, 285, 286, 287, 289, 293, 294], "excluded_lines": []}, "CurriculumPersistenceService.get_storage_stats": {"executed_lines": [], "summary": {"covered_lines": 0, "num_statements": 22, "percent_covered": 0.0, "percent_covered_display": "0", "missing_lines": 22, "excluded_lines": 0}, "missing_lines": [298, 307, 308, 309, 311, 312, 313, 314, 315, 318, 319, 322, 323, 324, 325, 326, 327, 328, 331, 333, 334, 336], "excluded_lines": []}, "ResumableCurriculumService.__init__": {"executed_lines": [350, 351, 352, 353, 354, 357, 367, 368, 369, 370], "summary": {"covered_lines": 10, "num_statements": 10, "percent_covered": 100.0, "percent_covered_display": "100", "missing_lines": 0, "excluded_lines": 0}, "missing_lines": [], "excluded_lines": []}, "ResumableCurriculumService.initialize_or_resume_curriculum": {"executed_lines": [381, 384, 386, 390, 391], "summary": {"covered_lines": 5, "num_statements": 7, "percent_covered": 71.42857142857143, "percent_covered_display": "71", "missing_lines": 2, "excluded_lines": 0}, "missing_lines": [387, 388], "excluded_lines": []}, "ResumableCurriculumService.generate_next_task_with_persistence": {"executed_lines": [397, 399, 402], "summary": {"covered_lines": 3, "num_statements": 4, "percent_covered": 75.0, "percent_covered_display": "75", "missing_lines": 1, "excluded_lines": 0}, "missing_lines": [400], "excluded_lines": []}, "ResumableCurriculumService.complete_task_with_persistence": {"executed_lines": [], "summary": {"covered_lines": 0, "num_statements": 6, "percent_covered": 0.0, "percent_covered_display": "0", "missing_lines": 6, "excluded_lines": 0}, "missing_lines": [414, 419, 422, 423, 427, 429], "excluded_lines": []}, "ResumableCurriculumService.save_current_state": {"executed_lines": [], "summary": {"covered_lines": 0, "num_statements": 1, "percent_covered": 0.0, "percent_covered_display": "0", "missing_lines": 1, "excluded_lines": 0}, "missing_lines": [435], "excluded_lines": []}, "ResumableCurriculumService.get_curriculum_history": {"executed_lines": [439, 442, 443, 444, 447, 448, 456], "summary": {"covered_lines": 7, "num_statements": 13, "percent_covered": 53.84615384615385, "percent_covered_display": "54", "missing_lines": 6, "excluded_lines": 0}, "missing_lines": [449, 450, 451, 452, 453, 454], "excluded_lines": []}, "ResumableCurriculumService.cleanup_agent_data": {"executed_lines": [], "summary": {"covered_lines": 0, "num_statements": 2, "percent_covered": 0.0, "percent_covered_display": "0", "missing_lines": 2, "excluded_lines": 0}, "missing_lines": [467, 468], "excluded_lines": []}, "ResumableCurriculumService._resume_from_state": {"executed_lines": [], "summary": {"covered_lines": 0, "num_statements": 13, "percent_covered": 0.0, "percent_covered_display": "0", "missing_lines": 13, "excluded_lines": 0}, "missing_lines": [474, 476, 478, 479, 503, 504, 505, 506, 508, 511, 513, 514, 516], "excluded_lines": []}, "ResumableCurriculumService._initialize_new_curriculum": {"executed_lines": [522, 524, 545], "summary": {"covered_lines": 3, "num_statements": 3, "percent_covered": 100.0, "percent_covered_display": "100", "missing_lines": 0, "excluded_lines": 0}, "missing_lines": [], "excluded_lines": []}, "ResumableCurriculumService._deserialize_task": {"executed_lines": [], "summary": {"covered_lines": 0, "num_statements": 2, "percent_covered": 0.0, "percent_covered_display": "0", "missing_lines": 2, "excluded_lines": 0}, "missing_lines": [549, 551], "excluded_lines": []}, "create_curriculum_service": {"executed_lines": [596, 603, 604, 606], "summary": {"covered_lines": 4, "num_statements": 4, "percent_covered": 100.0, "percent_covered_display": "100", "missing_lines": 0, "excluded_lines": 0}, "missing_lines": [], "excluded_lines": []}, "": {"executed_lines": [1, 8, 9, 10, 11, 12, 13, 15, 16, 24, 27, 28, 35, 46, 69, 88, 107, 128, 140, 163, 191, 227, 260, 296, 339, 340, 347, 372, 393, 404, 431, 437, 465, 470, 518, 547, 584], "summary": {"covered_lines": 34, "num_statements": 34, "percent_covered": 100.0, "percent_covered_display": "100", "missing_lines": 0, "excluded_lines": 0}, "missing_lines": [], "excluded_lines": []}}, "classes": {"CurriculumPersistenceService": {"executed_lines": [40, 41, 42, 43, 44, 50, 52, 63, 64, 65, 67, 71, 73, 74, 75, 77, 78, 79, 81, 82, 92, 101, 102, 103, 105, 109, 111, 112, 114, 115, 116, 117, 118, 119, 121, 122, 130, 135, 136, 137, 138, 142, 165, 193], "summary": {"covered_lines": 44, "num_statements": 105, "percent_covered": 41.904761904761905, "percent_covered_display": "42", "missing_lines": 61, "excluded_lines": 0}, "missing_lines": [84, 85, 86, 124, 125, 126, 229, 231, 233, 234, 237, 239, 241, 242, 243, 244, 247, 248, 253, 254, 255, 257, 258, 262, 264, 265, 267, 268, 273, 274, 277, 279, 282, 285, 286, 287, 289, 293, 294, 298, 307, 308, 309, 311, 312, 313, 314, 315, 318, 319, 322, 323, 324, 325, 326, 327, 328, 331, 333, 334, 336], "excluded_lines": []}, "ResumableCurriculumService": {"executed_lines": [350, 351, 352, 353, 354, 357, 367, 368, 369, 370, 381, 384, 386, 390, 391, 397, 399, 402, 439, 442, 443, 444, 447, 448, 456, 522, 524, 545], "summary": {"covered_lines": 28, "num_statements": 61, "percent_covered": 45.90163934426229, "percent_covered_display": "46", "missing_lines": 33, "excluded_lines": 0}, "missing_lines": [387, 388, 400, 414, 419, 422, 423, 427, 429, 435, 449, 450, 451, 452, 453, 454, 467, 468, 474, 476, 478, 479, 503, 504, 505, 506, 508, 511, 513, 514, 516, 549, 551], "excluded_lines": []}, "": {"executed_lines": [1, 8, 9, 10, 11, 12, 13, 15, 16, 24, 27, 28, 35, 46, 69, 88, 107, 128, 140, 163, 191, 227, 260, 296, 339, 340, 347, 372, 393, 404, 431, 437, 465, 470, 518, 547, 584, 596, 603, 604, 606], "summary": {"covered_lines": 38, "num_statements": 38, "percent_covered": 100.0, "percent_covered_display": "100", "missing_lines": 0, "excluded_lines": 0}, "missing_lines": [], "excluded_lines": []}}}, "src/voyager_trader/models/__init__.py": {"executed_lines": [1, 19, 30, 42, 53, 64, 78, 90, 110, 186, 191], "summary": {"covered_lines": 10, "num_statements": 12, "percent_covered": 83.33333333333333, "percent_covered_display": "83", "missing_lines": 2, "excluded_lines": 0}, "missing_lines": [188, 193], "excluded_lines": [], "functions": {"get_model_version": {"executed_lines": [], "summary": {"covered_lines": 0, "num_statements": 1, "percent_covered": 0.0, "percent_covered_display": "0", "missing_lines": 1, "excluded_lines": 0}, "missing_lines": [188], "excluded_lines": []}, "get_model_info": {"executed_lines": [], "summary": {"covered_lines": 0, "num_statements": 1, "percent_covered": 0.0, "percent_covered_display": "0", "missing_lines": 1, "excluded_lines": 0}, "missing_lines": [193], "excluded_lines": []}, "": {"executed_lines": [1, 19, 30, 42, 53, 64, 78, 90, 110, 186, 191], "summary": {"covered_lines": 10, "num_statements": 10, "percent_covered": 100.0, "percent_covered_display": "100", "missing_lines": 0, "excluded_lines": 0}, "missing_lines": [], "excluded_lines": []}}, "classes": {"": {"executed_lines": [1, 19, 30, 42, 53, 64, 78, 90, 110, 186, 191], "summary": {"covered_lines": 10, "num_statements": 12, "percent_covered": 83.33333333333333, "percent_covered_display": "83", "missing_lines": 2, "excluded_lines": 0}, "missing_lines": [188, 193], "excluded_lines": []}}}, "src/voyager_trader/models/base.py": {"executed_lines": [1, 8, 9, 10, 11, 13, 15, 18, 19, 21, 37, 38, 45, 49, 53, 57, 59, 61, 62, 63, 65, 67, 69, 77, 78, 79, 80, 84, 86, 91, 94, 95, 102, 104, 106, 108, 110, 113, 114, 121, 122, 130, 131, 140, 141, 148, 152, 156, 159, 161, 162, 167, 168, 175, 176, 179, 180, 183, 184, 188, 189, 196, 197, 200, 202, 204, 206, 208, 210, 213, 214, 216, 217, 218, 220, 221, 224, 225, 227, 228, 229, 231, 232, 235, 236, 238, 239, 241, 242], "summary": {"covered_lines": 66, "num_statements": 70, "percent_covered": 94.28571428571429, "percent_covered_display": "94", "missing_lines": 4, "excluded_lines": 28}, "missing_lines": [81, 82, 105, 164], "excluded_lines": [121, 122, 123, 124, 125, 126, 127, 128, 130, 131, 132, 133, 134, 135, 136, 137, 175, 176, 177, 179, 180, 181, 183, 184, 185, 196, 197, 198], "functions": {"BaseEntity.__eq__": {"executed_lines": [61, 62, 63], "summary": {"covered_lines": 3, "num_statements": 3, "percent_covered": 100.0, "percent_covered_display": "100", "missing_lines": 0, "excluded_lines": 0}, "missing_lines": [], "excluded_lines": []}, "BaseEntity.__hash__": {"executed_lines": [67], "summary": {"covered_lines": 1, "num_statements": 1, "percent_covered": 100.0, "percent_covered_display": "100", "missing_lines": 0, "excluded_lines": 0}, "missing_lines": [], "excluded_lines": []}, "BaseEntity.update": {"executed_lines": [77, 78, 79, 80, 84, 86, 91], "summary": {"covered_lines": 7, "num_statements": 9, "percent_covered": 77.77777777777777, "percent_covered_display": "78", "missing_lines": 2, "excluded_lines": 0}, "missing_lines": [81, 82], "excluded_lines": []}, "ValueObject.__eq__": {"executed_lines": [104, 106], "summary": {"covered_lines": 2, "num_statements": 3, "percent_covered": 66.66666666666667, "percent_covered_display": "67", "missing_lines": 1, "excluded_lines": 0}, "missing_lines": [105], "excluded_lines": []}, "ValueObject.__hash__": {"executed_lines": [110], "summary": {"covered_lines": 1, "num_statements": 1, "percent_covered": 100.0, "percent_covered_display": "100", "missing_lines": 0, "excluded_lines": 0}, "missing_lines": [], "excluded_lines": []}, "AggregateRoot.is_valid": {"executed_lines": [], "summary": {"covered_lines": 0, "num_statements": 0, "percent_covered": 100.0, "percent_covered_display": "100", "missing_lines": 0, "excluded_lines": 6}, "missing_lines": [], "excluded_lines": [123, 124, 125, 126, 127, 128]}, "AggregateRoot.get_domain_events": {"executed_lines": [], "summary": {"covered_lines": 0, "num_statements": 0, "percent_covered": 100.0, "percent_covered_display": "100", "missing_lines": 0, "excluded_lines": 6}, "missing_lines": [], "excluded_lines": [132, 133, 134, 135, 136, 137]}, "DomainEvent.get_event_type": {"executed_lines": [], "summary": {"covered_lines": 0, "num_statements": 1, "percent_covered": 0.0, "percent_covered_display": "0", "missing_lines": 1, "excluded_lines": 0}, "missing_lines": [164], "excluded_lines": []}, "Repository.find_by_id": {"executed_lines": [], "summary": {"covered_lines": 0, "num_statements": 0, "percent_covered": 100.0, "percent_covered_display": "100", "missing_lines": 0, "excluded_lines": 1}, "missing_lines": [], "excluded_lines": [177]}, "Repository.save": {"executed_lines": [], "summary": {"covered_lines": 0, "num_statements": 0, "percent_covered": 100.0, "percent_covered_display": "100", "missing_lines": 0, "excluded_lines": 1}, "missing_lines": [], "excluded_lines": [181]}, "Repository.delete": {"executed_lines": [], "summary": {"covered_lines": 0, "num_statements": 0, "percent_covered": 100.0, "percent_covered_display": "100", "missing_lines": 0, "excluded_lines": 1}, "missing_lines": [], "excluded_lines": [185]}, "Specification.is_satisfied_by": {"executed_lines": [], "summary": {"covered_lines": 0, "num_statements": 0, "percent_covered": 100.0, "percent_covered_display": "100", "missing_lines": 0, "excluded_lines": 1}, "missing_lines": [], "excluded_lines": [198]}, "Specification.and_": {"executed_lines": [202], "summary": {"covered_lines": 1, "num_statements": 1, "percent_covered": 100.0, "percent_covered_display": "100", "missing_lines": 0, "excluded_lines": 0}, "missing_lines": [], "excluded_lines": []}, "Specification.or_": {"executed_lines": [206], "summary": {"covered_lines": 1, "num_statements": 1, "percent_covered": 100.0, "percent_covered_display": "100", "missing_lines": 0, "excluded_lines": 0}, "missing_lines": [], "excluded_lines": []}, "Specification.not_": {"executed_lines": [210], "summary": {"covered_lines": 1, "num_statements": 1, "percent_covered": 100.0, "percent_covered_display": "100", "missing_lines": 0, "excluded_lines": 0}, "missing_lines": [], "excluded_lines": []}, "AndSpecification.__init__": {"executed_lines": [217, 218], "summary": {"covered_lines": 2, "num_statements": 2, "percent_covered": 100.0, "percent_covered_display": "100", "missing_lines": 0, "excluded_lines": 0}, "missing_lines": [], "excluded_lines": []}, "AndSpecification.is_satisfied_by": {"executed_lines": [221], "summary": {"covered_lines": 1, "num_statements": 1, "percent_covered": 100.0, "percent_covered_display": "100", "missing_lines": 0, "excluded_lines": 0}, "missing_lines": [], "excluded_lines": []}, "OrSpecification.__init__": {"executed_lines": [228, 229], "summary": {"covered_lines": 2, "num_statements": 2, "percent_covered": 100.0, "percent_covered_display": "100", "missing_lines": 0, "excluded_lines": 0}, "missing_lines": [], "excluded_lines": []}, "OrSpecification.is_satisfied_by": {"executed_lines": [232], "summary": {"covered_lines": 1, "num_statements": 1, "percent_covered": 100.0, "percent_covered_display": "100", "missing_lines": 0, "excluded_lines": 0}, "missing_lines": [], "excluded_lines": []}, "NotSpecification.__init__": {"executed_lines": [239], "summary": {"covered_lines": 1, "num_statements": 1, "percent_covered": 100.0, "percent_covered_display": "100", "missing_lines": 0, "excluded_lines": 0}, "missing_lines": [], "excluded_lines": []}, "NotSpecification.is_satisfied_by": {"executed_lines": [242], "summary": {"covered_lines": 1, "num_statements": 1, "percent_covered": 100.0, "percent_covered_display": "100", "missing_lines": 0, "excluded_lines": 0}, "missing_lines": [], "excluded_lines": []}, "": {"executed_lines": [1, 8, 9, 10, 11, 13, 15, 18, 19, 21, 37, 38, 45, 49, 53, 57, 59, 65, 69, 94, 95, 102, 108, 113, 114, 121, 122, 130, 131, 140, 141, 148, 152, 156, 159, 161, 162, 167, 168, 175, 176, 179, 180, 183, 184, 188, 189, 196, 197, 200, 204, 208, 213, 214, 216, 220, 224, 225, 227, 231, 235, 236, 238, 241], "summary": {"covered_lines": 41, "num_statements": 41, "percent_covered": 100.0, "percent_covered_display": "100", "missing_lines": 0, "excluded_lines": 12}, "missing_lines": [], "excluded_lines": [121, 122, 130, 131, 175, 176, 179, 180, 183, 184, 196, 197]}}, "classes": {"VoyagerBaseModel": {"executed_lines": [], "summary": {"covered_lines": 0, "num_statements": 0, "percent_covered": 100.0, "percent_covered_display": "100", "missing_lines": 0, "excluded_lines": 0}, "missing_lines": [], "excluded_lines": []}, "BaseEntity": {"executed_lines": [61, 62, 63, 67, 77, 78, 79, 80, 84, 86, 91], "summary": {"covered_lines": 11, "num_statements": 13, "percent_covered": 84.61538461538461, "percent_covered_display": "85", "missing_lines": 2, "excluded_lines": 0}, "missing_lines": [81, 82], "excluded_lines": []}, "ValueObject": {"executed_lines": [104, 106, 110], "summary": {"covered_lines": 3, "num_statements": 4, "percent_covered": 75.0, "percent_covered_display": "75", "missing_lines": 1, "excluded_lines": 0}, "missing_lines": [105], "excluded_lines": []}, "AggregateRoot": {"executed_lines": [], "summary": {"covered_lines": 0, "num_statements": 0, "percent_covered": 100.0, "percent_covered_display": "100", "missing_lines": 0, "excluded_lines": 12}, "missing_lines": [], "excluded_lines": [123, 124, 125, 126, 127, 128, 132, 133, 134, 135, 136, 137]}, "DomainEvent": {"executed_lines": [], "summary": {"covered_lines": 0, "num_statements": 1, "percent_covered": 0.0, "percent_covered_display": "0", "missing_lines": 1, "excluded_lines": 0}, "missing_lines": [164], "excluded_lines": []}, "Repository": {"executed_lines": [], "summary": {"covered_lines": 0, "num_statements": 0, "percent_covered": 100.0, "percent_covered_display": "100", "missing_lines": 0, "excluded_lines": 3}, "missing_lines": [], "excluded_lines": [177, 181, 185]}, "Specification": {"executed_lines": [202, 206, 210], "summary": {"covered_lines": 3, "num_statements": 3, "percent_covered": 100.0, "percent_covered_display": "100", "missing_lines": 0, "excluded_lines": 1}, "missing_lines": [], "excluded_lines": [198]}, "AndSpecification": {"executed_lines": [217, 218, 221], "summary": {"covered_lines": 3, "num_statements": 3, "percent_covered": 100.0, "percent_covered_display": "100", "missing_lines": 0, "excluded_lines": 0}, "missing_lines": [], "excluded_lines": []}, "OrSpecification": {"executed_lines": [228, 229, 232], "summary": {"covered_lines": 3, "num_statements": 3, "percent_covered": 100.0, "percent_covered_display": "100", "missing_lines": 0, "excluded_lines": 0}, "missing_lines": [], "excluded_lines": []}, "NotSpecification": {"executed_lines": [239, 242], "summary": {"covered_lines": 2, "num_statements": 2, "percent_covered": 100.0, "percent_covered_display": "100", "missing_lines": 0, "excluded_lines": 0}, "missing_lines": [], "excluded_lines": []}, "": {"executed_lines": [1, 8, 9, 10, 11, 13, 15, 18, 19, 21, 37, 38, 45, 49, 53, 57, 59, 65, 69, 94, 95, 102, 108, 113, 114, 121, 122, 130, 131, 140, 141, 148, 152, 156, 159, 161, 162, 167, 168, 175, 176, 179, 180, 183, 184, 188, 189, 196, 197, 200, 204, 208, 213, 214, 216, 220, 224, 225, 227, 231, 235, 236, 238, 241], "summary": {"covered_lines": 41, "num_statements": 41, "percent_covered": 100.0, "percent_covered_display": "100", "missing_lines": 0, "excluded_lines": 12}, "missing_lines": [], "excluded_lines": [121, 122, 130, 131, 175, 176, 179, 180, 183, 184, 196, 197]}}}, "src/voyager_trader/models/learning.py": {"executed_lines": [1, 8, 9, 10, 11, 13, 15, 16, 19, 20, 22, 23, 24, 25, 26, 29, 30, 32, 33, 34, 35, 38, 39, 41, 42, 43, 44, 45, 46, 47, 48, 51, 52, 54, 55, 56, 57, 58, 59, 60, 61, 62, 63, 64, 65, 68, 69, 76, 77, 78, 79, 80, 81, 82, 83, 86, 89, 90, 91, 94, 97, 100, 101, 102, 105, 106, 107, 110, 112, 113, 114, 116, 118, 120, 122, 125, 126, 127, 129, 130, 131, 133, 134, 135, 137, 139, 140, 141, 143, 145, 146, 148, 149, 151, 153, 154, 156, 158, 159, 163, 169, 170, 172, 173, 175, 176, 178, 179, 181, 182, 183, 184, 185, 189, 191, 198, 206, 214, 229, 230, 237, 238, 239, 242, 243, 244, 245, 246, 249, 252, 255, 258, 261, 264, 267, 270, 271, 272, 273, 274, 275, 276, 280, 287, 288, 290, 292, 293, 294, 296, 297, 298, 304, 305, 306, 310, 311, 312, 335, 336, 338, 340, 341, 345, 346, 348, 350, 351, 355, 356, 358, 360, 361, 365, 367, 370, 371, 377, 381, 385, 388, 390, 408, 409, 416, 417, 418, 419, 420, 423, 426, 427, 430, 433, 436, 437, 438, 439, 440, 441, 444, 447, 450, 452, 453, 454, 456, 458, 460, 462, 463, 464, 470, 472, 475, 476, 477, 500, 501, 502, 508, 509, 510, 518, 519, 523, 524, 532, 533, 537, 538, 542, 543, 547, 561, 577, 584, 590, 591, 598, 599, 600, 603, 604, 605, 608, 609, 612, 615, 618, 621, 624, 627, 631, 632, 633, 635, 636, 637, 639, 641, 642, 644, 645, 646, 648, 649, 650, 654, 655, 656, 660, 661, 662, 670, 671, 675, 676, 680, 681, 685, 686, 690, 694, 698, 738], "summary": {"covered_lines": 277, "num_statements": 371, "percent_covered": 74.66307277628033, "percent_covered_display": "75", "missing_lines": 94, "excluded_lines": 0}, "missing_lines": [117, 123, 161, 200, 201, 202, 204, 208, 209, 210, 212, 216, 291, 300, 301, 302, 308, 320, 321, 322, 327, 329, 343, 353, 363, 378, 382, 386, 392, 457, 459, 466, 467, 468, 473, 479, 481, 484, 487, 495, 498, 504, 505, 506, 512, 513, 514, 515, 516, 521, 526, 535, 540, 545, 551, 552, 554, 556, 557, 559, 565, 566, 568, 570, 571, 573, 579, 580, 582, 586, 587, 658, 664, 665, 666, 673, 678, 683, 688, 692, 696, 705, 706, 709, 718, 719, 720, 722, 723, 724, 725, 729, 731, 740], "excluded_lines": [], "functions": {"Skill.validate_counts": {"executed_lines": [116, 118], "summary": {"covered_lines": 2, "num_statements": 3, "percent_covered": 66.66666666666667, "percent_covered_display": "67", "missing_lines": 1, "excluded_lines": 0}, "missing_lines": [117], "excluded_lines": []}, "Skill.model_post_init": {"executed_lines": [122], "summary": {"covered_lines": 1, "num_statements": 2, "percent_covered": 50.0, "percent_covered_display": "50", "missing_lines": 1, "excluded_lines": 0}, "missing_lines": [123], "excluded_lines": []}, "Skill.success_rate": {"executed_lines": [129, 130, 131], "summary": {"covered_lines": 3, "num_statements": 3, "percent_covered": 100.0, "percent_covered_display": "100", "missing_lines": 0, "excluded_lines": 0}, "missing_lines": [], "excluded_lines": []}, "Skill.failure_count": {"executed_lines": [137], "summary": {"covered_lines": 1, "num_statements": 1, "percent_covered": 100.0, "percent_covered_display": "100", "missing_lines": 0, "excluded_lines": 0}, "missing_lines": [], "excluded_lines": []}, "Skill.reliability_score": {"executed_lines": [143, 145, 146], "summary": {"covered_lines": 3, "num_statements": 3, "percent_covered": 100.0, "percent_covered_display": "100", "missing_lines": 0, "excluded_lines": 0}, "missing_lines": [], "excluded_lines": []}, "Skill.is_reliable": {"executed_lines": [151], "summary": {"covered_lines": 1, "num_statements": 1, "percent_covered": 100.0, "percent_covered_display": "100", "missing_lines": 0, "excluded_lines": 0}, "missing_lines": [], "excluded_lines": []}, "Skill.is_experimental": {"executed_lines": [156], "summary": {"covered_lines": 1, "num_statements": 1, "percent_covered": 100.0, "percent_covered_display": "100", "missing_lines": 0, "excluded_lines": 0}, "missing_lines": [], "excluded_lines": []}, "Skill.has_dependencies": {"executed_lines": [], "summary": {"covered_lines": 0, "num_statements": 1, "percent_covered": 0.0, "percent_covered_display": "0", "missing_lines": 1, "excluded_lines": 0}, "missing_lines": [161], "excluded_lines": []}, "Skill.record_usage": {"executed_lines": [169, 170, 172, 173, 175, 176, 178, 179, 181, 182, 183, 184, 185, 189, 191], "summary": {"covered_lines": 15, "num_statements": 15, "percent_covered": 100.0, "percent_covered_display": "100", "missing_lines": 0, "excluded_lines": 0}, "missing_lines": [], "excluded_lines": []}, "Skill.update_code": {"executed_lines": [], "summary": {"covered_lines": 0, "num_statements": 4, "percent_covered": 0.0, "percent_covered_display": "0", "missing_lines": 4, "excluded_lines": 0}, "missing_lines": [200, 201, 202, 204], "excluded_lines": []}, "Skill.deactivate": {"executed_lines": [], "summary": {"covered_lines": 0, "num_statements": 4, "percent_covered": 0.0, "percent_covered_display": "0", "missing_lines": 4, "excluded_lines": 0}, "missing_lines": [208, 209, 210, 212], "excluded_lines": []}, "Skill.get_performance_summary": {"executed_lines": [], "summary": {"covered_lines": 0, "num_statements": 1, "percent_covered": 0.0, "percent_covered_display": "0", "missing_lines": 1, "excluded_lines": 0}, "missing_lines": [216], "excluded_lines": []}, "Experience.validate_scores": {"executed_lines": [290, 292, 293, 294], "summary": {"covered_lines": 4, "num_statements": 5, "percent_covered": 80.0, "percent_covered_display": "80", "missing_lines": 1, "excluded_lines": 0}, "missing_lines": [291], "excluded_lines": []}, "Experience.validate_duration": {"executed_lines": [], "summary": {"covered_lines": 0, "num_statements": 3, "percent_covered": 0.0, "percent_covered_display": "0", "missing_lines": 3, "excluded_lines": 0}, "missing_lines": [300, 301, 302], "excluded_lines": []}, "Experience.confidence_change": {"executed_lines": [], "summary": {"covered_lines": 0, "num_statements": 1, "percent_covered": 0.0, "percent_covered_display": "0", "missing_lines": 1, "excluded_lines": 0}, "missing_lines": [308], "excluded_lines": []}, "Experience.learning_value": {"executed_lines": [], "summary": {"covered_lines": 0, "num_statements": 5, "percent_covered": 0.0, "percent_covered_display": "0", "missing_lines": 5, "excluded_lines": 0}, "missing_lines": [320, 321, 322, 327, 329], "excluded_lines": []}, "Experience.is_positive_outcome": {"executed_lines": [338], "summary": {"covered_lines": 1, "num_statements": 1, "percent_covered": 100.0, "percent_covered_display": "100", "missing_lines": 0, "excluded_lines": 0}, "missing_lines": [], "excluded_lines": []}, "Experience.is_negative_outcome": {"executed_lines": [], "summary": {"covered_lines": 0, "num_statements": 1, "percent_covered": 0.0, "percent_covered_display": "0", "missing_lines": 1, "excluded_lines": 0}, "missing_lines": [343], "excluded_lines": []}, "Experience.is_high_stress": {"executed_lines": [348], "summary": {"covered_lines": 1, "num_statements": 1, "percent_covered": 100.0, "percent_covered_display": "100", "missing_lines": 0, "excluded_lines": 0}, "missing_lines": [], "excluded_lines": []}, "Experience.is_novel": {"executed_lines": [], "summary": {"covered_lines": 0, "num_statements": 1, "percent_covered": 0.0, "percent_covered_display": "0", "missing_lines": 1, "excluded_lines": 0}, "missing_lines": [353], "excluded_lines": []}, "Experience.is_complex": {"executed_lines": [358], "summary": {"covered_lines": 1, "num_statements": 1, "percent_covered": 100.0, "percent_covered_display": "100", "missing_lines": 0, "excluded_lines": 0}, "missing_lines": [], "excluded_lines": []}, "Experience.increased_confidence": {"executed_lines": [], "summary": {"covered_lines": 0, "num_statements": 1, "percent_covered": 0.0, "percent_covered_display": "0", "missing_lines": 1, "excluded_lines": 0}, "missing_lines": [363], "excluded_lines": []}, "Experience.extract_patterns": {"executed_lines": [367, 370, 371, 377, 381, 385, 388], "summary": {"covered_lines": 7, "num_statements": 10, "percent_covered": 70.0, "percent_covered_display": "70", "missing_lines": 3, "excluded_lines": 0}, "missing_lines": [378, 382, 386], "excluded_lines": []}, "Experience.get_summary": {"executed_lines": [], "summary": {"covered_lines": 0, "num_statements": 1, "percent_covered": 0.0, "percent_covered_display": "0", "missing_lines": 1, "excluded_lines": 0}, "missing_lines": [392], "excluded_lines": []}, "Knowledge.validate_confidence": {"executed_lines": [456, 458, 460], "summary": {"covered_lines": 3, "num_statements": 5, "percent_covered": 60.0, "percent_covered_display": "60", "missing_lines": 2, "excluded_lines": 0}, "missing_lines": [457, 459], "excluded_lines": []}, "Knowledge.validate_counts": {"executed_lines": [], "summary": {"covered_lines": 0, "num_statements": 3, "percent_covered": 0.0, "percent_covered_display": "0", "missing_lines": 3, "excluded_lines": 0}, "missing_lines": [466, 467, 468], "excluded_lines": []}, "Knowledge.model_post_init": {"executed_lines": [472], "summary": {"covered_lines": 1, "num_statements": 2, "percent_covered": 50.0, "percent_covered_display": "50", "missing_lines": 1, "excluded_lines": 0}, "missing_lines": [473], "excluded_lines": []}, "Knowledge.reliability_score": {"executed_lines": [], "summary": {"covered_lines": 0, "num_statements": 6, "percent_covered": 0.0, "percent_covered_display": "0", "missing_lines": 6, "excluded_lines": 0}, "missing_lines": [479, 481, 484, 487, 495, 498], "excluded_lines": []}, "Knowledge.evidence_strength": {"executed_lines": [], "summary": {"covered_lines": 0, "num_statements": 3, "percent_covered": 0.0, "percent_covered_display": "0", "missing_lines": 3, "excluded_lines": 0}, "missing_lines": [504, 505, 506], "excluded_lines": []}, "Knowledge.applicability_scope": {"executed_lines": [], "summary": {"covered_lines": 0, "num_statements": 5, "percent_covered": 0.0, "percent_covered_display": "0", "missing_lines": 5, "excluded_lines": 0}, "missing_lines": [512, 513, 514, 515, 516], "excluded_lines": []}, "Knowledge.is_high_confidence": {"executed_lines": [], "summary": {"covered_lines": 0, "num_statements": 1, "percent_covered": 0.0, "percent_covered_display": "0", "missing_lines": 1, "excluded_lines": 0}, "missing_lines": [521], "excluded_lines": []}, "Knowledge.is_well_validated": {"executed_lines": [], "summary": {"covered_lines": 0, "num_statements": 1, "percent_covered": 0.0, "percent_covered_display": "0", "missing_lines": 1, "excluded_lines": 0}, "missing_lines": [526], "excluded_lines": []}, "Knowledge.is_controversial": {"executed_lines": [], "summary": {"covered_lines": 0, "num_statements": 1, "percent_covered": 0.0, "percent_covered_display": "0", "missing_lines": 1, "excluded_lines": 0}, "missing_lines": [535], "excluded_lines": []}, "Knowledge.is_actionable": {"executed_lines": [], "summary": {"covered_lines": 0, "num_statements": 1, "percent_covered": 0.0, "percent_covered_display": "0", "missing_lines": 1, "excluded_lines": 0}, "missing_lines": [540], "excluded_lines": []}, "Knowledge.has_been_applied": {"executed_lines": [], "summary": {"covered_lines": 0, "num_statements": 1, "percent_covered": 0.0, "percent_covered_display": "0", "missing_lines": 1, "excluded_lines": 0}, "missing_lines": [545], "excluded_lines": []}, "Knowledge.add_supporting_evidence": {"executed_lines": [], "summary": {"covered_lines": 0, "num_statements": 6, "percent_covered": 0.0, "percent_covered_display": "0", "missing_lines": 6, "excluded_lines": 0}, "missing_lines": [551, 552, 554, 556, 557, 559], "excluded_lines": []}, "Knowledge.add_contradicting_evidence": {"executed_lines": [], "summary": {"covered_lines": 0, "num_statements": 6, "percent_covered": 0.0, "percent_covered_display": "0", "missing_lines": 6, "excluded_lines": 0}, "missing_lines": [565, 566, 568, 570, 571, 573], "excluded_lines": []}, "Knowledge.record_application": {"executed_lines": [], "summary": {"covered_lines": 0, "num_statements": 3, "percent_covered": 0.0, "percent_covered_display": "0", "missing_lines": 3, "excluded_lines": 0}, "missing_lines": [579, 580, 582], "excluded_lines": []}, "Knowledge.derive_skill": {"executed_lines": [], "summary": {"covered_lines": 0, "num_statements": 2, "percent_covered": 0.0, "percent_covered_display": "0", "missing_lines": 2, "excluded_lines": 0}, "missing_lines": [586, 587], "excluded_lines": []}, "Performance.validate_observations": {"executed_lines": [635, 636, 637], "summary": {"covered_lines": 3, "num_statements": 3, "percent_covered": 100.0, "percent_covered_display": "100", "missing_lines": 0, "excluded_lines": 0}, "missing_lines": [], "excluded_lines": []}, "Performance.model_post_init": {"executed_lines": [641, 642], "summary": {"covered_lines": 2, "num_statements": 2, "percent_covered": 100.0, "percent_covered_display": "100", "missing_lines": 0, "excluded_lines": 0}, "missing_lines": [], "excluded_lines": []}, "Performance.success_rate": {"executed_lines": [648, 649, 650], "summary": {"covered_lines": 3, "num_statements": 3, "percent_covered": 100.0, "percent_covered_display": "100", "missing_lines": 0, "excluded_lines": 0}, "missing_lines": [], "excluded_lines": []}, "Performance.measurement_duration_days": {"executed_lines": [], "summary": {"covered_lines": 0, "num_statements": 1, "percent_covered": 0.0, "percent_covered_display": "0", "missing_lines": 1, "excluded_lines": 0}, "missing_lines": [658], "excluded_lines": []}, "Performance.observations_per_day": {"executed_lines": [], "summary": {"covered_lines": 0, "num_statements": 3, "percent_covered": 0.0, "percent_covered_display": "0", "missing_lines": 3, "excluded_lines": 0}, "missing_lines": [664, 665, 666], "excluded_lines": []}, "Performance.has_sufficient_data": {"executed_lines": [], "summary": {"covered_lines": 0, "num_statements": 1, "percent_covered": 0.0, "percent_covered_display": "0", "missing_lines": 1, "excluded_lines": 0}, "missing_lines": [673], "excluded_lines": []}, "Performance.is_improving": {"executed_lines": [], "summary": {"covered_lines": 0, "num_statements": 1, "percent_covered": 0.0, "percent_covered_display": "0", "missing_lines": 1, "excluded_lines": 0}, "missing_lines": [678], "excluded_lines": []}, "Performance.is_declining": {"executed_lines": [], "summary": {"covered_lines": 0, "num_statements": 1, "percent_covered": 0.0, "percent_covered_display": "0", "missing_lines": 1, "excluded_lines": 0}, "missing_lines": [683], "excluded_lines": []}, "Performance.has_anomalies": {"executed_lines": [], "summary": {"covered_lines": 0, "num_statements": 1, "percent_covered": 0.0, "percent_covered_display": "0", "missing_lines": 1, "excluded_lines": 0}, "missing_lines": [688], "excluded_lines": []}, "Performance.get_metric": {"executed_lines": [], "summary": {"covered_lines": 0, "num_statements": 1, "percent_covered": 0.0, "percent_covered_display": "0", "missing_lines": 1, "excluded_lines": 0}, "missing_lines": [692], "excluded_lines": []}, "Performance.compare_to_benchmark": {"executed_lines": [], "summary": {"covered_lines": 0, "num_statements": 1, "percent_covered": 0.0, "percent_covered_display": "0", "missing_lines": 1, "excluded_lines": 0}, "missing_lines": [696], "excluded_lines": []}, "Performance.add_observation": {"executed_lines": [], "summary": {"covered_lines": 0, "num_statements": 12, "percent_covered": 0.0, "percent_covered_display": "0", "missing_lines": 12, "excluded_lines": 0}, "missing_lines": [705, 706, 709, 718, 719, 720, 722, 723, 724, 725, 729, 731], "excluded_lines": []}, "Performance.get_performance_summary": {"executed_lines": [], "summary": {"covered_lines": 0, "num_statements": 1, "percent_covered": 0.0, "percent_covered_display": "0", "missing_lines": 1, "excluded_lines": 0}, "missing_lines": [740], "excluded_lines": []}, "": {"executed_lines": [1, 8, 9, 10, 11, 13, 15, 16, 19, 20, 22, 23, 24, 25, 26, 29, 30, 32, 33, 34, 35, 38, 39, 41, 42, 43, 44, 45, 46, 47, 48, 51, 52, 54, 55, 56, 57, 58, 59, 60, 61, 62, 63, 64, 65, 68, 69, 76, 77, 78, 79, 80, 81, 82, 83, 86, 89, 90, 91, 94, 97, 100, 101, 102, 105, 106, 107, 110, 112, 113, 114, 120, 125, 126, 127, 133, 134, 135, 139, 140, 141, 148, 149, 153, 154, 158, 159, 163, 198, 206, 214, 229, 230, 237, 238, 239, 242, 243, 244, 245, 246, 249, 252, 255, 258, 261, 264, 267, 270, 271, 272, 273, 274, 275, 276, 280, 287, 288, 296, 297, 298, 304, 305, 306, 310, 311, 312, 335, 336, 340, 341, 345, 346, 350, 351, 355, 356, 360, 361, 365, 390, 408, 409, 416, 417, 418, 419, 420, 423, 426, 427, 430, 433, 436, 437, 438, 439, 440, 441, 444, 447, 450, 452, 453, 454, 462, 463, 464, 470, 475, 476, 477, 500, 501, 502, 508, 509, 510, 518, 519, 523, 524, 532, 533, 537, 538, 542, 543, 547, 561, 577, 584, 590, 591, 598, 599, 600, 603, 604, 605, 608, 609, 612, 615, 618, 621, 624, 627, 631, 632, 633, 639, 644, 645, 646, 654, 655, 656, 660, 661, 662, 670, 671, 675, 676, 680, 681, 685, 686, 690, 694, 698, 738], "summary": {"covered_lines": 224, "num_statements": 224, "percent_covered": 100.0, "percent_covered_display": "100", "missing_lines": 0, "excluded_lines": 0}, "missing_lines": [], "excluded_lines": []}}, "classes": {"SkillExecutionResult": {"executed_lines": [], "summary": {"covered_lines": 0, "num_statements": 0, "percent_covered": 100.0, "percent_covered_display": "100", "missing_lines": 0, "excluded_lines": 0}, "missing_lines": [], "excluded_lines": []}, "LearningOutcome": {"executed_lines": [], "summary": {"covered_lines": 0, "num_statements": 0, "percent_covered": 100.0, "percent_covered_display": "100", "missing_lines": 0, "excluded_lines": 0}, "missing_lines": [], "excluded_lines": []}, "KnowledgeType": {"executed_lines": [], "summary": {"covered_lines": 0, "num_statements": 0, "percent_covered": 100.0, "percent_covered_display": "100", "missing_lines": 0, "excluded_lines": 0}, "missing_lines": [], "excluded_lines": []}, "PerformanceMetric": {"executed_lines": [], "summary": {"covered_lines": 0, "num_statements": 0, "percent_covered": 100.0, "percent_covered_display": "100", "missing_lines": 0, "excluded_lines": 0}, "missing_lines": [], "excluded_lines": []}, "Skill": {"executed_lines": [116, 118, 122, 129, 130, 131, 137, 143, 145, 146, 151, 156, 169, 170, 172, 173, 175, 176, 178, 179, 181, 182, 183, 184, 185, 189, 191], "summary": {"covered_lines": 27, "num_statements": 39, "percent_covered": 69.23076923076923, "percent_covered_display": "69", "missing_lines": 12, "excluded_lines
[...]
missing_lines": [2462, 2500, 2501], "excluded_lines": []}, "VoyagerSkillLibrary.discover_skills_from_experiences": {"executed_lines": [2507], "summary": {"covered_lines": 1, "num_statements": 1, "percent_covered": 100.0, "percent_covered_display": "100", "missing_lines": 0, "excluded_lines": 0}, "missing_lines": [], "excluded_lines": []}, "VoyagerSkillLibrary.search_skills": {"executed_lines": [2511], "summary": {"covered_lines": 1, "num_statements": 1, "percent_covered": 100.0, "percent_covered_display": "100", "missing_lines": 0, "excluded_lines": 0}, "missing_lines": [], "excluded_lines": []}, "VoyagerSkillLibrary.get_skill": {"executed_lines": [2515], "summary": {"covered_lines": 1, "num_statements": 1, "percent_covered": 100.0, "percent_covered_display": "100", "missing_lines": 0, "excluded_lines": 0}, "missing_lines": [], "excluded_lines": []}, "VoyagerSkillLibrary.get_library_stats": {"executed_lines": [2519], "summary": {"covered_lines": 1, "num_statements": 1, "percent_covered": 100.0, "percent_covered_display": "100", "missing_lines": 0, "excluded_lines": 0}, "missing_lines": [], "excluded_lines": []}, "VoyagerSkillLibrary.validate_skill": {"executed_lines": [2523], "summary": {"covered_lines": 1, "num_statements": 1, "percent_covered": 100.0, "percent_covered_display": "100", "missing_lines": 0, "excluded_lines": 0}, "missing_lines": [], "excluded_lines": []}, "VoyagerSkillLibrary._get_current_performance_snapshot": {"executed_lines": [2527, 2528, 2529, 2534, 2540], "summary": {"covered_lines": 5, "num_statements": 5, "percent_covered": 100.0, "percent_covered_display": "100", "missing_lines": 0, "excluded_lines": 0}, "missing_lines": [], "excluded_lines": []}, "VoyagerSkillLibrary.get_comprehensive_stats": {"executed_lines": [2551, 2552, 2553, 2555], "summary": {"covered_lines": 4, "num_statements": 4, "percent_covered": 100.0, "percent_covered_display": "100", "missing_lines": 0, "excluded_lines": 0}, "missing_lines": [], "excluded_lines": []}, "VoyagerSkillLibrary.clear_all_caches": {"executed_lines": [2571, 2572, 2574, 2575, 2583], "summary": {"covered_lines": 5, "num_statements": 5, "percent_covered": 100.0, "percent_covered_display": "100", "missing_lines": 0, "excluded_lines": 0}, "missing_lines": [], "excluded_lines": []}, "VoyagerSkillLibrary.evict_expired_entries": {"executed_lines": [2587, 2588, 2590, 2595, 2596], "summary": {"covered_lines": 5, "num_statements": 5, "percent_covered": 100.0, "percent_covered_display": "100", "missing_lines": 0, "excluded_lines": 0}, "missing_lines": [], "excluded_lines": []}, "VoyagerSkillLibrary.refresh_caches": {"executed_lines": [2600, 2603, 2605], "summary": {"covered_lines": 3, "num_statements": 3, "percent_covered": 100.0, "percent_covered_display": "100", "missing_lines": 0, "excluded_lines": 0}, "missing_lines": [], "excluded_lines": []}, "VoyagerSkillLibrary.get_performance_recommendations": {"executed_lines": [2612, 2613, 2615, 2616, 2619, 2620, 2625, 2632, 2639, 2643, 2649, 2650, 2656], "summary": {"covered_lines": 13, "num_statements": 17, "percent_covered": 76.47058823529412, "percent_covered_display": "76", "missing_lines": 4, "excluded_lines": 0}, "missing_lines": [2626, 2633, 2644, 2651], "excluded_lines": []}, "SkillLibrary.__init__": {"executed_lines": [2682, 2683, 2689, 2690, 2691, 2692, 2693, 2696], "summary": {"covered_lines": 8, "num_statements": 9, "percent_covered": 88.88888888888889, "percent_covered_display": "89", "missing_lines": 1, "excluded_lines": 0}, "missing_lines": [2685], "excluded_lines": []}, "SkillLibrary.add_skill": {"executed_lines": [2701, 2729, 2730], "summary": {"covered_lines": 3, "num_statements": 3, "percent_covered": 100.0, "percent_covered_display": "100", "missing_lines": 0, "excluded_lines": 0}, "missing_lines": [], "excluded_lines": []}, "SkillLibrary.get_skill": {"executed_lines": [2734], "summary": {"covered_lines": 1, "num_statements": 1, "percent_covered": 100.0, "percent_covered_display": "100", "missing_lines": 0, "excluded_lines": 0}, "missing_lines": [], "excluded_lines": []}, "SkillLibrary.search_skills": {"executed_lines": [2741, 2745, 2746, 2747, 2759, 2761], "summary": {"covered_lines": 6, "num_statements": 6, "percent_covered": 100.0, "percent_covered_display": "100", "missing_lines": 0, "excluded_lines": 0}, "missing_lines": [], "excluded_lines": []}, "SkillLibrary.compose_skills": {"executed_lines": [2766, 2767, 2769, 2770, 2771, 2773, 2774, 2776, 2780, 2781, 2784, 2785, 2788], "summary": {"covered_lines": 13, "num_statements": 18, "percent_covered": 72.22222222222223, "percent_covered_display": "72", "missing_lines": 5, "excluded_lines": 0}, "missing_lines": [2777, 2782, 2789, 2790, 2791], "excluded_lines": []}, "SkillLibrary.update_skill_performance": {"executed_lines": [2797, 2798, 2799, 2800, 2802, 2803, 2804], "summary": {"covered_lines": 7, "num_statements": 7, "percent_covered": 100.0, "percent_covered_display": "100", "missing_lines": 0, "excluded_lines": 0}, "missing_lines": [], "excluded_lines": []}, "SkillLibrary._sync_legacy_interface": {"executed_lines": [2811, 2812], "summary": {"covered_lines": 2, "num_statements": 4, "percent_covered": 50.0, "percent_covered_display": "50", "missing_lines": 2, "excluded_lines": 0}, "missing_lines": [2813, 2825], "excluded_lines": []}, "": {"executed_lines": [1, 13, 14, 15, 16, 17, 18, 19, 20, 21, 22, 23, 24, 25, 26, 27, 28, 29, 30, 31, 32, 33, 36, 37, 40, 41, 43, 44, 47, 48, 51, 52, 55, 56, 59, 60, 63, 64, 67, 68, 71, 72, 75, 76, 77, 79, 80, 81, 82, 83, 84, 85, 88, 89, 91, 112, 126, 143, 144, 232, 241, 254, 288, 317, 318, 324, 332, 381, 453, 459, 465, 466, 468, 491, 492, 493, 495, 496, 497, 498, 500, 504, 510, 511, 513, 521, 542, 564, 571, 585, 603, 616, 617, 619, 641, 651, 683, 699, 710, 731, 749, 762, 780, 784, 788, 795, 813, 830, 831, 838, 852, 971, 985, 1017, 1024, 1039, 1088, 1110, 1135, 1140, 1144, 1149, 1150, 1157, 1160, 1194, 1227, 1316, 1357, 1400, 1408, 1409, 1411, 1412, 1416, 1417, 1419, 1433, 1434, 1436, 1476, 1488, 1518, 1519, 1521, 1531, 1564, 1565, 1567, 1576, 1596, 1597, 1604, 1627, 1673, 1700, 1716, 1761, 1770, 1800, 1851, 1867, 1872, 1897, 1909, 1935, 1941, 1945, 1966, 1999, 2030, 2031, 2038, 2043, 2072, 2096, 2136, 2185, 2221, 2236, 2248, 2279, 2294, 2309, 2322, 2323, 2331, 2374, 2396, 2447, 2503, 2509, 2513, 2517, 2521, 2525, 2549, 2569, 2585, 2598, 2610, 2662, 2663, 2664, 2666, 2667, 2668, 2669, 2670, 2671, 2672, 2673, 2676, 2677, 2679, 2698, 2732, 2736, 2763, 2793, 2808], "summary": {"covered_lines": 192, "num_statements": 193, "percent_covered": 99.48186528497409, "percent_covered_display": "99", "missing_lines": 1, "excluded_lines": 2}, "missing_lines": [39], "excluded_lines": [1411, 1412]}}, "classes": {"SkillExecutionError": {"executed_lines": [], "summary": {"covered_lines": 0, "num_statements": 0, "percent_covered": 100.0, "percent_covered_display": "100", "missing_lines": 0, "excluded_lines": 0}, "missing_lines": [], "excluded_lines": []}, "DatabaseConnectionError": {"executed_lines": [], "summary": {"covered_lines": 0, "num_statements": 0, "percent_covered": 100.0, "percent_covered_display": "100", "missing_lines": 0, "excluded_lines": 0}, "missing_lines": [], "excluded_lines": []}, "CacheOverflowError": {"executed_lines": [], "summary": {"covered_lines": 0, "num_statements": 0, "percent_covered": 100.0, "percent_covered_display": "100", "missing_lines": 0, "excluded_lines": 0}, "missing_lines": [], "excluded_lines": []}, "SecurityValidationError": {"executed_lines": [], "summary": {"covered_lines": 0, "num_statements": 0, "percent_covered": 100.0, "percent_covered_display": "100", "missing_lines": 0, "excluded_lines": 0}, "missing_lines": [], "excluded_lines": []}, "SkillCompositionError": {"executed_lines": [], "summary": {"covered_lines": 0, "num_statements": 0, "percent_covered": 100.0, "percent_covered_display": "100", "missing_lines": 0, "excluded_lines": 0}, "missing_lines": [], "excluded_lines": []}, "SkillValidationError": {"executed_lines": [], "summary": {"covered_lines": 0, "num_statements": 0, "percent_covered": 100.0, "percent_covered_display": "100", "missing_lines": 0, "excluded_lines": 0}, "missing_lines": [], "excluded_lines": []}, "DatabaseConfig": {"executed_lines": [], "summary": {"covered_lines": 0, "num_statements": 0, "percent_covered": 100.0, "percent_covered_display": "100", "missing_lines": 0, "excluded_lines": 0}, "missing_lines": [], "excluded_lines": []}, "ConnectionPool": {"executed_lines": [92, 93, 94, 95, 96, 97, 100, 101, 102, 105, 109, 110, 114, 115, 116, 117, 118, 119, 122, 123, 124, 128, 129, 135, 136, 146, 155, 156, 159, 160, 162, 164, 165, 166, 168, 169, 170, 171, 172, 173, 176, 179, 180, 186, 187, 190, 194, 198, 200, 205, 210, 212, 213, 214, 215, 216, 217, 220, 221, 222, 223, 224, 226, 227, 234, 236, 237, 243, 244, 245, 246, 247, 251, 252, 256, 257, 258, 263, 269, 290, 291, 294, 295, 301, 302, 308, 314], "summary": {"covered_lines": 87, "num_statements": 102, "percent_covered": 85.29411764705883, "percent_covered_display": "85", "missing_lines": 15, "excluded_lines": 1}, "missing_lines": [148, 149, 150, 152, 153, 206, 207, 208, 228, 230, 238, 239, 248, 249, 309], "excluded_lines": [139]}, "DatabaseSkillStorage": {"executed_lines": [325, 326, 327, 329, 330, 334, 337, 372, 373, 374, 375, 376, 383, 386, 387, 389, 423, 438, 443, 444, 445, 455, 456, 457], "summary": {"covered_lines": 24, "num_statements": 39, "percent_covered": 61.53846153846154, "percent_covered_display": "62", "missing_lines": 15, "excluded_lines": 0}, "missing_lines": [335, 377, 378, 379, 384, 439, 441, 446, 447, 448, 449, 450, 451, 461, 462], "excluded_lines": []}, "CacheConfig": {"executed_lines": [480, 481, 482, 483, 484, 485, 486, 487, 488], "summary": {"covered_lines": 9, "num_statements": 9, "percent_covered": 100.0, "percent_covered_display": "100", "missing_lines": 0, "excluded_lines": 0}, "missing_lines": [], "excluded_lines": []}, "CacheEntry": {"executed_lines": [502, 506, 507], "summary": {"covered_lines": 3, "num_statements": 3, "percent_covered": 100.0, "percent_covered_display": "100", "missing_lines": 0, "excluded_lines": 0}, "missing_lines": [], "excluded_lines": []}, "LRUCache": {"executed_lines": [514, 515, 516, 517, 518, 519, 523, 524, 525, 526, 528, 531, 532, 533, 534, 537, 538, 539, 540, 544, 546, 547, 548, 549, 550, 553, 554, 557, 558, 559, 562, 566, 567, 568, 569, 573, 574, 580, 583, 587, 588, 589, 590, 592, 605, 606, 608, 609, 613], "summary": {"covered_lines": 49, "num_statements": 50, "percent_covered": 98.0, "percent_covered_display": "98", "missing_lines": 1, "excluded_lines": 0}, "missing_lines": [581], "excluded_lines": []}, "SkillExecutionCache": {"executed_lines": [620, 621, 625, 630, 634, 635, 636, 637, 643, 646, 647, 688, 696, 697, 702, 707, 708, 714, 715, 717, 718, 720, 721, 723, 724, 725, 726, 727, 729, 739, 740, 743, 744, 745, 746, 747, 751, 752, 754, 755, 757, 758, 760, 764, 765, 767, 768, 772, 775, 778, 786, 790, 791, 792, 793, 797, 798, 799, 801, 807, 815], "summary": {"covered_lines": 61, "num_statements": 80, "percent_covered": 76.25, "percent_covered_display": "76", "missing_lines": 19, "excluded_lines": 0}, "missing_lines": [644, 648, 649, 653, 654, 655, 657, 658, 659, 660, 662, 671, 674, 675, 680, 681, 773, 782, 802], "excluded_lines": []}, "SkillExecutor": {"executed_lines": [844, 845, 846, 849, 850, 864, 865, 875, 876, 877, 879, 881, 882, 888, 891, 892, 893, 896, 897, 898, 899, 902, 904, 907, 915, 916, 925, 927, 928, 931, 944, 947, 950, 956, 958, 963, 965, 973, 975, 976, 977, 978, 979, 980, 990, 1015, 1019, 1020, 1031, 1032, 1033, 1034, 1037, 1047, 1050, 1051, 1054, 1055, 1072, 1073, 1076, 1079, 1117, 1118, 1121, 1124, 1129, 1133, 1137, 1138, 1142, 1146], "summary": {"covered_lines": 72, "num_statements": 91, "percent_covered": 79.12087912087912, "percent_covered_display": "79", "missing_lines": 19, "excluded_lines": 0}, "missing_lines": [936, 937, 981, 982, 983, 1081, 1082, 1083, 1086, 1090, 1092, 1093, 1094, 1095, 1098, 1099, 1100, 1101, 1104], "excluded_lines": []}, "SkillExecutor._inject_runtime_data_ast.RuntimeDataInjector": {"executed_lines": [1057, 1058, 1060, 1062, 1063, 1064, 1066, 1067, 1069], "summary": {"covered_lines": 9, "num_statements": 9, "percent_covered": 100.0, "percent_covered_display": "100", "missing_lines": 0, "excluded_lines": 0}, "missing_lines": [], "excluded_lines": []}, "SkillComposer": {"executed_lines": [1158, 1174, 1175, 1178, 1179, 1180, 1183, 1184, 1185, 1186, 1187, 1188, 1190, 1196, 1197, 1198, 1199, 1201, 1202, 1203, 1204, 1205, 1207, 1210, 1211, 1212, 1213, 1215, 1216, 1217, 1218, 1220, 1221, 1222, 1223, 1225, 1229, 1238, 1239, 1275, 1294, 1314, 1320, 1328, 1329, 1339, 1349, 1355, 1359, 1366, 1367, 1372, 1385, 1392, 1398, 1402, 1403], "summary": {"covered_lines": 57, "num_statements": 57, "percent_covered": 100.0, "percent_covered_display": "100", "missing_lines": 0, "excluded_lines": 0}, "missing_lines": [], "excluded_lines": []}, "SkillValidator": {"executed_lines": [], "summary": {"covered_lines": 0, "num_statements": 0, "percent_covered": 100.0, "percent_covered_display": "100", "missing_lines": 0, "excluded_lines": 1}, "missing_lines": [], "excluded_lines": [1413]}, "SyntaxValidator": {"executed_lines": [1421, 1423, 1424, 1425, 1426, 1430], "summary": {"covered_lines": 6, "num_statements": 8, "percent_covered": 75.0, "percent_covered_display": "75", "missing_lines": 2, "excluded_lines": 0}, "missing_lines": [1427, 1428], "excluded_lines": []}, "SecurityValidator": {"executed_lines": [1490, 1492, 1493, 1495, 1497, 1498, 1499, 1500, 1503, 1504, 1508, 1512, 1513, 1515], "summary": {"covered_lines": 14, "num_statements": 14, "percent_covered": 100.0, "percent_covered_display": "100", "missing_lines": 0, "excluded_lines": 0}, "missing_lines": [], "excluded_lines": []}, "PerformanceValidator": {"executed_lines": [1527, 1528, 1529, 1533, 1536, 1537, 1538, 1540, 1541, 1543, 1544, 1546, 1548, 1553, 1554, 1555, 1561], "summary": {"covered_lines": 17, "num_statements": 17, "percent_covered": 100.0, "percent_covered_display": "100", "missing_lines": 0, "excluded_lines": 0}, "missing_lines": [], "excluded_lines": []}, "CompositeSkillValidator": {"executed_lines": [1568, 1573, 1574, 1578, 1579, 1581, 1582, 1583, 1584, 1585, 1586, 1587, 1593], "summary": {"covered_lines": 13, "num_statements": 17, "percent_covered": 76.47058823529412, "percent_covered_display": "76", "missing_lines": 4, "excluded_lines": 0}, "missing_lines": [1588, 1589, 1590, 1591], "excluded_lines": []}, "SkillLibrarian": {"executed_lines": [1605, 1606, 1607, 1610, 1611, 1614, 1615, 1618, 1619, 1620, 1621, 1622, 1625, 1629, 1631, 1632, 1634, 1635, 1638, 1639, 1642, 1643, 1646, 1664, 1666, 1667, 1676, 1677, 1679, 1680, 1681, 1682, 1685, 1686, 1698, 1702, 1703, 1714, 1718, 1720, 1721, 1723, 1724, 1725, 1726, 1757, 1758, 1759, 1810, 1813, 1814, 1815, 1818, 1819, 1820, 1823, 1824, 1825, 1826, 1829, 1830, 1831, 1834, 1835, 1838, 1839, 1842, 1845, 1848, 1849, 1869, 1870, 1874, 1876, 1878, 1899, 1911, 1914, 1915, 1916, 1919, 1920, 1921, 1924, 1925, 1926, 1927, 1930, 1937, 1938, 1939, 1943, 1947, 1948, 1968, 1969, 1971, 1972, 1974, 1975, 1977, 1978, 1979, 1981, 1982, 1983, 1988, 1989, 1994, 2001, 2002, 2005, 2006, 2008], "summary": {"covered_lines": 114, "num_statements": 183, "percent_covered": 62.295081967213115, "percent_covered_display": "62", "missing_lines": 69, "excluded_lines": 0}, "missing_lines": [1669, 1670, 1671, 1689, 1690, 1691, 1694, 1695, 1704, 1706, 1707, 1708, 1711, 1712, 1728, 1730, 1731, 1732, 1735, 1753, 1755, 1763, 1764, 1765, 1766, 1768, 1772, 1775, 1776, 1777, 1778, 1781, 1782, 1783, 1784, 1787, 1788, 1789, 1790, 1791, 1794, 1795, 1796, 1797, 1798, 1843, 1853, 1854, 1855, 1857, 1858, 1860, 1861, 1862, 1863, 1865, 1900, 1901, 1902, 1903, 1904, 1905, 1906, 1907, 1931, 1932, 1933, 1985, 1986], "excluded_lines": []}, "SkillDiscoverer": {"executed_lines": [2039, 2040, 2041, 2048, 2056, 2060, 2063, 2064, 2065, 2066, 2067, 2068, 2070, 2076, 2077, 2080, 2084, 2085, 2086, 2087, 2088, 2090, 2098, 2100, 2102, 2104, 2105, 2106, 2114, 2115, 2116, 2118, 2119, 2121, 2130, 2131, 2132, 2134, 2140, 2142, 2145, 2146, 2149, 2152, 2179, 2189, 2191, 2192, 2196, 2199, 2200, 2203, 2215, 2223, 2225, 2226, 2227, 2228, 2229, 2230, 2231, 2234, 2238, 2239, 2241, 2242, 2243, 2246, 2250, 2281, 2283, 2284, 2285, 2286, 2287, 2289, 2292, 2299, 2300, 2302, 2303, 2304, 2307, 2311, 2312, 2314, 2315, 2316, 2317, 2319], "summary": {"covered_lines": 90, "num_statements": 106, "percent_covered": 84.90566037735849, "percent_covered_display": "85", "missing_lines": 16, "excluded_lines": 0}, "missing_lines": [2057, 2092, 2093, 2094, 2181, 2182, 2183, 2193, 2217, 2218, 2219, 2232, 2244, 2288, 2290, 2305], "excluded_lines": []}, "VoyagerSkillLibrary": {"executed_lines": [2332, 2333, 2336, 2339, 2349, 2354, 2355, 2356, 2357, 2363, 2370, 2372, 2376, 2378, 2379, 2380, 2381, 2382, 2385, 2387, 2388, 2390, 2403, 2405, 2406, 2407, 2409, 2411, 2412, 2415, 2416, 2417, 2418, 2419, 2423, 2424, 2425, 2430, 2431, 2434, 2435, 2438, 2445, 2456, 2457, 2461, 2468, 2470, 2475, 2487, 2492, 2498, 2507, 2511, 2515, 2519, 2523, 2527, 2528, 2529, 2534, 2540, 2551, 2552, 2553, 2555, 2571, 2572, 2574, 2575, 2583, 2587, 2588, 2590, 2595, 2596, 2600, 2603, 2605, 2612, 2613, 2615, 2616, 2619, 2620, 2625, 2632, 2639, 2643, 2649, 2650, 2656], "summary": {"covered_lines": 92, "num_statements": 103, "percent_covered": 89.32038834951456, "percent_covered_display": "89", "missing_lines": 11, "excluded_lines": 0}, "missing_lines": [2392, 2393, 2394, 2420, 2462, 2500, 2501, 2626, 2633, 2644, 2651], "excluded_lines": []}, "TradingSkill": {"executed_lines": [], "summary": {"covered_lines": 0, "num_statements": 0, "percent_covered": 100.0, "percent_covered_display": "100", "missing_lines": 0, "excluded_lines": 0}, "missing_lines": [], "excluded_lines": []}, "SkillLibrary": {"executed_lines": [2682, 2683, 2689, 2690, 2691, 2692, 2693, 2696, 2701, 2729, 2730, 2734, 2741, 2745, 2746, 2747, 2759, 2761, 2766, 2767, 2769, 2770, 2771, 2773, 2774, 2776, 2780, 2781, 2784, 2785, 2788, 2797, 2798, 2799, 2800, 2802, 2803, 2804, 2811, 2812], "summary": {"covered_lines": 40, "num_statements": 48, "percent_covered": 83.33333333333333, "percent_covered_display": "83", "missing_lines": 8, "excluded_lines": 0}, "missing_lines": [2685, 2777, 2782, 2789, 2790, 2791, 2813, 2825], "excluded_lines": []}, "": {"executed_lines": [1, 13, 14, 15, 16, 17, 18, 19, 20, 21, 22, 23, 24, 25, 26, 27, 28, 29, 30, 31, 32, 33, 36, 37, 40, 41, 43, 44, 47, 48, 51, 52, 55, 56, 59, 60, 63, 64, 67, 68, 71, 72, 75, 76, 77, 79, 80, 81, 82, 83, 84, 85, 88, 89, 91, 112, 126, 143, 144, 232, 241, 254, 288, 317, 318, 324, 332, 381, 453, 459, 465, 466, 468, 491, 492, 493, 495, 496, 497, 498, 500, 504, 510, 511, 513, 521, 542, 564, 571, 585, 603, 616, 617, 619, 641, 651, 683, 699, 710, 731, 749, 762, 780, 784, 788, 795, 813, 830, 831, 838, 852, 971, 985, 1017, 1024, 1039, 1088, 1110, 1135, 1140, 1144, 1149, 1150, 1157, 1160, 1194, 1227, 1316, 1357, 1400, 1408, 1409, 1411, 1412, 1416, 1417, 1419, 1433, 1434, 1436, 1476, 1488, 1518, 1519, 1521, 1531, 1564, 1565, 1567, 1576, 1596, 1597, 1604, 1627, 1673, 1700, 1716, 1761, 1770, 1800, 1851, 1867, 1872, 1897, 1909, 1935, 1941, 1945, 1966, 1999, 2030, 2031, 2038, 2043, 2072, 2096, 2136, 2185, 2221, 2236, 2248, 2279, 2294, 2309, 2322, 2323, 2331, 2374, 2396, 2447, 2503, 2509, 2513, 2517, 2521, 2525, 2549, 2569, 2585, 2598, 2610, 2662, 2663, 2664, 2666, 2667, 2668, 2669, 2670, 2671, 2672, 2673, 2676, 2677, 2679, 2698, 2732, 2736, 2763, 2793, 2808], "summary": {"covered_lines": 192, "num_statements": 193, "percent_covered": 99.48186528497409, "percent_covered_display": "99", "missing_lines": 1, "excluded_lines": 2}, "missing_lines": [39], "excluded_lines": [1411, 1412]}}}}, "totals": {"covered_lines": 3205, "num_statements": 3965, "percent_covered": 80.83228247162674, "percent_covered_display": "81", "missing_lines": 760, "excluded_lines": 132}}