{"meta": {"format": 3, "version": "7.10.2", "timestamp": "2025-08-06T19:17:09.455394", "branch_coverage": true, "show_contexts": false}, "files": {"src/voyager_trader/__init__.py": {"executed_lines": [1, 8, 9, 11, 12, 13, 14, 16], "summary": {"covered_lines": 7, "num_statements": 7, "percent_covered": 100.0, "percent_covered_display": "100", "missing_lines": 0, "excluded_lines": 0, "num_branches": 0, "num_partial_branches": 0, "covered_branches": 0, "missing_branches": 0}, "missing_lines": [], "excluded_lines": [], "executed_branches": [], "missing_branches": [], "functions": {"": {"executed_lines": [1, 8, 9, 11, 12, 13, 14, 16], "summary": {"covered_lines": 7, "num_statements": 7, "percent_covered": 100.0, "percent_covered_display": "100", "missing_lines": 0, "excluded_lines": 0, "num_branches": 0, "num_partial_branches": 0, "covered_branches": 0, "missing_branches": 0}, "missing_lines": [], "excluded_lines": [], "executed_branches": [], "missing_branches": []}}, "classes": {"": {"executed_lines": [1, 8, 9, 11, 12, 13, 14, 16], "summary": {"covered_lines": 7, "num_statements": 7, "percent_covered": 100.0, "percent_covered_display": "100", "missing_lines": 0, "excluded_lines": 0, "num_branches": 0, "num_partial_branches": 0, "covered_branches": 0, "missing_branches": 0}, "missing_lines": [], "excluded_lines": [], "executed_branches": [], "missing_branches": []}}}, "src/voyager_trader/core.py": {"executed_lines": [1, 10, 11, 12, 14, 15, 16, 19, 20, 21, 23, 24, 25, 26, 27, 28, 31, 32, 39, 41, 42, 45, 46, 47, 50, 51, 52, 54, 56, 57, 59, 61, 62, 64, 66], "summary": {"covered_lines": 32, "num_statements": 32, "percent_covered": 100.0, "percent_covered_display": "100", "missing_lines": 0, "excluded_lines": 0, "num_branches": 0, "num_partial_branches": 0, "covered_branches": 0, "missing_branches": 0}, "missing_lines": [], "excluded_lines": [], "executed_branches": [], "missing_branches": [], "functions": {"VoyagerTrader.__init__": {"executed_lines": [41, 42, 45, 46, 47, 50, 51, 52], "summary": {"covered_lines": 8, "num_statements": 8, "percent_covered": 100.0, "percent_covered_display": "100", "missing_lines": 0, "excluded_lines": 0, "num_branches": 0, "num_partial_branches": 0, "covered_branches": 0, "missing_branches": 0}, "missing_lines": [], "excluded_lines": [], "executed_branches": [], "missing_branches": []}, "VoyagerTrader.start": {"executed_lines": [56, 57], "summary": {"covered_lines": 2, "num_statements": 2, "percent_covered": 100.0, "percent_covered_display": "100", "missing_lines": 0, "excluded_lines": 0, "num_branches": 0, "num_partial_branches": 0, "covered_branches": 0, "missing_branches": 0}, "missing_lines": [], "excluded_lines": [], "executed_branches": [], "missing_branches": []}, "VoyagerTrader.stop": {"executed_lines": [61, 62], "summary": {"covered_lines": 2, "num_statements": 2, "percent_covered": 100.0, "percent_covered_display": "100", "missing_lines": 0, "excluded_lines": 0, "num_branches": 0, "num_partial_branches": 0, "covered_branches": 0, "missing_branches": 0}, "missing_lines": [], "excluded_lines": [], "executed_branches": [], "missing_branches": []}, "VoyagerTrader.get_status": {"executed_lines": [66], "summary": {"covered_lines": 1, "num_statements": 1, "percent_covered": 100.0, "percent_covered_display": "100", "missing_lines": 0, "excluded_lines": 0, "num_branches": 0, "num_partial_branches": 0, "covered_branches": 0, "missing_branches": 0}, "missing_lines": [], "excluded_lines": [], "executed_branches": [], "missing_branches": []}, "": {"executed_lines": [1, 10, 11, 12, 14, 15, 16, 19, 20, 21, 23, 24, 25, 26, 27, 28, 31, 32, 39, 54, 59, 64], "summary": {"covered_lines": 19, "num_statements": 19, "percent_covered": 100.0, "percent_covered_display": "100", "missing_lines": 0, "excluded_lines": 0, "num_branches": 0, "num_partial_branches": 0, "covered_branches": 0, "missing_branches": 0}, "missing_lines": [], "excluded_lines": [], "executed_branches": [], "missing_branches": []}}, "classes": {"TradingConfig": {"executed_lines": [], "summary": {"covered_lines": 0, "num_statements": 0, "percent_covered": 100.0, "percent_covered_display": "100", "missing_lines": 0, "excluded_lines": 0, "num_branches": 0, "num_partial_branches": 0, "covered_branches": 0, "missing_branches": 0}, "missing_lines": [], "excluded_lines": [], "executed_branches": [], "missing_branches": []}, "VoyagerTrader": {"executed_lines": [41, 42, 45, 46, 47, 50, 51, 52, 56, 57, 61, 62, 66], "summary": {"covered_lines": 13, "num_statements": 13, "percent_covered": 100.0, "percent_covered_display": "100", "missing_lines": 0, "excluded_lines": 0, "num_branches": 0, "num_partial_branches": 0, "covered_branches": 0, "missing_branches": 0}, "missing_lines": [], "excluded_lines": [], "executed_branches": [], "missing_branches": []}, "": {"executed_lines": [1, 10, 11, 12, 14, 15, 16, 19, 20, 21, 23, 24, 25, 26, 27, 28, 31, 32, 39, 54, 59, 64], "summary": {"covered_lines": 19, "num_statements": 19, "percent_covered": 100.0, "percent_covered_display": "100", "missing_lines": 0, "excluded_lines": 0, "num_branches": 0, "num_partial_branches": 0, "covered_branches": 0, "missing_branches": 0}, "missing_lines": [], "excluded_lines": [], "executed_branches": [], "missing_branches": []}}}, "src/voyager_trader/curriculum.py": {"executed_lines": [1, 14, 15, 16, 17, 18, 20, 22, 32, 33, 35, 36, 37, 38, 39, 40, 41, 42, 43, 44, 45, 48, 49, 51, 52, 53, 54, 55, 56, 57, 58, 61, 62, 64, 65, 66, 67, 68, 69, 70, 71, 72, 75, 77, 78, 79, 81, 85, 86, 88, 91, 94, 95, 97, 98, 99, 100, 101, 102, 103, 106, 107, 109, 110, 111, 112, 113, 114, 115, 118, 119, 121, 122, 123, 124, 125, 126, 127, 133, 134, 136, 142, 146, 151, 152, 154, 160, 164, 171, 172, 174, 180, 186, 190, 195, 196, 198, 207, 216, 223, 224, 226, 230, 234, 238, 246, 247, 254, 264, 265, 266, 267, 268, 269, 270, 272, 342, 395, 419, 420, 422, 425, 426, 427, 428, 429, 431, 435, 438, 446, 448, 449, 451, 453], "summary": {"covered_lines": 98, "num_statements": 140, "percent_covered": 65.18987341772151, "percent_covered_display": "65", "missing_lines": 42, "excluded_lines": 100, "num_branches": 18, "num_partial_branches": 3, "covered_branches": 5, "missing_branches": 13}, "missing_lines": [82, 87, 89, 280, 281, 288, 289, 290, 292, 295, 302, 303, 308, 311, 314, 317, 318, 323, 325, 327, 332, 335, 336, 338, 340, 351, 352, 355, 356, 357, 358, 361, 367, 373, 374, 380, 386, 389, 393, 399, 400, 402], "excluded_lines": [133, 134, 135, 136, 137, 138, 139, 140, 141, 142, 143, 144, 145, 146, 147, 148, 151, 152, 153, 154, 155, 156, 157, 158, 159, 160, 161, 162, 163, 164, 165, 166, 167, 168, 171, 172, 173, 174, 175, 176, 177, 178, 179, 180, 181, 182, 183, 184, 185, 186, 187, 188, 189, 190, 191, 192, 195, 196, 197, 198, 199, 200, 201, 202, 203, 204, 205, 206, 207, 208, 209, 210, 211, 212, 213, 214, 215, 216, 217, 218, 219, 220, 223, 224, 225, 226, 227, 228, 229, 230, 231, 232, 233, 234, 235, 236, 237, 238, 239, 240], "executed_branches": [[81, 85], [85, 86], [85, 91], [86, 88], [88, 85]], "missing_branches": [[81, 82], [86, 87], [88, 89], [302, 303], [302, 311], [314, 317], [314, 323], [325, 327], [325, 340], [332, 335], [332, 338], [386, 389], [386, 393]], "functions": {"TaskTemplate.validate_parameters": {"executed_lines": [81, 85, 86, 88, 91], "summary": {"covered_lines": 5, "num_statements": 8, "percent_covered": 62.5, "percent_covered_display": "62", "missing_lines": 3, "excluded_lines": 0, "num_branches": 8, "num_partial_branches": 3, "covered_branches": 5, "missing_branches": 3}, "missing_lines": [82, 87, 89], "excluded_lines": [], "executed_branches": [[81, 85], [85, 86], [85, 91], [86, 88], [88, 85]], "missing_branches": [[81, 82], [86, 87], [88, 89]]}, "CurriculumGenerator.generate_task": {"executed_lines": [], "summary": {"covered_lines": 0, "num_statements": 0, "percent_covered": 100.0, "percent_covered_display": "100", "missing_lines": 0, "excluded_lines": 2, "num_branches": 0, "num_partial_branches": 0, "covered_branches": 0, "missing_branches": 0}, "missing_lines": [], "excluded_lines": [139, 140], "executed_branches": [], "missing_branches": []}, "CurriculumGenerator.get_task_templates": {"executed_lines": [], "summary": {"covered_lines": 0, "num_statements": 0, "percent_covered": 100.0, "percent_covered_display": "100", "missing_lines": 0, "excluded_lines": 2, "num_branches": 0, "num_partial_branches": 0, "covered_branches": 0, "missing_branches": 0}, "missing_lines": [], "excluded_lines": [143, 144], "executed_branches": [], "missing_branches": []}, "CurriculumGenerator.validate_task": {"executed_lines": [], "summary": {"covered_lines": 0, "num_statements": 0, "percent_covered": 100.0, "percent_covered_display": "100", "missing_lines": 0, "excluded_lines": 2, "num_branches": 0, "num_partial_branches": 0, "covered_branches": 0, "missing_branches": 0}, "missing_lines": [], "excluded_lines": [147, 148], "executed_branches": [], "missing_branches": []}, "DifficultyAssessor.assess_task_difficulty": {"executed_lines": [], "summary": {"covered_lines": 0, "num_statements": 0, "percent_covered": 100.0, "percent_covered_display": "100", "missing_lines": 0, "excluded_lines": 2, "num_branches": 0, "num_partial_branches": 0, "covered_branches": 0, "missing_branches": 0}, "missing_lines": [], "excluded_lines": [157, 158], "executed_branches": [], "missing_branches": []}, "DifficultyAssessor.assess_template_difficulty": {"executed_lines": [], "summary": {"covered_lines": 0, "num_statements": 0, "percent_covered": 100.0, "percent_covered_display": "100", "missing_lines": 0, "excluded_lines": 2, "num_branches": 0, "num_partial_branches": 0, "covered_branches": 0, "missing_branches": 0}, "missing_lines": [], "excluded_lines": [161, 162], "executed_branches": [], "missing_branches": []}, "DifficultyAssessor.is_appropriate_difficulty": {"executed_lines": [], "summary": {"covered_lines": 0, "num_statements": 0, "percent_covered": 100.0, "percent_covered_display": "100", "missing_lines": 0, "excluded_lines": 2, "num_branches": 0, "num_partial_branches": 0, "covered_branches": 0, "missing_branches": 0}, "missing_lines": [], "excluded_lines": [167, 168], "executed_branches": [], "missing_branches": []}, "ProgressTracker.analyze_performance": {"executed_lines": [], "summary": {"covered_lines": 0, "num_statements": 0, "percent_covered": 100.0, "percent_covered_display": "100", "missing_lines": 0, "excluded_lines": 2, "num_branches": 0, "num_partial_branches": 0, "covered_branches": 0, "missing_branches": 0}, "missing_lines": [], "excluded_lines": [177, 178], "executed_branches": [], "missing_branches": []}, "ProgressTracker.track_task_completion": {"executed_lines": [], "summary": {"covered_lines": 0, "num_statements": 0, "percent_covered": 100.0, "percent_covered_display": "100", "missing_lines": 0, "excluded_lines": 2, "num_branches": 0, "num_partial_branches": 0, "covered_branches": 0, "missing_branches": 0}, "missing_lines": [], "excluded_lines": [183, 184], "executed_branches": [], "missing_branches": []}, "ProgressTracker.detect_learning_plateau": {"executed_lines": [], "summary": {"covered_lines": 0, "num_statements": 0, "percent_covered": 100.0, "percent_covered_display": "100", "missing_lines": 0, "excluded_lines": 2, "num_branches": 0, "num_partial_branches": 0, "covered_branches": 0, "missing_branches": 0}, "missing_lines": [], "excluded_lines": [187, 188], "executed_branches": [], "missing_branches": []}, "ProgressTracker.get_learning_trends": {"executed_lines": [], "summary": {"covered_lines": 0, "num_statements": 0, "percent_covered": 100.0, "percent_covered_display": "100", "missing_lines": 0, "excluded_lines": 2, "num_branches": 0, "num_partial_branches": 0, "covered_branches": 0, "missing_branches": 0}, "missing_lines": [], "excluded_lines": [191, 192], "executed_branches": [], "missing_branches": []}, "AdaptiveEngine.should_adapt_curriculum": {"executed_lines": [], "summary": {"covered_lines": 0, "num_statements": 0, "percent_covered": 100.0, "percent_covered_display": "100", "missing_lines": 0, "excluded_lines": 2, "num_branches": 0, "num_partial_branches": 0, "covered_branches": 0, "missing_branches": 0}, "missing_lines": [], "excluded_lines": [204, 205], "executed_branches": [], "missing_branches": []}, "AdaptiveEngine.adapt_curriculum": {"executed_lines": [], "summary": {"covered_lines": 0, "num_statements": 0, "percent_covered": 100.0, "percent_covered_display": "100", "missing_lines": 0, "excluded_lines": 2, "num_branches": 0, "num_partial_branches": 0, "covered_branches": 0, "missing_branches": 0}, "missing_lines": [], "excluded_lines": [213, 214], "executed_branches": [], "missing_branches": []}, "AdaptiveEngine.suggest_difficulty_adjustment": {"executed_lines": [], "summary": {"covered_lines": 0, "num_statements": 0, "percent_covered": 100.0, "percent_covered_display": "100", "missing_lines": 0, "excluded_lines": 2, "num_branches": 0, "num_partial_branches": 0, "covered_branches": 0, "missing_branches": 0}, "missing_lines": [], "excluded_lines": [219, 220], "executed_branches": [], "missing_branches": []}, "ContextAnalyzer.analyze_market_context": {"executed_lines": [], "summary": {"covered_lines": 0, "num_statements": 0, "percent_covered": 100.0, "percent_covered_display": "100", "missing_lines": 0, "excluded_lines": 2, "num_branches": 0, "num_partial_branches": 0, "covered_branches": 0, "missing_branches": 0}, "missing_lines": [], "excluded_lines": [227, 228], "executed_branches": [], "missing_branches": []}, "ContextAnalyzer.is_suitable_for_learning": {"executed_lines": [], "summary": {"covered_lines": 0, "num_statements": 0, "percent_covered": 100.0, "percent_covered_display": "100", "missing_lines": 0, "excluded_lines": 2, "num_branches": 0, "num_partial_branches": 0, "covered_branches": 0, "missing_branches": 0}, "missing_lines": [], "excluded_lines": [231, 232], "executed_branches": [], "missing_branches": []}, "ContextAnalyzer.get_recommended_task_types": {"executed_lines": [], "summary": {"covered_lines": 0, "num_statements": 0, "percent_covered": 100.0, "percent_covered_display": "100", "missing_lines": 0, "excluded_lines": 2, "num_branches": 0, "num_partial_branches": 0, "covered_branches": 0, "missing_branches": 0}, "missing_lines": [], "excluded_lines": [235, 236], "executed_branches": [], "missing_branches": []}, "ContextAnalyzer.assess_risk_level": {"executed_lines": [], "summary": {"covered_lines": 0, "num_statements": 0, "percent_covered": 100.0, "percent_covered_display": "100", "missing_lines": 0, "excluded_lines": 2, "num_branches": 0, "num_partial_branches": 0, "covered_branches": 0, "missing_branches": 0}, "missing_lines": [], "excluded_lines": [239, 240], "executed_branches": [], "missing_branches": []}, "AutomaticCurriculumService.__init__": {"executed_lines": [264, 265, 266, 267, 268, 269, 270], "summary": {"covered_lines": 7, "num_statements": 7, "percent_covered": 100.0, "percent_covered_display": "100", "missing_lines": 0, "excluded_lines": 0, "num_branches": 0, "num_partial_branches": 0, "covered_branches": 0, "missing_branches": 0}, "missing_lines": [], "excluded_lines": [], "executed_branches": [], "missing_branches": []}, "AutomaticCurriculumService.generate_next_task": {"executed_lines": [], "summary": {"covered_lines": 0, "num_statements": 22, "percent_covered": 0.0, "percent_covered_display": "0", "missing_lines": 22, "excluded_lines": 0, "num_branches": 8, "num_partial_branches": 0, "covered_branches": 0, "missing_branches": 8}, "missing_lines": [280, 281, 288, 289, 290, 292, 295, 302, 303, 308, 311, 314, 317, 318, 323, 325, 327, 332, 335, 336, 338, 340], "excluded_lines": [], "executed_branches": [], "missing_branches": [[302, 303], [302, 311], [314, 317], [314, 323], [325, 327], [325, 340], [332, 335], [332, 338]]}, "AutomaticCurriculumService.complete_task": {"executed_lines": [], "summary": {"covered_lines": 0, "num_statements": 14, "percent_covered": 0.0, "percent_covered_display": "0", "missing_lines": 14, "excluded_lines": 0, "num_branches": 2, "num_partial_branches": 0, "covered_branches": 0, "missing_branches": 2}, "missing_lines": [351, 352, 355, 356, 357, 358, 361, 367, 373, 374, 380, 386, 389, 393], "excluded_lines": [], "executed_branches": [], "missing_branches": [[386, 389], [386, 393]]}, "AutomaticCurriculumService.get_curriculum_status": {"executed_lines": [], "summary": {"covered_lines": 0, "num_statements": 3, "percent_covered": 0.0, "percent_covered_display": "0", "missing_lines": 3, "excluded_lines": 0, "num_branches": 0, "num_partial_branches": 0, "covered_branches": 0, "missing_branches": 0}, "missing_lines": [399, 400, 402], "excluded_lines": [], "executed_branches": [], "missing_branches": []}, "AutomaticCurriculum.__init__": {"executed_lines": [425, 426, 427, 428, 429], "summary": {"covered_lines": 5, "num_statements": 5, "percent_covered": 100.0, "percent_covered_display": "100", "missing_lines": 0, "excluded_lines": 0, "num_branches": 0, "num_partial_branches": 0, "covered_branches": 0, "missing_branches": 0}, "missing_lines": [], "excluded_lines": [], "executed_branches": [], "missing_branches": []}, "AutomaticCurriculum.generate_next_task": {"executed_lines": [435, 438], "summary": {"covered_lines": 2, "num_statements": 2, "percent_covered": 100.0, "percent_covered_display": "100", "missing_lines": 0, "excluded_lines": 0, "num_branches": 0, "num_partial_branches": 0, "covered_branches": 0, "missing_branches": 0}, "missing_lines": [], "excluded_lines": [], "executed_branches": [], "missing_branches": []}, "AutomaticCurriculum.update_task_progress": {"executed_lines": [448, 449], "summary": {"covered_lines": 2, "num_statements": 2, "percent_covered": 100.0, "percent_covered_display": "100", "missing_lines": 0, "excluded_lines": 0, "num_branches": 0, "num_partial_branches": 0, "covered_branches": 0, "missing_branches": 0}, "missing_lines": [], "excluded_lines": [], "executed_branches": [], "missing_branches": []}, "AutomaticCurriculum.get_difficulty_progression": {"executed_lines": [453], "summary": {"covered_lines": 1, "num_statements": 1, "percent_covered": 100.0, "percent_covered_display": "100", "missing_lines": 0, "excluded_lines": 0, "num_branches": 0, "num_partial_branches": 0, "covered_branches": 0, "missing_branches": 0}, "missing_lines": [], "excluded_lines": [], "executed_branches": [], "missing_branches": []}, "": {"executed_lines": [1, 14, 15, 16, 17, 18, 20, 22, 32, 33, 35, 36, 37, 38, 39, 40, 41, 42, 43, 44, 45, 48, 49, 51, 52, 53, 54, 55, 56, 57, 58, 61, 62, 64, 65, 66, 67, 68, 69, 70, 71, 72, 75, 77, 78, 79, 94, 95, 97, 98, 99, 100, 101, 102, 103, 106, 107, 109, 110, 111, 112, 113, 114, 115, 118, 119, 121, 122, 123, 124, 125, 126, 127, 133, 134, 136, 142, 146, 151, 152, 154, 160, 164, 171, 172, 174, 180, 186, 190, 195, 196, 198, 207, 216, 223, 224, 226, 230, 234, 238, 246, 247, 254, 272, 342, 395, 419, 420, 422, 431, 446, 451], "summary": {"covered_lines": 76, "num_statements": 76, "percent_covered": 100.0, "percent_covered_display": "100", "missing_lines": 0, "excluded_lines": 66, "num_branches": 0, "num_partial_branches": 0, "covered_branches": 0, "missing_branches": 0}, "missing_lines": [], "excluded_lines": [133, 134, 135, 136, 137, 138, 141, 142, 145, 146, 151, 152, 153, 154, 155, 156, 159, 160, 163, 164, 165, 166, 171, 172, 173, 174, 175, 176, 179, 180, 181, 182, 185, 186, 189, 190, 195, 196, 197, 198, 199, 200, 201, 202, 203, 206, 207, 208, 209, 210, 211, 212, 215, 216, 217, 218, 223, 224, 225, 226, 229, 230, 233, 234, 237, 238], "executed_branches": [], "missing_branches": []}}, "classes": {"MarketCondition": {"executed_lines": [], "summary": {"covered_lines": 0, "num_statements": 0, "percent_covered": 100.0, "percent_covered_display": "100", "missing_lines": 0, "excluded_lines": 0, "num_branches": 0, "num_partial_branches": 0, "covered_branches": 0, "missing_branches": 0}, "missing_lines": [], "excluded_lines": [], "executed_branches": [], "missing_branches": []}, "AdaptationTrigger": {"executed_lines": [], "summary": {"covered_lines": 0, "num_statements": 0, "percent_covered": 100.0, "percent_covered_display": "100", "missing_lines": 0, "excluded_lines": 0, "num_branches": 0, "num_partial_branches": 0, "covered_branches": 0, "missing_branches": 0}, "missing_lines": [], "excluded_lines": [], "executed_branches": [], "missing_branches": []}, "TaskTemplate": {"executed_lines": [81, 85, 86, 88, 91], "summary": {"covered_lines": 5, "num_statements": 8, "percent_covered": 62.5, "percent_covered_display": "62", "missing_lines": 3, "excluded_lines": 0, "num_branches": 8, "num_partial_branches": 3, "covered_branches": 5, "missing_branches": 3}, "missing_lines": [82, 87, 89], "excluded_lines": [], "executed_branches": [[81, 85], [85, 86], [85, 91], [86, 88], [88, 85]], "missing_branches": [[81, 82], [86, 87], [88, 89]]}, "DifficultyScore": {"executed_lines": [], "summary": {"covered_lines": 0, "num_statements": 0, "percent_covered": 100.0, "percent_covered_display": "100", "missing_lines": 0, "excluded_lines": 0, "num_branches": 0, "num_partial_branches": 0, "covered_branches": 0, "missing_branches": 0}, "missing_lines": [], "excluded_lines": [], "executed_branches": [], "missing_branches": []}, "PerformanceAnalysis": {"executed_lines": [], "summary": {"covered_lines": 0, "num_statements": 0, "percent_covered": 100.0, "percent_covered_display": "100", "missing_lines": 0, "excluded_lines": 0, "num_branches": 0, "num_partial_branches": 0, "covered_branches": 0, "missing_branches": 0}, "missing_lines": [], "excluded_lines": [], "executed_branches": [], "missing_branches": []}, "MarketContext": {"executed_lines": [], "summary": {"covered_lines": 0, "num_statements": 0, "percent_covered": 100.0, "percent_covered_display": "100", "missing_lines": 0, "excluded_lines": 0, "num_branches": 0, "num_partial_branches": 0, "covered_branches": 0, "missing_branches": 0}, "missing_lines": [], "excluded_lines": [], "executed_branches": [], "missing_branches": []}, "CurriculumGenerator": {"executed_lines": [], "summary": {"covered_lines": 0, "num_statements": 0, "percent_covered": 100.0, "percent_covered_display": "100", "missing_lines": 0, "excluded_lines": 6, "num_branches": 0, "num_partial_branches": 0, "covered_branches": 0, "missing_branches": 0}, "missing_lines": [], "excluded_lines": [139, 140, 143, 144, 147, 148], "executed_branches": [], "missing_branches": []}, "DifficultyAssessor": {"executed_lines": [], "summary": {"covered_lines": 0, "num_statements": 0, "percent_covered": 100.0, "percent_covered_display": "100", "missing_lines": 0, "excluded_lines": 6, "num_branches": 0, "num_partial_branches": 0, "covered_branches": 0, "missing_branches": 0}, "missing_lines": [], "excluded_lines": [157, 158, 161, 162, 167, 168], "executed_branches": [], "missing_branches": []}, "ProgressTracker": {"executed_lines": [], "summary": {"covered_lines": 0, "num_statements": 0, "percent_covered": 100.0, "percent_covered_display": "100", "missing_lines": 0, "excluded_lines": 8, "num_branches": 0, "num_partial_branches": 0, "covered_branches": 0, "missing_branches": 0}, "missing_lines": [], "excluded_lines": [177, 178, 183, 184, 187, 188, 191, 192], "executed_branches": [], "missing_branches": []}, "AdaptiveEngine": {"executed_lines": [], "summary": {"covered_lines": 0, "num_statements": 0, "percent_covered": 100.0, "percent_covered_display": "100", "missing_lines": 0, "excluded_lines": 6, "num_branches": 0, "num_partial_branches": 0, "covered_branches": 0, "missing_branches": 0}, "missing_lines": [], "excluded_lines": [204, 205, 213, 214, 219, 220], "executed_branches": [], "missing_branches": []}, "ContextAnalyzer": {"executed_lines": [], "summary": {"covered_lines": 0, "num_statements": 0, "percent_covered": 100.0, "percent_covered_display": "100", "missing_lines": 0, "excluded_lines": 8, "num_branches": 0, "num_partial_branches": 0, "covered_branches": 0, "missing_branches": 0}, "missing_lines": [], "excluded_lines": [227, 228, 231, 232, 235, 236, 239, 240], "executed_branches": [], "missing_branches": []}, "AutomaticCurriculumService": {"executed_lines": [264, 265, 266, 267, 268, 269, 270], "summary": {"covered_lines": 7, "num_statements": 46, "percent_covered": 12.5, "percent_covered_display": "12", "missing_lines": 39, "excluded_lines": 0, "num_branches": 10, "num_partial_branches": 0, "covered_branches": 0, "missing_branches": 10}, "missing_lines": [280, 281, 288, 289, 290, 292, 295, 302, 303, 308, 311, 314, 317, 318, 323, 325, 327, 332, 335, 336, 338, 340, 351, 352, 355, 356, 357, 358, 361, 367, 373, 374, 380, 386, 389, 393, 399, 400, 402], "excluded_lines": [], "executed_branches": [], "missing_branches": [[302, 303], [302, 311], [314, 317], [314, 323], [325, 327], [325, 340], [332, 335], [332, 338], [386, 389], [386, 393]]}, "AutomaticCurriculum": {"executed_lines": [425, 426, 427, 428, 429, 435, 438, 448, 449, 453], "summary": {"covered_lines": 10, "num_statements": 10, "percent_covered": 100.0, "percent_covered_display": "100", "missing_lines": 0, "excluded_lines": 0, "num_branches": 0, "num_partial_branches": 0, "covered_branches": 0, "missing_branches": 0}, "missing_lines": [], "excluded_lines": [], "executed_branches": [], "missing_branches": []}, "": {"executed_lines": [1, 14, 15, 16, 17, 18, 20, 22, 32, 33, 35, 36, 37, 38, 39, 40, 41, 42, 43, 44, 45, 48, 49, 51, 52, 53, 54, 55, 56, 57, 58, 61, 62, 64, 65, 66, 67, 68, 69, 70, 71, 72, 75, 77, 78, 79, 94, 95, 97, 98, 99, 100, 101, 102, 103, 106, 107, 109, 110, 111, 112, 113, 114, 115, 118, 119, 121, 122, 123, 124, 125, 126, 127, 133, 134, 136, 142, 146, 151, 152, 154, 160, 164, 171, 172, 174, 180, 186, 190, 195, 196, 198, 207, 216, 223, 224, 226, 230, 234, 238, 246, 247, 254, 272, 342, 395, 419, 420, 422, 431, 446, 451], "summary": {"covered_lines": 76, "num_statements": 76, "percent_covered": 100.0, "percent_covered_display": "100", "missing_lines": 0, "excluded_lines": 66, "num_branches": 0, "num_partial_branches": 0, "covered_branches": 0, "missing_branches": 0}, "missing_lines": [], "excluded_lines": [133, 134, 135, 136, 137, 138, 141, 142, 145, 146, 151, 152, 153, 154, 155, 156, 159, 160, 163, 164, 165, 166, 171, 172, 173, 174, 175, 176, 179, 180, 181, 182, 185, 186, 189, 190, 195, 196, 197, 198, 199, 200, 201, 202, 203, 206, 207, 208, 209, 210, 211, 212, 215, 216, 217, 218, 223, 224, 225, 226, 229, 230, 233, 234, 237, 238], "executed_branches": [], "missing_branches": []}}}, "src/voyager_trader/curriculum_components.py": {"executed_lines": [1, 14, 15, 16, 17, 18, 19, 20, 22, 24, 32, 46, 48, 50, 52, 55, 57, 62, 73, 88, 91, 92, 97, 100, 103, 106, 107, 110, 111, 112, 115, 118, 121, 124, 127, 130, 131, 134, 139, 140, 142, 143, 144, 152, 155, 156, 158, 160, 161, 163, 165, 172, 174, 178, 182, 194, 195, 201, 203, 204, 205, 210, 212, 214, 393, 397, 398, 405, 409, 410, 411, 416, 417, 423, 429, 434, 435, 436, 437, 439, 444, 449, 451, 452, 454, 456, 458, 461, 462, 463, 466, 469, 471, 473, 474, 475, 476, 478, 482, 499, 503, 505, 507, 533, 534, 540, 542, 543, 545, 550, 553, 556, 559, 565, 575, 578, 579, 580, 582, 584, 594, 599, 606, 609, 611, 613, 616, 619, 622, 624, 626, 628, 631, 634, 637, 639, 641, 643, 646, 648, 649, 652, 653, 655, 658, 659, 665, 667, 668, 669, 671, 675, 678, 681, 684, 687, 690, 692, 702, 706, 708, 722, 739, 742, 750, 753, 754, 760, 762, 763, 766, 767, 771, 772, 776, 779, 781, 783, 787, 789, 792, 795, 796, 798, 801, 804, 805, 811, 813, 814, 816, 846, 878, 908, 924, 925, 931, 933, 934, 936, 938, 941, 942, 943, 944, 945, 946, 947, 949, 959, 962, 963, 965, 968, 971, 973, 975, 977, 978, 980, 981, 983, 986, 988, 990, 992, 993, 994, 996, 998, 1003, 1006, 1007, 1009, 1012, 1014, 1017, 1019, 1022, 1024, 1027, 1029, 1032, 1034, 1038, 1040, 1041, 1043, 1046, 1047, 1049, 1051, 1053, 1055, 1058, 1061, 1064], "summary": {"covered_lines": 249, "num_statements": 372, "percent_covered": 57.36434108527132, "percent_covered_display": "57", "missing_lines": 123, "excluded_lines": 0, "num_branches": 144, "num_partial_branches": 35, "covered_branches": 47, "missing_branches": 97}, "missing_lines": [49, 51, 58, 59, 64, 65, 66, 67, 68, 69, 70, 93, 94, 101, 146, 147, 148, 149, 150, 166, 167, 168, 171, 176, 180, 184, 185, 190, 191, 412, 413, 430, 431, 440, 441, 467, 510, 512, 515, 517, 520, 522, 523, 524, 525, 527, 530, 647, 718, 719, 720, 725, 726, 729, 730, 731, 734, 735, 737, 755, 756, 758, 769, 774, 777, 790, 793, 799, 823, 825, 826, 828, 829, 833, 835, 837, 838, 840, 842, 844, 853, 855, 857, 859, 860, 861, 863, 865, 866, 867, 869, 871, 872, 873, 874, 876, 882, 884, 890, 891, 892, 894, 896, 902, 903, 904, 906, 912, 914, 916, 917, 918, 919, 921, 966, 969, 984, 1008, 1010, 1044, 1056, 1059, 1062], "excluded_lines": [], "executed_branches": [[48, 50], [50, 52], [57, -55], [100, 103], [165, 172], [409, 410], [411, 416], [429, 434], [435, 436], [435, 439], [436, 435], [436, 437], [439, 444], [461, 462], [461, 466], [462, 463], [466, 469], [473, 474], [473, 476], [474, 475], [505, 507], [646, 648], [648, 649], [648, 652], [753, 754], [766, 767], [771, 772], [776, 779], [789, 792], [792, 795], [795, 796], [798, 801], [962, 963], [962, 965], [965, 968], [968, 971], [977, 978], [980, 981], [983, 986], [1007, 1009], [1009, 1012], [1040, 1041], [1043, 1046], [1046, 1047], [1055, 1058], [1058, 1061], [1061, 1064]], "missing_branches": [[48, 49], [50, 51], [57, 58], [58, -55], [58, 59], [66, 67], [66, 70], [100, 101], [165, 166], [167, 168], [167, 171], [190, -182], [190, 191], [409, 416], [411, 412], [429, 430], [439, 440], [462, 461], [466, 467], [474, 473], [505, 510], [510, 512], [510, 515], [515, 517], [515, 520], [520, 522], [520, 530], [522, 523], [522, 524], [524, 525], [524, 527], [646, 647], [718, 719], [718, 720], [725, 726], [725, 729], [730, 731], [730, 734], [734, 735], [734, 737], [753, 755], [755, 756], [755, 758], [766, 769], [771, 774], [776, 777], [789, 790], [792, 793], [795, 798], [798, 799], [825, 826], [825, 828], [828, 829], [828, 833], [833, 835], [833, 837], [837, 838], [837, 840], [840, 842], [840, 844], [857, 859], [857, 863], [859, 860], [859, 876], [863, 865], [863, 869], [865, 866], [865, 876], [869, 871], [869, 876], [872, 873], [872, 876], [882, 884], [882, 894], [891, 892], [891, 906], [894, 896], [894, 906], [903, 904], [903, 906], [916, 917], [916, 918], [918, 919], [918, 921], [965, 966], [968, 969], [977, 980], [980, 983], [983, 984], [1007, 1008], [1009, 1010], [1040, 1043], [1043, 1044], [1046, 1049], [1055, 1056], [1058, 1059], [1061, 1062]], "functions": {"_validate_path_input": {"executed_lines": [48, 50, 52], "summary": {"covered_lines": 3, "num_statements": 5, "percent_covered": 55.55555555555556, "percent_covered_display": "56", "missing_lines": 2, "excluded_lines": 0, "num_branches": 4, "num_partial_branches": 2, "covered_branches": 2, "missing_branches": 2}, "missing_lines": [49, 51], "excluded_lines": [], "executed_branches": [[48, 50], [50, 52]], "missing_branches": [[48, 49], [50, 51]]}, "_check_directory_traversal": {"executed_lines": [57], "summary": {"covered_lines": 1, "num_statements": 3, "percent_covered": 28.571428571428573, "percent_covered_display": "29", "missing_lines": 2, "excluded_lines": 0, "num_branches": 4, "num_partial_branches": 1, "covered_branches": 1, "missing_branches": 3}, "missing_lines": [58, 59], "excluded_lines": [], "executed_branches": [[57, -55]], "missing_branches": [[57, 58], [58, -55], [58, 59]]}, "_constrain_to_base_dir": {"executed_lines": [], "summary": {"covered_lines": 0, "num_statements": 7, "percent_covered": 0.0, "percent_covered_display": "0", "missing_lines": 7, "excluded_lines": 0, "num_branches": 2, "num_partial_branches": 0, "covered_branches": 0, "missing_branches": 2}, "missing_lines": [64, 65, 66, 67, 68, 69, 70], "excluded_lines": [], "executed_branches": [], "missing_branches": [[66, 67], [66, 70]]}, "sanitize_file_path": {"executed_lines": [88, 91, 92, 97, 100, 103], "summary": {"covered_lines": 6, "num_statements": 9, "percent_covered": 63.63636363636363, "percent_covered_display": "64", "missing_lines": 3, "excluded_lines": 0, "num_branches": 2, "num_partial_branches": 1, "covered_branches": 1, "missing_branches": 1}, "missing_lines": [93, 94, 101], "excluded_lines": [], "executed_branches": [[100, 103]], "missing_branches": [[100, 101]]}, "CurriculumConfig.validate_storage_path": {"executed_lines": [], "summary": {"covered_lines": 0, "num_statements": 5, "percent_covered": 0.0, "percent_covered_display": "0", "missing_lines": 5, "excluded_lines": 0, "num_branches": 0, "num_partial_branches": 0, "covered_branches": 0, "missing_branches": 0}, "missing_lines": [146, 147, 148, 149, 150], "excluded_lines": [], "executed_branches": [], "missing_branches": []}, "CurriculumCache.__init__": {"executed_lines": [160, 161], "summary": {"covered_lines": 2, "num_statements": 2, "percent_covered": 100.0, "percent_covered_display": "100", "missing_lines": 0, "excluded_lines": 0, "num_branches": 0, "num_partial_branches": 0, "covered_branches": 0, "missing_branches": 0}, "missing_lines": [], "excluded_lines": [], "executed_branches": [], "missing_branches": []}, "CurriculumCache.get": {"executed_lines": [165, 172], "summary": {"covered_lines": 2, "num_statements": 6, "percent_covered": 30.0, "percent_covered_display": "30", "missing_lines": 4, "excluded_lines": 0, "num_branches": 4, "num_partial_branches": 1, "covered_branches": 1, "missing_branches": 3}, "missing_lines": [166, 167, 168, 171], "excluded_lines": [], "executed_branches": [[165, 172]], "missing_branches": [[165, 166], [167, 168], [167, 171]]}, "CurriculumCache.set": {"executed_lines": [], "summary": {"covered_lines": 0, "num_statements": 1, "percent_covered": 0.0, "percent_covered_display": "0", "missing_lines": 1, "excluded_lines": 0, "num_branches": 0, "num_partial_branches": 0, "covered_branches": 0, "missing_branches": 0}, "missing_lines": [176], "excluded_lines": [], "executed_branches": [], "missing_branches": []}, "CurriculumCache.clear": {"executed_lines": [], "summary": {"covered_lines": 0, "num_statements": 1, "percent_covered": 0.0, "percent_covered_display": "0", "missing_lines": 1, "excluded_lines": 0, "num_branches": 0, "num_partial_branches": 0, "covered_branches": 0, "missing_branches": 0}, "missing_lines": [180], "excluded_lines": [], "executed_branches": [], "missing_branches": []}, "CurriculumCache.cleanup_expired": {"executed_lines": [], "summary": {"covered_lines": 0, "num_statements": 4, "percent_covered": 0.0, "percent_covered_display": "0", "missing_lines": 4, "excluded_lines": 0, "num_branches": 2, "num_partial_branches": 0, "covered_branches": 0, "missing_branches": 2}, "missing_lines": [184, 185, 190, 191], "excluded_lines": [], "executed_branches": [], "missing_branches": [[190, -182], [190, 191]]}, "BasicCurriculumGenerator.__init__": {"executed_lines": [203, 204, 205, 210], "summary": {"covered_lines": 4, "num_statements": 4, "percent_covered": 100.0, "percent_covered_display": "100", "missing_lines": 0, "excluded_lines": 0, "num_branches": 0, "num_partial_branches": 0, "covered_branches": 0, "missing_branches": 0}, "missing_lines": [], "excluded_lines": [], "executed_branches": [], "missing_branches": []}, "BasicCurriculumGenerator._initialize_task_templates": {"executed_lines": [214], "summary": {"covered_lines": 1, "num_statements": 1, "percent_covered": 100.0, "percent_covered_display": "100", "missing_lines": 0, "excluded_lines": 0, "num_branches": 0, "num_partial_branches": 0, "covered_branches": 0, "missing_branches": 0}, "missing_lines": [], "excluded_lines": [], "executed_branches": [], "missing_branches": []}, "BasicCurriculumGenerator.generate_task": {"executed_lines": [397, 398, 405, 409, 410, 411, 416, 417, 423, 429, 434, 435, 436, 437, 439, 444, 449, 451, 452], "summary": {"covered_lines": 19, "num_statements": 25, "percent_covered": 72.97297297297297, "percent_covered_display": "73", "missing_lines": 6, "excluded_lines": 0, "num_branches": 12, "num_partial_branches": 4, "covered_branches": 8, "missing_branches": 4}, "missing_lines": [412, 413, 430, 431, 440, 441], "excluded_lines": [], "executed_branches": [[409, 410], [411, 416], [429, 434], [435, 436], [435, 439], [436, 435], [436, 437], [439, 444]], "missing_branches": [[409, 416], [411, 412], [429, 430], [439, 440]]}, "BasicCurriculumGenerator.get_task_templates": {"executed_lines": [456], "summary": {"covered_lines": 1, "num_statements": 1, "percent_covered": 100.0, "percent_covered_display": "100", "missing_lines": 0, "excluded_lines": 0, "num_branches": 0, "num_partial_branches": 0, "covered_branches": 0, "missing_branches": 0}, "missing_lines": [], "excluded_lines": [], "executed_branches": [], "missing_branches": []}, "BasicCurriculumGenerator.validate_task": {"executed_lines": [461, 462, 463, 466, 469], "summary": {"covered_lines": 5, "num_statements": 6, "percent_covered": 75.0, "percent_covered_display": "75", "missing_lines": 1, "excluded_lines": 0, "num_branches": 6, "num_partial_branches": 2, "covered_branches": 4, "missing_branches": 2}, "missing_lines": [467], "excluded_lines": [], "executed_branches": [[461, 462], [461, 466], [462, 463], [466, 469]], "missing_branches": [[462, 461], [466, 467]]}, "BasicCurriculumGenerator._check_prerequisites": {"executed_lines": [473, 474, 475, 476], "summary": {"covered_lines": 4, "num_statements": 4, "percent_covered": 87.5, "percent_covered_display": "88", "missing_lines": 0, "excluded_lines": 0, "num_branches": 4, "num_partial_branches": 1, "covered_branches": 3, "missing_branches": 1}, "missing_lines": [], "excluded_lines": [], "executed_branches": [[473, 474], [473, 476], [474, 475]], "missing_branches": [[474, 473]]}, "BasicCurriculumGenerator._create_task_from_template": {"executed_lines": [482], "summary": {"covered_lines": 1, "num_statements": 1, "percent_covered": 100.0, "percent_covered_display": "100", "missing_lines": 0, "excluded_lines": 0, "num_branches": 0, "num_partial_branches": 0, "covered_branches": 0, "missing_branches": 0}, "missing_lines": [], "excluded_lines": [], "executed_branches": [], "missing_branches": []}, "BasicCurriculumGenerator._select_template_by_strategy": {"executed_lines": [503, 505, 507], "summary": {"covered_lines": 3, "num_statements": 14, "percent_covered": 15.384615384615385, "percent_covered_display": "15", "missing_lines": 11, "excluded_lines": 0, "num_branches": 12, "num_partial_branches": 1, "covered_branches": 1, "missing_branches": 11}, "missing_lines": [510, 512, 515, 517, 520, 522, 523, 524, 525, 527, 530], "excluded_lines": [], "executed_branches": [[505, 507]], "missing_branches": [[505, 510], [510, 512], [510, 515], [515, 517], [515, 520], [520, 522], [520, 530], [522, 523], [522, 524], [524, 525], [524, 527]]}, "StandardDifficultyAssessor.__init__": {"executed_lines": [542, 543], "summary": {"covered_lines": 2, "num_statements": 2, "percent_covered": 100.0, "percent_covered_display": "100", "missing_lines": 0, "excluded_lines": 0, "num_branches": 0, "num_partial_branches": 0, "covered_branches": 0, "missing_branches": 0}, "missing_lines": [], "excluded_lines": [], "executed_branches": [], "missing_branches": []}, "StandardDifficultyAssessor.assess_task_difficulty": {"executed_lines": [550, 553, 556, 559, 565], "summary": {"covered_lines": 5, "num_statements": 5, "percent_covered": 100.0, "percent_covered_display": "100", "missing_lines": 0, "excluded_lines": 0, "num_branches": 0, "num_partial_branches": 0, "covered_branches": 0, "missing_branches": 0}, "missing_lines": [], "excluded_lines": [], "executed_branches": [], "missing_branches": []}, "StandardDifficultyAssessor.assess_template_difficulty": {"executed_lines": [578, 579, 580, 582, 584], "summary": {"covered_lines": 5, "num_statements": 5, "percent_covered": 100.0, "percent_covered_display": "100", "missing_lines": 0, "excluded_lines": 0, "num_branches": 0, "num_partial_branches": 0, "covered_branches": 0, "missing_branches": 0}, "missing_lines": [], "excluded_lines": [], "executed_branches": [], "missing_branches": []}, "StandardDifficultyAssessor.is_appropriate_difficulty": {"executed_lines": [599, 606, 609], "summary": {"covered_lines": 3, "num_statements": 3, "percent_covered": 100.0, "percent_covered_display": "100", "missing_lines": 0, "excluded_lines": 0, "num_branches": 0, "num_partial_branches": 0, "covered_branches": 0, "missing_branches": 0}, "missing_lines": [], "excluded_lines": [], "executed_branches": [], "missing_branches": []}, "StandardDifficultyAssessor._assess_technical_complexity": {"executed_lines": [613, 616, 619, 622, 624], "summary": {"covered_lines": 5, "num_statements": 5, "percent_covered": 100.0, "percent_covered_display": "100", "missing_lines": 0, "excluded_lines": 0, "num_branches": 0, "num_partial_branches": 0, "covered_branches": 0, "missing_branches": 0}, "missing_lines": [], "excluded_lines": [], "executed_branches": [], "missing_branches": []}, "StandardDifficultyAssessor._assess_market_complexity": {"executed_lines": [628, 631, 634, 637, 639], "summary": {"covered_lines": 5, "num_statements": 5, "percent_covered": 100.0, "percent_covered_display": "100", "missing_lines": 0, "excluded_lines": 0, "num_branches": 0, "num_partial_branches": 0, "covered_branches": 0, "missing_branches": 0}, "missing_lines": [], "excluded_lines": [], "executed_branches": [], "missing_branches": []}, "StandardDifficultyAssessor._assess_risk_level": {"executed_lines": [643, 646, 648, 649, 652, 653, 655], "summary": {"covered_lines": 7, "num_statements": 8, "percent_covered": 83.33333333333333, "percent_covered_display": "83", "missing_lines": 1, "excluded_lines": 0, "num_branches": 4, "num_partial_branches": 1, "covered_branches": 3, "missing_branches": 1}, "missing_lines": [647], "excluded_lines": [], "executed_branches": [[646, 648], [648, 649], [648, 652]], "missing_branches": [[646, 647]]}, "PerformanceProgressTracker.__init__": {"executed_lines": [667, 668, 669], "summary": {"covered_lines": 3, "num_statements": 3, "percent_covered": 100.0, "percent_covered_display": "100", "missing_lines": 0, "excluded_lines": 0, "num_branches": 0, "num_partial_branches": 0, "covered_branches": 0, "missing_branches": 0}, "missing_lines": [], "excluded_lines": [], "executed_branches": [], "missing_branches": []}, "PerformanceProgressTracker.analyze_performance": {"executed_lines": [675, 678, 681, 684, 687, 690, 692], "summary": {"covered_lines": 7, "num_statements": 7, "percent_covered": 100.0, "percent_covered_display": "100", "missing_lines": 0, "excluded_lines": 0, "num_branches": 0, "num_partial_branches": 0, "covered_branches": 0, "missing_branches": 0}, "missing_lines": [], "excluded_lines": [], "executed_branches": [], "missing_branches": []}, "PerformanceProgressTracker.track_task_completion": {"executed_lines": [706, 708], "summary": {"covered_lines": 2, "num_statements": 5, "percent_covered": 28.571428571428573, "percent_covered_display": "29", "missing_lines": 3, "excluded_lines": 0, "num_branches": 2, "num_partial_branches": 0, "covered_branches": 0, "missing_branches": 2}, "missing_lines": [718, 719, 720], "excluded_lines": [], "executed_branches": [], "missing_branches": [[718, 719], [718, 720]]}, "PerformanceProgressTracker.detect_learning_plateau": {"executed_lines": [], "summary": {"covered_lines": 0, "num_statements": 8, "percent_covered": 0.0, "percent_covered_display": "0", "missing_lines": 8, "excluded_lines": 0, "num_branches": 6, "num_partial_branches": 0, "covered_branches": 0, "missing_branches": 6}, "missing_lines": [725, 726, 729, 730, 731, 734, 735, 737], "excluded_lines": [], "executed_branches": [], "missing_branches": [[725, 726], [725, 729], [730, 731], [730, 734], [734, 735], [734, 737]]}, "PerformanceProgressTracker.get_learning_trends": {"executed_lines": [742], "summary": {"covered_lines": 1, "num_statements": 1, "percent_covered": 100.0, "percent_covered_display": "100", "missing_lines": 0, "excluded_lines": 0, "num_branches": 0, "num_partial_branches": 0, "covered_branches": 0, "missing_branches": 0}, "missing_lines": [], "excluded_lines": [], "executed_branches": [], "missing_branches": []}, "PerformanceProgressTracker._calculate_trend": {"executed_lines": [753, 754], "summary": {"covered_lines": 2, "num_statements": 5, "percent_covered": 33.333333333333336, "percent_covered_display": "33", "missing_lines": 3, "excluded_lines": 0, "num_branches": 4, "num_partial_branches": 1, "covered_branches": 1, "missing_branches": 3}, "missing_lines": [755, 756, 758], "excluded_lines": [], "executed_branches": [[753, 754]], "missing_branches": [[753, 755], [755, 756], [755, 758]]}, "PerformanceProgressTracker._analyze_skill_performance": {"executed_lines": [762, 763, 766, 767, 771, 772, 776, 779, 781], "summary": {"covered_lines": 9, "num_statements": 12, "percent_covered": 66.66666666666667, "percent_covered_display": "67", "missing_lines": 3, "excluded_lines": 0, "num_branches": 6, "num_partial_branches": 3, "covered_branches": 3, "missing_branches": 3}, "missing_lines": [769, 774, 777], "excluded_lines": [], "executed_branches": [[766, 767], [771, 772], [776, 779]], "missing_branches": [[766, 769], [771, 774], [776, 777]]}, "PerformanceProgressTracker._generate_recommendations": {"executed_lines": [787, 789, 792, 795, 796, 798, 801], "summary": {"covered_lines": 7, "num_statements": 10, "percent_covered": 61.111111111111114, "percent_covered_display": "61", "missing_lines": 3, "excluded_lines": 0, "num_branches": 8, "num_partial_branches": 4, "covered_branches": 4, "missing_branches": 4}, "missing_lines": [790, 793, 799], "excluded_lines": [], "executed_branches": [[789, 792], [792, 795], [795, 796], [798, 801]], "missing_branches": [[789, 790], [792, 793], [795, 798], [798, 799]]}, "AdaptiveLogicEngine.__init__": {"executed_lines": [813, 814], "summary": {"covered_lines": 2, "num_statements": 2, "percent_covered": 100.0, "percent_covered_display": "100", "missing_lines": 0, "excluded_lines": 0, "num_branches": 0, "num_partial_branches": 0, "covered_branches": 0, "missing_branches": 0}, "missing_lines": [], "excluded_lines": [], "executed_branches": [], "missing_branches": []}, "AdaptiveLogicEngine.should_adapt_curriculum": {"executed_lines": [], "summary": {"covered_lines": 0, "num_statements": 12, "percent_covered": 0.0, "percent_covered_display": "0", "missing_lines": 12, "excluded_lines": 0, "num_branches": 10, "num_partial_branches": 0, "covered_branches": 0, "missing_branches": 10}, "missing_lines": [823, 825, 826, 828, 829, 833, 835, 837, 838, 840, 842, 844], "excluded_lines": [], "executed_branches": [], "missing_branches": [[825, 826], [825, 828], [828, 829], [828, 833], [833, 835], [833, 837], [837, 838], [837, 840], [840, 842], [840, 844]]}, "AdaptiveLogicEngine.adapt_curriculum": {"executed_lines": [], "summary": {"covered_lines": 0, "num_statements": 16, "percent_covered": 0.0, "percent_covered_display": "0", "missing_lines": 16, "excluded_lines": 0, "num_branches": 12, "num_partial_branches": 0, "covered_branches": 0, "missing_branches": 12}, "missing_lines": [853, 855, 857, 859, 860, 861, 863, 865, 866, 867, 869, 871, 872, 873, 874, 876], "excluded_lines": [], "executed_branches": [], "missing_branches": [[857, 859], [857, 863], [859, 860], [859, 876], [863, 865], [863, 869], [865, 866], [865, 876], [869, 871], [869, 876], [872, 873], [872, 876]]}, "AdaptiveLogicEngine.suggest_difficulty_adjustment": {"executed_lines": [], "summary": {"covered_lines": 0, "num_statements": 11, "percent_covered": 0.0, "percent_covered_display": "0", "missing_lines": 11, "excluded_lines": 0, "num_branches": 8, "num_partial_branches": 0, "covered_branches": 0, "missing_branches": 8}, "missing_lines": [882, 884, 890, 891, 892, 894, 896, 902, 903, 904, 906], "excluded_lines": [], "executed_branches": [], "missing_branches": [[882, 884], [882, 894], [891, 892], [891, 906], [894, 896], [894, 906], [903, 904], [903, 906]]}, "AdaptiveLogicEngine._suggest_strategy_change": {"executed_lines": [], "summary": {"covered_lines": 0, "num_statements": 7, "percent_covered": 0.0, "percent_covered_display": "0", "missing_lines": 7, "excluded_lines": 0, "num_branches": 4, "num_partial_branches": 0, "covered_branches": 0, "missing_branches": 4}, "missing_lines": [912, 914, 916, 917, 918, 919, 921], "excluded_lines": [], "executed_branches": [], "missing_branches": [[916, 917], [916, 918], [918, 919], [918, 921]]}, "MarketContextAnalyzer.__init__": {"executed_lines": [933, 934], "summary": {"covered_lines": 2, "num_statements": 2, "percent_covered": 100.0, "percent_covered_display": "100", "missing_lines": 0, "excluded_lines": 0, "num_branches": 0, "num_partial_branches": 0, "covered_branches": 0, "missing_branches": 0}, "missing_lines": [], "excluded_lines": [], "executed_branches": [], "missing_branches": []}, "MarketContextAnalyzer.analyze_market_context": {"executed_lines": [938, 941, 942, 943, 944, 945, 946, 947, 949], "summary": {"covered_lines": 9, "num_statements": 9, "percent_covered": 100.0, "percent_covered_display": "100", "missing_lines": 0, "excluded_lines": 0, "num_branches": 0, "num_partial_branches": 0, "covered_branches": 0, "missing_branches": 0}, "missing_lines": [], "excluded_lines": [], "executed_branches": [], "missing_branches": []}, "MarketContextAnalyzer.is_suitable_for_learning": {"executed_lines": [962, 963, 965, 968, 971], "summary": {"covered_lines": 5, "num_statements": 7, "percent_covered": 69.23076923076923, "percent_covered_display": "69", "missing_lines": 2, "excluded_lines": 0, "num_branches": 6, "num_partial_branches": 2, "covered_branches": 4, "missing_branches": 2}, "missing_lines": [966, 969], "excluded_lines": [], "executed_branches": [[962, 963], [962, 965], [965, 968], [968, 971]], "missing_branches": [[965, 966], [968, 969]]}, "MarketContextAnalyzer.get_recommended_task_types": {"executed_lines": [975, 977, 978, 980, 981, 983, 986], "summary": {"covered_lines": 7, "num_statements": 8, "percent_covered": 71.42857142857143, "percent_covered_display": "71", "missing_lines": 1, "excluded_lines": 0, "num_branches": 6, "num_partial_branches": 3, "covered_branches": 3, "missing_branches": 3}, "missing_lines": [984], "excluded_lines": [], "executed_branches": [[977, 978], [980, 981], [983, 986]], "missing_branches": [[977, 980], [980, 983], [983, 984]]}, "MarketContextAnalyzer.assess_risk_level": {"executed_lines": [990, 992, 993, 994, 996], "summary": {"covered_lines": 5, "num_statements": 5, "percent_covered": 100.0, "percent_covered_display": "100", "missing_lines": 0, "excluded_lines": 0, "num_branches": 0, "num_partial_branches": 0, "covered_branches": 0, "missing_branches": 0}, "missing_lines": [], "excluded_lines": [], "executed_branches": [], "missing_branches": []}, "MarketContextAnalyzer._detect_market_conditions": {"executed_lines": [1003, 1006, 1007, 1009, 1012], "summary": {"covered_lines": 5, "num_statements": 7, "percent_covered": 63.63636363636363, "percent_covered_display": "64", "missing_lines": 2, "excluded_lines": 0, "num_branches": 4, "num_partial_branches": 2, "covered_branches": 2, "missing_branches": 2}, "missing_lines": [1008, 1010], "excluded_lines": [], "executed_branches": [[1007, 1009], [1009, 1012]], "missing_branches": [[1007, 1008], [1009, 1010]]}, "MarketContextAnalyzer._calculate_volatility": {"executed_lines": [1017], "summary": {"covered_lines": 1, "num_statements": 1, "percent_covered": 100.0, "percent_covered_display": "100", "missing_lines": 0, "excluded_lines": 0, "num_branches": 0, "num_partial_branches": 0, "covered_branches": 0, "missing_branches": 0}, "missing_lines": [], "excluded_lines": [], "executed_branches": [], "missing_branches": []}, "MarketContextAnalyzer._calculate_trend_strength": {"executed_lines": [1022], "summary": {"covered_lines": 1, "num_statements": 1, "percent_covered": 100.0, "percent_covered_display": "100", "missing_lines": 0, "excluded_lines": 0, "num_branches": 0, "num_partial_branches": 0, "covered_branches": 0, "missing_branches": 0}, "missing_lines": [], "excluded_lines": [], "executed_branches": [], "missing_branches": []}, "MarketContextAnalyzer._assess_liquidity": {"executed_lines": [1027], "summary": {"covered_lines": 1, "num_statements": 1, "percent_covered": 100.0, "percent_covered_display": "100", "missing_lines": 0, "excluded_lines": 0, "num_branches": 0, "num_partial_branches": 0, "covered_branches": 0, "missing_branches": 0}, "missing_lines": [], "excluded_lines": [], "executed_branches": [], "missing_branches": []}, "MarketContextAnalyzer._assess_news_impact": {"executed_lines": [1032], "summary": {"covered_lines": 1, "num_statements": 1, "percent_covered": 100.0, "percent_covered_display": "100", "missing_lines": 0, "excluded_lines": 0, "num_branches": 0, "num_partial_branches": 0, "covered_branches": 0, "missing_branches": 0}, "missing_lines": [], "excluded_lines": [], "executed_branches": [], "missing_branches": []}, "MarketContextAnalyzer._identify_suitable_strategies": {"executed_lines": [1038, 1040, 1041, 1043, 1046, 1047, 1049], "summary": {"covered_lines": 7, "num_statements": 8, "percent_covered": 71.42857142857143, "percent_covered_display": "71", "missing_lines": 1, "excluded_lines": 0, "num_branches": 6, "num_partial_branches": 3, "covered_branches": 3, "missing_branches": 3}, "missing_lines": [1044], "excluded_lines": [], "executed_branches": [[1040, 1041], [1043, 1046], [1046, 1047]], "missing_branches": [[1040, 1043], [1043, 1044], [1046, 1049]]}, "MarketContextAnalyzer._identify_risk_factors": {"executed_lines": [1053, 1055, 1058, 1061, 1064], "summary": {"covered_lines": 5, "num_statements": 8, "percent_covered": 57.142857142857146, "percent_covered_display": "57", "missing_lines": 3, "excluded_lines": 0, "num_branches": 6, "num_partial_branches": 3, "covered_branches": 3, "missing_branches": 3}, "missing_lines": [1056, 1059, 1062], "excluded_lines": [], "executed_branches": [[1055, 1058], [1058, 1061], [1061, 1064]], "missing_branches": [[1055, 1056], [1058, 1059], [1061, 1062]]}, "": {"executed_lines": [1, 14, 15, 16, 17, 18, 19, 20, 22, 24, 32, 46, 55, 62, 73, 106, 107, 110, 111, 112, 115, 118, 121, 124, 127, 130, 131, 134, 139, 140, 142, 143, 144, 152, 155, 156, 158, 163, 174, 178, 182, 194, 195, 201, 212, 393, 454, 458, 471, 478, 499, 533, 534, 540, 545, 575, 594, 611, 626, 641, 658, 659, 665, 671, 702, 722, 739, 750, 760, 783, 804, 805, 811, 816, 846, 878, 908, 924, 925, 931, 936, 959, 973, 988, 998, 1014, 1019, 1024, 1029, 1034, 1051], "summary": {"covered_lines": 83, "num_statements": 83, "percent_covered": 100.0, "percent_covered_display": "100", "missing_lines": 0, "excluded_lines": 0, "num_branches": 0, "num_partial_branches": 0, "covered_branches": 0, "missing_branches": 0}, "missing_lines": [], "excluded_lines": [], "executed_branches": [], "missing_branches": []}}, "classes": {"CurriculumConfig": {"executed_lines": [], "summary": {"covered_lines": 0, "num_statements": 5, "percent_covered": 0.0, "percent_covered_display": "0", "missing_lines": 5, "excluded_lines": 0, "num_branches": 0, "num_partial_branches": 0, "covered_branches": 0, "missing_branches": 0}, "missing_lines": [146, 147, 148, 149, 150], "excluded_lines": [], "executed_branches": [], "missing_branches": []}, "CurriculumCache": {"executed_lines": [160, 161, 165, 172], "summary": {"covered_lines": 4, "num_statements": 14, "percent_covered": 25.0, "percent_covered_display": "25", "missing_lines": 10, "excluded_lines": 0, "num_branches": 6, "num_partial_branches": 1, "covered_branches": 1, "missing_branches": 5}, "missing_lines": [166, 167, 168, 171, 176, 180, 184, 185, 190, 191], "excluded_lines": [], "executed_branches": [[165, 172]], "missing_branches": [[165, 166], [167, 168], [167, 171], [190, -182], [190, 191]]}, "BasicCurriculumGenerator": {"executed_lines": [203, 204, 205, 210, 214, 397, 398, 405, 409, 410, 411, 416, 417, 423, 429, 434, 435, 436, 437, 439, 444, 449, 451, 452, 456, 461, 462, 463, 466, 469, 473, 474, 475, 476, 482, 503, 505, 507], "summary": {"covered_lines": 38, "num_statements": 56, "percent_covered": 60.0, "percent_covered_display": "60", "missing_lines": 18, "excluded_lines": 0, "num_branches": 34, "num_partial_branches": 8, "covered_branches": 16, "missing_branches": 18}, "missing_lines": [412, 413, 430, 431, 440, 441, 467, 510, 512, 515, 517, 520, 522, 523, 524, 525, 527, 530], "excluded_lines": [], "executed_branches": [[409, 410], [411, 416], [429, 434], [435, 436], [435, 439], [436, 435], [436, 437], [439, 444], [461, 462], [461, 466], [462, 463], [466, 469], [473, 474], [473, 476], [474, 475], [505, 507]], "missing_branches": [[409, 416], [411, 412], [429, 430], [439, 440], [462, 461], [466, 467], [474, 473], [505, 510], [510, 512], [510, 515], [515, 517], [515, 520], [520, 522], [520, 530], [522, 523], [522, 524], [524, 525], [524, 527]]}, "StandardDifficultyAssessor": {"executed_lines": [542, 543, 550, 553, 556, 559, 565, 578, 579, 580, 582, 584, 599, 606, 609, 613, 616, 619, 622, 624, 628, 631, 634, 637, 639, 643, 646, 648, 649, 652, 653, 655], "summary": {"covered_lines": 32, "num_statements": 33, "percent_covered": 94.5945945945946, "percent_covered_display": "95", "missing_lines": 1, "excluded_lines": 0, "num_branches": 4, "num_partial_branches": 1, "covered_branches": 3, "missing_branches": 1}, "missing_lines": [647], "excluded_lines": [], "executed_branches": [[646, 648], [648, 649], [648, 652]], "missing_branches": [[646, 647]]}, "PerformanceProgressTracker": {"executed_lines": [667, 668, 669, 675, 678, 681, 684, 687, 690, 692, 706, 708, 742, 753, 754, 762, 763, 766, 767, 771, 772, 776, 779, 781, 787, 789, 792, 795, 796, 798, 801], "summary": {"covered_lines": 31, "num_statements": 51, "percent_covered": 50.64935064935065, "percent_covered_display": "51", "missing_lines": 20, "excluded_lines": 0, "num_branches": 26, "num_partial_branches": 8, "covered_branches": 8, "missing_branches": 18}, "missing_lines": [718, 719, 720, 725, 726, 729, 730, 731, 734, 735, 737, 755, 756, 758, 769, 774, 777, 790, 793, 799], "excluded_lines": [], "executed_branches": [[753, 754], [766, 767], [771, 772], [776, 779], [789, 792], [792, 795], [795, 796], [798, 801]], "missing_branches": [[718, 719], [718, 720], [725, 726], [725, 729], [730, 731], [730, 734], [734, 735], [734, 737], [753, 755], [755, 756], [755, 758], [766, 769], [771, 774], [776, 777], [789, 790], [792, 793], [795, 798], [798, 799]]}, "AdaptiveLogicEngine": {"executed_lines": [813, 814], "summary": {"covered_lines": 2, "num_statements": 48, "percent_covered": 2.4390243902439024, "percent_covered_display": "2", "missing_lines": 46, "excluded_lines": 0, "num_branches": 34, "num_partial_branches": 0, "covered_branches": 0, "missing_branches": 34}, "missing_lines": [823, 825, 826, 828, 829, 833, 835, 837, 838, 840, 842, 844, 853, 855, 857, 859, 860, 861, 863, 865, 866, 867, 869, 871, 872, 873, 874, 876, 882, 884, 890, 891, 892, 894, 896, 902, 903, 904, 906, 912, 914, 916, 917, 918, 919, 921], "excluded_lines": [], "executed_branches": [], "missing_branches": [[825, 826], [825, 828], [828, 829], [828, 833], [833, 835], [833, 837], [837, 838], [837, 840], [840, 842], [840, 844], [857, 859], [857, 863], [859, 860], [859, 876], [863, 865], [863, 869], [865, 866], [865, 876], [869, 871], [869, 876], [872, 873], [872, 876], [882, 884], [882, 894], [891, 892], [891, 906], [894, 896], [894, 906], [903, 904], [903, 906], [916, 917], [916, 918], [918, 919], [918, 921]]}, "MarketContextAnalyzer": {"executed_lines": [933, 934, 938, 941, 942, 943, 944, 945, 946, 947, 949, 962, 963, 965, 968, 971, 975, 977, 978, 980, 981, 983, 986, 990, 992, 993, 994, 996, 1003, 1006, 1007, 1009, 1012, 1017, 1022, 1027, 1032, 1038, 1040, 1041, 1043, 1046, 1047, 1049, 1053, 1055, 1058, 1061, 1064], "summary": {"covered_lines": 49, "num_statements": 58, "percent_covered": 74.4186046511628, "percent_covered_display": "74", "missing_lines": 9, "excluded_lines": 0, "num_branches": 28, "num_partial_branches": 13, "covered_branches": 15, "missing_branches": 13}, "missing_lines": [966, 969, 984, 1008, 1010, 1044, 1056, 1059, 1062], "excluded_lines": [], "executed_branches": [[962, 963], [962, 965], [965, 968], [968, 971], [977, 978], [980, 981], [983, 986], [1007, 1009], [1009, 1012], [1040, 1041], [1043, 1046], [1046, 1047], [1055, 1058], [1058, 1061], [1061, 1064]], "missing_branches": [[965, 966], [968, 969], [977, 980], [980, 983], [983, 984], [1007, 1008], [1009, 1010], [1040, 1043], [1043, 1044], [1046, 1049], [1055, 1056], [1058, 1059], [1061, 1062]]}, "": {"executed_lines": [1, 14, 15, 16, 17, 18, 19, 20, 22, 24, 32, 46, 48, 50, 52, 55, 57, 62, 73, 88, 91, 92, 97, 100, 103, 106, 107, 110, 111, 112, 115, 118, 121, 124, 127, 130, 131, 134, 139, 140, 142, 143, 144, 152, 155, 156, 158, 163, 174, 178, 182, 194, 195, 201, 212, 393, 454, 458, 471, 478, 499, 533, 534, 540, 545, 575, 594, 611, 626, 641, 658, 659, 665, 671, 702, 722, 739, 750, 760, 783, 804, 805, 811, 816, 846, 878, 908, 924, 925, 931, 936, 959, 973, 988, 998, 1014, 1019, 1024, 1029, 1034, 1051], "summary": {"covered_lines": 93, "num_statements": 107, "percent_covered": 81.5126050420168, "percent_covered_display": "82", "missing_lines": 14, "excluded_lines": 0, "num_branches": 12, "num_partial_branches": 4, "covered_branches": 4, "missing_branches": 8}, "missing_lines": [49, 51, 58, 59, 64, 65, 66, 67, 68, 69, 70, 93, 94, 101], "excluded_lines": [], "executed_branches": [[48, 50], [50, 52], [57, -55], [100, 103]], "missing_branches": [[48, 49], [50, 51], [57, 58], [58, -55], [58, 59], [66, 67], [66, 70], [100, 101]]}}}, "src/voyager_trader/curriculum_service.py": {"executed_lines": [1, 8, 9, 10, 11, 12, 13, 15, 16, 24, 27, 28, 35, 40, 41, 42, 43, 44, 46, 50, 52, 69, 71, 73, 74, 75, 88, 92, 107, 128, 140, 142, 163, 165, 183, 185, 205, 238, 274, 317, 318, 325, 328, 329, 330, 331, 332, 335, 345, 346, 347, 348, 350, 359, 362, 364, 368, 369, 371, 382, 409, 415, 443, 448, 496, 500, 502, 521, 558, 570, 577, 578, 580], "summary": {"covered_lines": 70, "num_statements": 204, "percent_covered": 29.365079365079364, "percent_covered_display": "29", "missing_lines": 134, "excluded_lines": 0, "num_branches": 48, "num_partial_branches": 2, "covered_branches": 4, "missing_branches": 44}, "missing_lines": [63, 64, 65, 67, 77, 78, 79, 81, 82, 84, 85, 86, 101, 102, 103, 105, 109, 111, 112, 114, 115, 116, 117, 118, 119, 121, 122, 124, 125, 126, 130, 135, 136, 137, 138, 207, 209, 211, 212, 215, 217, 219, 220, 221, 222, 225, 226, 231, 232, 233, 235, 236, 240, 242, 243, 245, 246, 251, 252, 255, 257, 260, 263, 264, 265, 267, 271, 272, 276, 285, 286, 287, 289, 290, 291, 292, 293, 296, 297, 300, 301, 302, 303, 304, 305, 306, 309, 311, 312, 314, 365, 366, 375, 377, 378, 380, 392, 397, 400, 401, 405, 407, 413, 417, 420, 421, 422, 425, 426, 427, 428, 429, 430, 431, 432, 434, 445, 446, 452, 454, 456, 457, 481, 482, 483, 484, 486, 489, 491, 492, 494, 519, 523, 525], "excluded_lines": [], "executed_branches": [[73, 74], [364, 368], [577, 578], [577, 580]], "missing_branches": [[73, 77], [111, 112], [111, 114], [117, 118], [117, 121], [118, 117], [118, 119], [135, -128], [135, 136], [136, 135], [136, 137], [211, 212], [211, 215], [219, 220], [219, 225], [220, 219], [220, 221], [225, -205], [225, 226], [231, 225], [231, 232], [245, -238], [245, 246], [289, 290], [289, 309], [290, 289], [290, 291], [301, 302], [301, 304], [304, 289], [304, 305], [364, 365], [377, 378], [377, 380], [401, 405], [401, 407], [426, 427], [426, 434], [428, 429], [428, 430], [431, 426], [431, 432], [482, 483], [482, 486]], "functions": {"CurriculumPersistenceService.__init__": {"executed_lines": [40, 41, 42, 43, 44], "summary": {"covered_lines": 5, "num_statements": 5, "percent_covered": 100.0, "percent_covered_display": "100", "missing_lines": 0, "excluded_lines": 0, "num_branches": 0, "num_partial_branches": 0, "covered_branches": 0, "missing_branches": 0}, "missing_lines": [], "excluded_lines": [], "executed_branches": [], "missing_branches": []}, "CurriculumPersistenceService.save_curriculum_state": {"executed_lines": [50, 52], "summary": {"covered_lines": 2, "num_statements": 6, "percent_covered": 33.333333333333336, "percent_covered_display": "33", "missing_lines": 4, "excluded_lines": 0, "num_branches": 0, "num_partial_branches": 0, "covered_branches": 0, "missing_branches": 0}, "missing_lines": [63, 64, 65, 67], "excluded_lines": [], "executed_branches": [], "missing_branches": []}, "CurriculumPersistenceService.load_curriculum_state": {"executed_lines": [71, 73, 74, 75], "summary": {"covered_lines": 4, "num_statements": 12, "percent_covered": 35.714285714285715, "percent_covered_display": "36", "missing_lines": 8, "excluded_lines": 0, "num_branches": 2, "num_partial_branches": 1, "covered_branches": 1, "missing_branches": 1}, "missing_lines": [77, 78, 79, 81, 82, 84, 85, 86], "excluded_lines": [], "executed_branches": [[73, 74]], "missing_branches": [[73, 77]]}, "CurriculumPersistenceService.save_task_completion": {"executed_lines": [92], "summary": {"covered_lines": 1, "num_statements": 5, "percent_covered": 20.0, "percent_covered_display": "20", "missing_lines": 4, "excluded_lines": 0, "num_branches": 0, "num_partial_branches": 0, "covered_branches": 0, "missing_branches": 0}, "missing_lines": [101, 102, 103, 105], "excluded_lines": [], "executed_branches": [], "missing_branches": []}, "CurriculumPersistenceService.load_task_history": {"executed_lines": [], "summary": {"covered_lines": 0, "num_statements": 14, "percent_covered": 0.0, "percent_covered_display": "0", "missing_lines": 14, "excluded_lines": 0, "num_branches": 6, "num_partial_branches": 0, "covered_branches": 0, "missing_branches": 6}, "missing_lines": [109, 111, 112, 114, 115, 116, 117, 118, 119, 121, 122, 124, 125, 126], "excluded_lines": [], "executed_branches": [], "missing_branches": [[111, 112], [111, 114], [117, 118], [117, 121], [118, 117], [118, 119]]}, "CurriculumPersistenceService.clear_agent_data": {"executed_lines": [], "summary": {"covered_lines": 0, "num_statements": 5, "percent_covered": 0.0, "percent_covered_display": "0", "missing_lines": 5, "excluded_lines": 0, "num_branches": 4, "num_partial_branches": 0, "covered_branches": 0, "missing_branches": 4}, "missing_lines": [130, 135, 136, 137, 138], "excluded_lines": [], "executed_branches": [], "missing_branches": [[135, -128], [135, 136], [136, 135], [136, 137]]}, "CurriculumPersistenceService._serialize_agent": {"executed_lines": [142], "summary": {"covered_lines": 1, "num_statements": 1, "percent_covered": 100.0, "percent_covered_display": "100", "missing_lines": 0, "excluded_lines": 0, "num_branches": 0, "num_partial_branches": 0, "covered_branches": 0, "missing_branches": 0}, "missing_lines": [], "excluded_lines": [], "executed_branches": [], "missing_branches": []}, "CurriculumPersistenceService._serialize_curriculum": {"executed_lines": [165], "summary": {"covered_lines": 1, "num_statements": 1, "percent_covered": 100.0, "percent_covered_display": "100", "missing_lines": 0, "excluded_lines": 0, "num_branches": 0, "num_partial_branches": 0, "covered_branches": 0, "missing_branches": 0}, "missing_lines": [], "excluded_lines": [], "executed_branches": [], "missing_branches": []}, "CurriculumPersistenceService._serialize_task": {"executed_lines": [185], "summary": {"covered_lines": 1, "num_statements": 1, "percent_covered": 100.0, "percent_covered_display": "100", "missing_lines": 0, "excluded_lines": 0, "num_branches": 0, "num_partial_branches": 0, "covered_branches": 0, "missing_branches": 0}, "missing_lines": [], "excluded_lines": [], "executed_branches": [], "missing_branches": []}, "CurriculumPersistenceService.cleanup_old_files": {"executed_lines": [], "summary": {"covered_lines": 0, "num_statements": 17, "percent_covered": 0.0, "percent_covered_display": "0", "missing_lines": 17, "excluded_lines": 0, "num_branches": 10, "num_partial_branches": 0, "covered_branches": 0, "missing_branches": 10}, "missing_lines": [207, 209, 211, 212, 215, 217, 219, 220, 221, 222, 225, 226, 231, 232, 233, 235, 236], "excluded_lines": [], "executed_branches": [], "missing_branches": [[211, 212], [211, 215], [219, 220], [219, 225], [220, 219], [220, 221], [225, -205], [225, 226], [231, 225], [231, 232]]}, "CurriculumPersistenceService._rotate_history_file": {"executed_lines": [], "summary": {"covered_lines": 0, "num_statements": 16, "percent_covered": 0.0, "percent_covered_display": "0", "missing_lines": 16, "excluded_lines": 0, "num_branches": 2, "num_partial_branches": 0, "covered_branches": 0, "missing_branches": 2}, "missing_lines": [240, 242, 243, 245, 246, 251, 252, 255, 257, 260, 263, 264, 265, 267, 271, 272], "excluded_lines": [], "executed_branches": [], "missing_branches": [[245, -238], [245, 246]]}, "CurriculumPersistenceService.get_storage_stats": {"executed_lines": [], "summary": {"covered_lines": 0, "num_statements": 22, "percent_covered": 0.0, "percent_covered_display": "0", "missing_lines": 22, "excluded_lines": 0, "num_branches": 8, "num_partial_branches": 0, "covered_branches": 0, "missing_branches": 8}, "missing_lines": [276, 285, 286, 287, 289, 290, 291, 292, 293, 296, 297, 300, 301, 302, 303, 304, 305, 306, 309, 311, 312, 314], "excluded_lines": [], "executed_branches": [], "missing_branches": [[289, 290], [289, 309], [290, 289], [290, 291], [301, 302], [301, 304], [304, 289], [304, 305]]}, "ResumableCurriculumService.__init__": {"executed_lines": [328, 329, 330, 331, 332, 335, 345, 346, 347, 348], "summary": {"covered_lines": 10, "num_statements": 10, "percent_covered": 100.0, "percent_covered_display": "100", "missing_lines": 0, "excluded_lines": 0, "num_branches": 0, "num_partial_branches": 0, "covered_branches": 0, "missing_branches": 0}, "missing_lines": [], "excluded_lines": [], "executed_branches": [], "missing_branches": []}, "ResumableCurriculumService.initialize_or_resume_curriculum": {"executed_lines": [359, 362, 364, 368, 369], "summary": {"covered_lines": 5, "num_statements": 7, "percent_covered": 66.66666666666667, "percent_covered_display": "67", "missing_lines": 2, "excluded_lines": 0, "num_branches": 2, "num_partial_branches": 1, "covered_branches": 1, "missing_branches": 1}, "missing_lines": [365, 366], "excluded_lines": [], "executed_branches": [[364, 368]], "missing_branches": [[364, 365]]}, "ResumableCurriculumService.generate_next_task_with_persistence": {"executed_lines": [], "summary": {"covered_lines": 0, "num_statements": 4, "percent_covered": 0.0, "percent_covered_display": "0", "missing_lines": 4, "excluded_lines": 0, "num_branches": 2, "num_partial_branches": 0, "covered_branches": 0, "missing_branches": 2}, "missing_lines": [375, 377, 378, 380], "excluded_lines": [], "executed_branches": [], "missing_branches": [[377, 378], [377, 380]]}, "ResumableCurriculumService.complete_task_with_persistence": {"executed_lines": [], "summary": {"covered_lines": 0, "num_statements": 6, "percent_covered": 0.0, "percent_covered_display": "0", "missing_lines": 6, "excluded_lines": 0, "num_branches": 2, "num_partial_branches": 0, "covered_branches": 0, "missing_branches": 2}, "missing_lines": [392, 397, 400, 401, 405, 407], "excluded_lines": [], "executed_branches": [], "missing_branches": [[401, 405], [401, 407]]}, "ResumableCurriculumService.save_current_state": {"executed_lines": [], "summary": {"covered_lines": 0, "num_statements": 1, "percent_covered": 0.0, "percent_covered_display": "0", "missing_lines": 1, "excluded_lines": 0, "num_branches": 0, "num_partial_branches": 0, "covered_branches": 0, "missing_branches": 0}, "missing_lines": [413], "excluded_lines": [], "executed_branches": [], "missing_branches": []}, "ResumableCurriculumService.get_curriculum_history": {"executed_lines": [], "summary": {"covered_lines": 0, "num_statements": 13, "percent_covered": 0.0, "percent_covered_display": "0", "missing_lines": 13, "excluded_lines": 0, "num_branches": 6, "num_partial_branches": 0, "covered_branches": 0, "missing_branches": 6}, "missing_lines": [417, 420, 421, 422, 425, 426, 427, 428, 429, 430, 431, 432, 434], "excluded_lines": [], "executed_branches": [], "missing_branches": [[426, 427], [426, 434], [428, 429], [428, 430], [431, 426], [431, 432]]}, "ResumableCurriculumService.cleanup_agent_data": {"executed_lines": [], "summary": {"covered_lines": 0, "num_statements": 2, "percent_covered": 0.0, "percent_covered_display": "0", "missing_lines": 2, "excluded_lines": 0, "num_branches": 0, "num_partial_branches": 0, "covered_branches": 0, "missing_branches": 0}, "missing_lines": [445, 446], "excluded_lines": [], "executed_branches": [], "missing_branches": []}, "ResumableCurriculumService._resume_from_state": {"executed_lines": [], "summary": {"covered_lines": 0, "num_statements": 13, "percent_covered": 0.0, "percent_covered_display": "0", "missing_lines": 13, "excluded_lines": 0, "num_branches": 2, "num_partial_branches": 0, "covered_branches": 0, "missing_branches": 2}, "missing_lines": [452, 454, 456, 457, 481, 482, 483, 484, 486, 489, 491, 492, 494], "excluded_lines": [], "executed_branches": [], "missing_branches": [[482, 483], [482, 486]]}, "ResumableCurriculumService._initialize_new_curriculum": {"executed_lines": [500, 502], "summary": {"covered_lines": 2, "num_statements": 3, "percent_covered": 66.66666666666667, "percent_covered_display": "67", "missing_lines": 1, "excluded_lines": 0, "num_branches": 0, "num_partial_branches": 0, "covered_branches": 0, "missing_branches": 0}, "missing_lines": [519], "excluded_lines": [], "executed_branches": [], "missing_branches": []}, "ResumableCurriculumService._deserialize_task": {"executed_lines": [], "summary": {"covered_lines": 0, "num_statements": 2, "percent_covered": 0.0, "percent_covered_display": "0", "missing_lines": 2, "excluded_lines": 0, "num_branches": 0, "num_partial_branches": 0, "covered_branches": 0, "missing_branches": 0}, "missing_lines": [523, 525], "excluded_lines": [], "executed_branches": [], "missing_branches": []}, "create_curriculum_service": {"executed_lines": [570, 577, 578, 580], "summary": {"covered_lines": 4, "num_statements": 4, "percent_covered": 100.0, "percent_covered_display": "100", "missing_lines": 0, "excluded_lines": 0, "num_branches": 2, "num_partial_branches": 0, "covered_branches": 2, "missing_branches": 0}, "missing_lines": [], "excluded_lines": [], "executed_branches": [[577, 578], [577, 580]], "missing_branches": []}, "": {"executed_lines": [1, 8, 9, 10, 11, 12, 13, 15, 16, 24, 27, 28, 35, 46, 69, 88, 107, 128, 140, 163, 183, 205, 238, 274, 317, 318, 325, 350, 371, 382, 409, 415, 443, 448, 496, 521, 558], "summary": {"covered_lines": 34, "num_statements": 34, "percent_covered": 100.0, "percent_covered_display": "100", "missing_lines": 0, "excluded_lines": 0, "num_branches": 0, "num_partial_branches": 0, "covered_branches": 0, "missing_branches": 0}, "missing_lines": [], "excluded_lines": [], "executed_branches": [], "missing_branches": []}}, "classes": {"CurriculumPersistenceService": {"executed_lines": [40, 41, 42, 43, 44, 50, 52, 71, 73, 74, 75, 92, 142, 165, 185], "summary": {"covered_lines": 15, "num_statements": 105, "percent_covered": 11.678832116788321, "percent_covered_display": "12", "missing_lines": 90, "excluded_lines": 0, "num_branches": 32, "num_partial_branches": 1, "covered_branches": 1, "missing_branches": 31}, "missing_lines": [63, 64, 65, 67, 77, 78, 79, 81, 82, 84, 85, 86, 101, 102, 103, 105, 109, 111, 112, 114, 115, 116, 117, 118, 119, 121, 122, 124, 125, 126, 130, 135, 136, 137, 138, 207, 209, 211, 212, 215, 217, 219, 220, 221, 222, 225, 226, 231, 232, 233, 235, 236, 240, 242, 243, 245, 246, 251, 252, 255, 257, 260, 263, 264, 265, 267, 271, 272, 276, 285, 286, 287, 289, 290, 291, 292, 293, 296, 297, 300, 301, 302, 303, 304, 305, 306, 309, 311, 312, 314], "excluded_lines": [], "executed_branches": [[73, 74]], "missing_branches": [[73, 77], [111, 112], [111, 114], [117, 118], [117, 121], [118, 117], [118, 119], [135, -128], [135, 136], [136, 135], [136, 137], [211, 212], [211, 215], [219, 220], [219, 225], [220, 219], [220, 221], [225, -205], [225, 226], [231, 225], [231, 232], [245, -238], [245, 246], [289, 290], [289, 309], [290, 289], [290, 291], [301, 302], [301, 304], [304, 289], [304, 305]]}, "ResumableCurriculumService": {"executed_lines": [328, 329, 330, 331, 332, 335, 345, 346, 347, 348, 359, 362, 364, 368, 369, 500, 502], "summary": {"covered_lines": 17, "num_statements": 61, "percent_covered": 24.0, "percent_covered_display": "24", "missing_lines": 44, "excluded_lines": 0, "num_branches": 14, "num_partial_branches": 1, "covered_branches": 1, "missing_branches": 13}, "missing_lines": [365, 366, 375, 377, 378, 380, 392, 397, 400, 401, 405, 407, 413, 417, 420, 421, 422, 425, 426, 427, 428, 429, 430, 431, 432, 434, 445, 446, 452, 454, 456, 457, 481, 482, 483, 484, 486, 489, 491, 492, 494, 519, 523, 525], "excluded_lines": [], "executed_branches": [[364, 368]], "missing_branches": [[364, 365], [377, 378], [377, 380], [401, 405], [401, 407], [426, 427], [426, 434], [428, 429], [428, 430], [431, 426], [431, 432], [482, 483], [482, 486]]}, "": {"executed_lines": [1, 8, 9, 10, 11, 12, 13, 15, 16, 24, 27, 28, 35, 46, 69, 88, 107, 128, 140, 163, 183, 205, 238, 274, 317, 318, 325, 350, 371, 382, 409, 415, 443, 448, 496, 521, 558, 570, 577, 578, 580], "summary": {"covered_lines": 38, "num_statements": 38, "percent_covered": 100.0, "percent_covered_display": "100", "missing_lines": 0, "excluded_lines": 0, "num_branches": 2, "num_partial_branches": 0, "covered_branches": 2, "missing_branches": 0}, "missing_lines": [], "excluded_lines": [], "executed_branches": [[577, 578], [577, 580]], "missing_branches": []}}}, "src/voyager_trader/models/__init__.py": {"executed_lines": [1, 19, 30, 42, 53, 64, 78, 90, 110, 186, 191], "summary": {"covered_lines": 10, "num_statements": 12, "percent_covered": 83.33333333333333, "percent_covered_display": "83", "missing_lines": 2, "excluded_lines": 0, "num_branches": 0, "num_partial_branches": 0, "covered_branches": 0, "missing_branches": 0}, "missing_lines": [188, 193], "excluded_lines": [], "executed_branches": [], "missing_branches": [], "functions": {"get_model_version": {"executed_lines": [], "summary": {"covered_lines": 0, "num_statements": 1, "percent_covered": 0.0, "percent_covered_display": "0", "missing_lines": 1, "excluded_lines": 0, "num_branches": 0, "num_partial_branches": 0, "covered_branches": 0, "missing_branches": 0}, "missing_lines": [188], "excluded_lines": [], "executed_branches": [], "missing_branches": []}, "get_model_info": {"executed_lines": [], "summary": {"covered_lines": 0, "num_statements": 1, "percent_covered": 0.0, "percent_covered_display": "0", "missing_lines": 1, "excluded_lines": 0, "num_branches": 0, "num_partial_branches": 0, "covered_branches": 0, "missing_branches": 0}, "missing_lines": [193], "excluded_lines": [], "executed_branches": [], "missing_branches": []}, "": {"executed_lines": [1, 19, 30, 42, 53, 64, 78, 90, 110, 186, 191], "summary": {"covered_lines": 10, "num_statements": 10, "percent_covered": 100.0, "percent_covered_display": "100", "missing_lines": 0, "excluded_lines": 0, "num_branches": 0, "num_partial_branches": 0, "covered_branches": 0, "missing_branches": 0}, "missing_lines": [], "excluded_lines": [], "executed_branches": [], "missing_branches": []}}, "classes": {"": {"executed_lines": [1, 19, 30, 42, 53, 64, 78, 90, 110, 186, 191], "summary": {"covered_lines": 10, "num_statements": 12, "percent_covered": 83.33333333333333, "percent_covered_display": "83", "missing_lines": 2, "excluded_lines": 0, "num_branches": 0, "num_partial_branches": 0, "covered_branches": 0, "missing_branches": 0}, "missing_lines": [188, 193], "excluded_lines": [], "executed_branches": [], "missing_branches": []}}}, "src/voyager_trader/models/base.py": {"executed_lines": [1, 8, 9, 10, 11, 13, 15, 18, 19, 21, 37, 38, 45, 49, 53, 57, 59, 61, 62, 63, 65, 67, 69, 76, 81, 84, 85, 92, 94, 96, 98, 100, 103, 104, 111, 112, 120, 121, 130, 13
[...]
": 0, "num_partial_branches": 0, "covered_branches": 0, "missing_branches": 0}, "missing_lines": [], "excluded_lines": [], "executed_branches": [], "missing_branches": []}, "OrderStatus": {"executed_lines": [], "summary": {"covered_lines": 0, "num_statements": 0, "percent_covered": 100.0, "percent_covered_display": "100", "missing_lines": 0, "excluded_lines": 0, "num_branches": 0, "num_partial_branches": 0, "covered_branches": 0, "missing_branches": 0}, "missing_lines": [], "excluded_lines": [], "executed_branches": [], "missing_branches": []}, "PositionType": {"executed_lines": [], "summary": {"covered_lines": 0, "num_statements": 0, "percent_covered": 100.0, "percent_covered_display": "100", "missing_lines": 0, "excluded_lines": 0, "num_branches": 0, "num_partial_branches": 0, "covered_branches": 0, "missing_branches": 0}, "missing_lines": [], "excluded_lines": [], "executed_branches": [], "missing_branches": []}, "TimeFrame": {"executed_lines": [], "summary": {"covered_lines": 0, "num_statements": 0, "percent_covered": 100.0, "percent_covered_display": "100", "missing_lines": 0, "excluded_lines": 0, "num_branches": 0, "num_partial_branches": 0, "covered_branches": 0, "missing_branches": 0}, "missing_lines": [], "excluded_lines": [], "executed_branches": [], "missing_branches": []}, "SignalType": {"executed_lines": [], "summary": {"covered_lines": 0, "num_statements": 0, "percent_covered": 100.0, "percent_covered_display": "100", "missing_lines": 0, "excluded_lines": 0, "num_branches": 0, "num_partial_branches": 0, "covered_branches": 0, "missing_branches": 0}, "missing_lines": [], "excluded_lines": [], "executed_branches": [], "missing_branches": []}, "SignalStrength": {"executed_lines": [], "summary": {"covered_lines": 0, "num_statements": 0, "percent_covered": 100.0, "percent_covered_display": "100", "missing_lines": 0, "excluded_lines": 0, "num_branches": 0, "num_partial_branches": 0, "covered_branches": 0, "missing_branches": 0}, "missing_lines": [], "excluded_lines": [], "executed_branches": [], "missing_branches": []}, "StrategyStatus": {"executed_lines": [], "summary": {"covered_lines": 0, "num_statements": 0, "percent_covered": 100.0, "percent_covered_display": "100", "missing_lines": 0, "excluded_lines": 0, "num_branches": 0, "num_partial_branches": 0, "covered_branches": 0, "missing_branches": 0}, "missing_lines": [], "excluded_lines": [], "executed_branches": [], "missing_branches": []}, "SkillCategory": {"executed_lines": [], "summary": {"covered_lines": 0, "num_statements": 0, "percent_covered": 100.0, "percent_covered_display": "100", "missing_lines": 0, "excluded_lines": 0, "num_branches": 0, "num_partial_branches": 0, "covered_branches": 0, "missing_branches": 0}, "missing_lines": [], "excluded_lines": [], "executed_branches": [], "missing_branches": []}, "SkillComplexity": {"executed_lines": [], "summary": {"covered_lines": 0, "num_statements": 0, "percent_covered": 100.0, "percent_covered_display": "100", "missing_lines": 0, "excluded_lines": 0, "num_branches": 0, "num_partial_branches": 0, "covered_branches": 0, "missing_branches": 0}, "missing_lines": [], "excluded_lines": [], "executed_branches": [], "missing_branches": []}, "TaskStatus": {"executed_lines": [], "summary": {"covered_lines": 0, "num_statements": 0, "percent_covered": 100.0, "percent_covered_display": "100", "missing_lines": 0, "excluded_lines": 0, "num_branches": 0, "num_partial_branches": 0, "covered_branches": 0, "missing_branches": 0}, "missing_lines": [], "excluded_lines": [], "executed_branches": [], "missing_branches": []}, "Money": {"executed_lines": [181, 184, 188, 192, 193, 194, 198, 200, 204, 206, 210, 212, 216, 220, 224, 228], "summary": {"covered_lines": 16, "num_statements": 20, "percent_covered": 73.33333333333333, "percent_covered_display": "73", "missing_lines": 4, "excluded_lines": 0, "num_branches": 10, "num_partial_branches": 4, "covered_branches": 6, "missing_branches": 4}, "missing_lines": [182, 199, 205, 211], "excluded_lines": [], "executed_branches": [[181, 184], [192, 193], [192, 194], [198, 200], [204, 206], [210, 212]], "missing_branches": [[181, 182], [198, 199], [204, 205], [210, 211]]}, "Price": {"executed_lines": [242, 244, 245, 246, 251, 256, 261, 265], "summary": {"covered_lines": 8, "num_statements": 9, "percent_covered": 84.61538461538461, "percent_covered_display": "85", "missing_lines": 1, "excluded_lines": 0, "num_branches": 4, "num_partial_branches": 1, "covered_branches": 3, "missing_branches": 1}, "missing_lines": [243], "excluded_lines": [], "executed_branches": [[242, 244], [244, 245], [244, 246]], "missing_branches": [[242, 243]]}, "Quantity": {"executed_lines": [277, 279, 283, 287, 291, 295, 297, 301, 303, 307, 311, 315, 319], "summary": {"covered_lines": 13, "num_statements": 16, "percent_covered": 72.72727272727273, "percent_covered_display": "73", "missing_lines": 3, "excluded_lines": 0, "num_branches": 6, "num_partial_branches": 3, "covered_branches": 3, "missing_branches": 3}, "missing_lines": [278, 296, 302], "excluded_lines": [], "executed_branches": [[277, 279], [295, 297], [301, 303]], "missing_branches": [[277, 278], [295, 296], [301, 302]]}, "Symbol": {"executed_lines": [339, 340, 341, 345, 346, 347, 352, 357], "summary": {"covered_lines": 8, "num_statements": 8, "percent_covered": 100.0, "percent_covered_display": "100", "missing_lines": 0, "excluded_lines": 0, "num_branches": 4, "num_partial_branches": 0, "covered_branches": 4, "missing_branches": 0}, "missing_lines": [], "excluded_lines": [], "executed_branches": [[339, 340], [339, 341], [345, 346], [345, 347]], "missing_branches": []}, "": {"executed_lines": [1, 8, 9, 10, 12, 14, 17, 18, 20, 21, 22, 23, 24, 25, 26, 27, 28, 29, 32, 33, 35, 36, 37, 38, 39, 40, 41, 42, 45, 46, 48, 49, 50, 51, 52, 53, 54, 57, 58, 60, 61, 64, 65, 67, 68, 69, 70, 71, 72, 73, 74, 77, 78, 80, 81, 84, 85, 87, 88, 89, 90, 91, 92, 93, 94, 95, 96, 97, 98, 99, 100, 103, 104, 106, 107, 108, 109, 110, 111, 112, 115, 116, 118, 119, 120, 121, 124, 125, 127, 128, 129, 130, 131, 132, 133, 136, 137, 139, 140, 141, 142, 143, 144, 145, 146, 147, 148, 151, 152, 154, 155, 156, 157, 160, 161, 163, 164, 165, 166, 167, 168, 171, 172, 174, 175, 177, 178, 179, 186, 190, 196, 202, 208, 214, 218, 222, 226, 231, 232, 234, 235, 236, 238, 239, 240, 248, 249, 253, 254, 258, 259, 263, 268, 269, 271, 273, 274, 275, 281, 285, 289, 293, 299, 305, 309, 313, 317, 322, 323, 325, 326, 327, 328, 331, 335, 336, 337, 343, 349, 350, 354, 355], "summary": {"covered_lines": 164, "num_statements": 164, "percent_covered": 100.0, "percent_covered_display": "100", "missing_lines": 0, "excluded_lines": 0, "num_branches": 0, "num_partial_branches": 0, "covered_branches": 0, "missing_branches": 0}, "missing_lines": [], "excluded_lines": [], "executed_branches": [], "missing_branches": []}}}, "src/voyager_trader/prompting.py": {"executed_lines": [1, 8, 9, 10, 13, 14, 15, 17, 18, 19, 20, 21, 22, 25, 26, 33, 35, 36, 37, 38, 40, 53, 54, 56, 57, 63, 64, 67, 70, 73, 75, 76, 77, 82, 83, 85, 87, 92, 101, 102, 110, 111, 116, 117, 122, 127, 129, 144, 147, 148, 149, 151, 152, 153, 154, 155, 156, 157, 158, 159, 161, 163, 168, 170, 175, 176, 178], "summary": {"covered_lines": 64, "num_statements": 67, "percent_covered": 93.25842696629213, "percent_covered_display": "93", "missing_lines": 3, "excluded_lines": 0, "num_branches": 22, "num_partial_branches": 3, "covered_branches": 19, "missing_branches": 3}, "missing_lines": [79, 132, 135], "excluded_lines": [], "executed_branches": [[63, 64], [75, 76], [82, 83], [101, 102], [101, 110], [110, 111], [110, 116], [116, 117], [116, 122], [151, 152], [151, 161], [152, 153], [152, 155], [155, 156], [155, 158], [158, 151], [158, 159], [175, 176], [175, 178]], "missing_branches": [[63, 85], [75, 79], [82, 63]], "functions": {"IterativePrompting.__init__": {"executed_lines": [35, 36, 37, 38], "summary": {"covered_lines": 4, "num_statements": 4, "percent_covered": 100.0, "percent_covered_display": "100", "missing_lines": 0, "excluded_lines": 0, "num_branches": 0, "num_partial_branches": 0, "covered_branches": 0, "missing_branches": 0}, "missing_lines": [], "excluded_lines": [], "executed_branches": [], "missing_branches": []}, "IterativePrompting.generate_strategy": {"executed_lines": [53, 54, 56, 57, 63, 64, 67, 70, 73, 75, 76, 77, 82, 83, 85], "summary": {"covered_lines": 15, "num_statements": 16, "percent_covered": 81.81818181818181, "percent_covered_display": "82", "missing_lines": 1, "excluded_lines": 0, "num_branches": 6, "num_partial_branches": 3, "covered_branches": 3, "missing_branches": 3}, "missing_lines": [79], "excluded_lines": [], "executed_branches": [[63, 64], [75, 76], [82, 83]], "missing_branches": [[63, 85], [75, 79], [82, 63]]}, "IterativePrompting._build_prompt": {"executed_lines": [92, 101, 102, 110, 111, 116, 117, 122, 127], "summary": {"covered_lines": 9, "num_statements": 9, "percent_covered": 100.0, "percent_covered_display": "100", "missing_lines": 0, "excluded_lines": 0, "num_branches": 6, "num_partial_branches": 0, "covered_branches": 6, "missing_branches": 0}, "missing_lines": [], "excluded_lines": [], "executed_branches": [[101, 102], [101, 110], [110, 111], [110, 116], [116, 117], [116, 122]], "missing_branches": []}, "IterativePrompting._query_llm": {"executed_lines": [], "summary": {"covered_lines": 0, "num_statements": 2, "percent_covered": 0.0, "percent_covered_display": "0", "missing_lines": 2, "excluded_lines": 0, "num_branches": 0, "num_partial_branches": 0, "covered_branches": 0, "missing_branches": 0}, "missing_lines": [132, 135], "excluded_lines": [], "executed_branches": [], "missing_branches": []}, "IterativePrompting._extract_code": {"executed_lines": [147, 148, 149, 151, 152, 153, 154, 155, 156, 157, 158, 159, 161], "summary": {"covered_lines": 13, "num_statements": 13, "percent_covered": 100.0, "percent_covered_display": "100", "missing_lines": 0, "excluded_lines": 0, "num_branches": 8, "num_partial_branches": 0, "covered_branches": 8, "missing_branches": 0}, "missing_lines": [], "excluded_lines": [], "executed_branches": [[151, 152], [151, 161], [152, 153], [152, 155], [155, 156], [155, 158], [158, 151], [158, 159]], "missing_branches": []}, "IterativePrompting._is_code_improved": {"executed_lines": [168], "summary": {"covered_lines": 1, "num_statements": 1, "percent_covered": 100.0, "percent_covered_display": "100", "missing_lines": 0, "excluded_lines": 0, "num_branches": 0, "num_partial_branches": 0, "covered_branches": 0, "missing_branches": 0}, "missing_lines": [], "excluded_lines": [], "executed_branches": [], "missing_branches": []}, "IterativePrompting._should_stop": {"executed_lines": [175, 176, 178], "summary": {"covered_lines": 3, "num_statements": 3, "percent_covered": 100.0, "percent_covered_display": "100", "missing_lines": 0, "excluded_lines": 0, "num_branches": 2, "num_partial_branches": 0, "covered_branches": 2, "missing_branches": 0}, "missing_lines": [], "excluded_lines": [], "executed_branches": [[175, 176], [175, 178]], "missing_branches": []}, "": {"executed_lines": [1, 8, 9, 10, 13, 14, 15, 17, 18, 19, 20, 21, 22, 25, 26, 33, 40, 87, 129, 144, 163, 170], "summary": {"covered_lines": 19, "num_statements": 19, "percent_covered": 100.0, "percent_covered_display": "100", "missing_lines": 0, "excluded_lines": 0, "num_branches": 0, "num_partial_branches": 0, "covered_branches": 0, "missing_branches": 0}, "missing_lines": [], "excluded_lines": [], "executed_branches": [], "missing_branches": []}}, "classes": {"PromptContext": {"executed_lines": [], "summary": {"covered_lines": 0, "num_statements": 0, "percent_covered": 100.0, "percent_covered_display": "100", "missing_lines": 0, "excluded_lines": 0, "num_branches": 0, "num_partial_branches": 0, "covered_branches": 0, "missing_branches": 0}, "missing_lines": [], "excluded_lines": [], "executed_branches": [], "missing_branches": []}, "IterativePrompting": {"executed_lines": [35, 36, 37, 38, 53, 54, 56, 57, 63, 64, 67, 70, 73, 75, 76, 77, 82, 83, 85, 92, 101, 102, 110, 111, 116, 117, 122, 127, 147, 148, 149, 151, 152, 153, 154, 155, 156, 157, 158, 159, 161, 168, 175, 176, 178], "summary": {"covered_lines": 45, "num_statements": 48, "percent_covered": 91.42857142857143, "percent_covered_display": "91", "missing_lines": 3, "excluded_lines": 0, "num_branches": 22, "num_partial_branches": 3, "covered_branches": 19, "missing_branches": 3}, "missing_lines": [79, 132, 135], "excluded_lines": [], "executed_branches": [[63, 64], [75, 76], [82, 83], [101, 102], [101, 110], [110, 111], [110, 116], [116, 117], [116, 122], [151, 152], [151, 161], [152, 153], [152, 155], [155, 156], [155, 158], [158, 151], [158, 159], [175, 176], [175, 178]], "missing_branches": [[63, 85], [75, 79], [82, 63]]}, "": {"executed_lines": [1, 8, 9, 10, 13, 14, 15, 17, 18, 19, 20, 21, 22, 25, 26, 33, 40, 87, 129, 144, 163, 170], "summary": {"covered_lines": 19, "num_statements": 19, "percent_covered": 100.0, "percent_covered_display": "100", "missing_lines": 0, "excluded_lines": 0, "num_branches": 0, "num_partial_branches": 0, "covered_branches": 0, "missing_branches": 0}, "missing_lines": [], "excluded_lines": [], "executed_branches": [], "missing_branches": []}}}, "src/voyager_trader/skills.py": {"executed_lines": [1, 8, 9, 10, 11, 12, 15, 16, 17, 19, 20, 21, 22, 23, 24, 25, 26, 29, 30, 37, 39, 40, 41, 42, 45, 46, 47, 49, 51, 52, 53, 55, 57, 59, 63, 65, 67, 68, 71, 72, 74, 77, 78, 80, 82, 84, 85, 86, 89, 90, 92, 96, 97, 98, 99, 102, 103, 104, 108, 110, 112, 121, 123, 124, 125, 127, 137], "summary": {"covered_lines": 64, "num_statements": 73, "percent_covered": 86.20689655172414, "percent_covered_display": "86", "missing_lines": 9, "excluded_lines": 0, "num_branches": 14, "num_partial_branches": 3, "covered_branches": 11, "missing_branches": 3}, "missing_lines": [113, 114, 115, 116, 117, 118, 119, 138, 139], "excluded_lines": [], "executed_branches": [[65, 67], [65, 77], [67, 68], [67, 71], [71, 72], [71, 74], [84, 85], [84, 89], [96, 97], [102, 103], [112, -110]], "missing_branches": [[96, -92], [102, 108], [112, 113]], "functions": {"SkillLibrary.__init__": {"executed_lines": [39, 40, 41, 42, 45, 46, 47], "summary": {"covered_lines": 7, "num_statements": 7, "percent_covered": 100.0, "percent_covered_display": "100", "missing_lines": 0, "excluded_lines": 0, "num_branches": 0, "num_partial_branches": 0, "covered_branches": 0, "missing_branches": 0}, "missing_lines": [], "excluded_lines": [], "executed_branches": [], "missing_branches": []}, "SkillLibrary.add_skill": {"executed_lines": [51, 52, 53], "summary": {"covered_lines": 3, "num_statements": 3, "percent_covered": 100.0, "percent_covered_display": "100", "missing_lines": 0, "excluded_lines": 0, "num_branches": 0, "num_partial_branches": 0, "covered_branches": 0, "missing_branches": 0}, "missing_lines": [], "excluded_lines": [], "executed_branches": [], "missing_branches": []}, "SkillLibrary.get_skill": {"executed_lines": [57], "summary": {"covered_lines": 1, "num_statements": 1, "percent_covered": 100.0, "percent_covered_display": "100", "missing_lines": 0, "excluded_lines": 0, "num_branches": 0, "num_partial_branches": 0, "covered_branches": 0, "missing_branches": 0}, "missing_lines": [], "excluded_lines": [], "executed_branches": [], "missing_branches": []}, "SkillLibrary.search_skills": {"executed_lines": [63, 65, 67, 68, 71, 72, 74, 77, 78], "summary": {"covered_lines": 9, "num_statements": 9, "percent_covered": 100.0, "percent_covered_display": "100", "missing_lines": 0, "excluded_lines": 0, "num_branches": 6, "num_partial_branches": 0, "covered_branches": 6, "missing_branches": 0}, "missing_lines": [], "excluded_lines": [], "executed_branches": [[65, 67], [65, 77], [67, 68], [67, 71], [71, 72], [71, 74]], "missing_branches": []}, "SkillLibrary.compose_skills": {"executed_lines": [82, 84, 85, 86, 89, 90], "summary": {"covered_lines": 6, "num_statements": 6, "percent_covered": 100.0, "percent_covered_display": "100", "missing_lines": 0, "excluded_lines": 0, "num_branches": 2, "num_partial_branches": 0, "covered_branches": 2, "missing_branches": 0}, "missing_lines": [], "excluded_lines": [], "executed_branches": [[84, 85], [84, 89]], "missing_branches": []}, "SkillLibrary.update_skill_performance": {"executed_lines": [96, 97, 98, 99, 102, 103, 104, 108], "summary": {"covered_lines": 8, "num_statements": 8, "percent_covered": 83.33333333333333, "percent_covered_display": "83", "missing_lines": 0, "excluded_lines": 0, "num_branches": 4, "num_partial_branches": 2, "covered_branches": 2, "missing_branches": 2}, "missing_lines": [], "excluded_lines": [], "executed_branches": [[96, 97], [102, 103]], "missing_branches": [[96, -92], [102, 108]]}, "SkillLibrary._load_existing_skills": {"executed_lines": [112], "summary": {"covered_lines": 1, "num_statements": 8, "percent_covered": 20.0, "percent_covered_display": "20", "missing_lines": 7, "excluded_lines": 0, "num_branches": 2, "num_partial_branches": 1, "covered_branches": 1, "missing_branches": 1}, "missing_lines": [113, 114, 115, 116, 117, 118, 119], "excluded_lines": [], "executed_branches": [[112, -110]], "missing_branches": [[112, 113]]}, "SkillLibrary._save_skill": {"executed_lines": [123, 124, 125, 127, 137], "summary": {"covered_lines": 5, "num_statements": 7, "percent_covered": 71.42857142857143, "percent_covered_display": "71", "missing_lines": 2, "excluded_lines": 0, "num_branches": 0, "num_partial_branches": 0, "covered_branches": 0, "missing_branches": 0}, "missing_lines": [138, 139], "excluded_lines": [], "executed_branches": [], "missing_branches": []}, "": {"executed_lines": [1, 8, 9, 10, 11, 12, 15, 16, 17, 19, 20, 21, 22, 23, 24, 25, 26, 29, 30, 37, 49, 55, 59, 80, 92, 110, 121], "summary": {"covered_lines": 24, "num_statements": 24, "percent_covered": 100.0, "percent_covered_display": "100", "missing_lines": 0, "excluded_lines": 0, "num_branches": 0, "num_partial_branches": 0, "covered_branches": 0, "missing_branches": 0}, "missing_lines": [], "excluded_lines": [], "executed_branches": [], "missing_branches": []}}, "classes": {"TradingSkill": {"executed_lines": [], "summary": {"covered_lines": 0, "num_statements": 0, "percent_covered": 100.0, "percent_covered_display": "100", "missing_lines": 0, "excluded_lines": 0, "num_branches": 0, "num_partial_branches": 0, "covered_branches": 0, "missing_branches": 0}, "missing_lines": [], "excluded_lines": [], "executed_branches": [], "missing_branches": []}, "SkillLibrary": {"executed_lines": [39, 40, 41, 42, 45, 46, 47, 51, 52, 53, 57, 63, 65, 67, 68, 71, 72, 74, 77, 78, 82, 84, 85, 86, 89, 90, 96, 97, 98, 99, 102, 103, 104, 108, 112, 123, 124, 125, 127, 137], "summary": {"covered_lines": 40, "num_statements": 49, "percent_covered": 80.95238095238095, "percent_covered_display": "81", "missing_lines": 9, "excluded_lines": 0, "num_branches": 14, "num_partial_branches": 3, "covered_branches": 11, "missing_branches": 3}, "missing_lines": [113, 114, 115, 116, 117, 118, 119, 138, 139], "excluded_lines": [], "executed_branches": [[65, 67], [65, 77], [67, 68], [67, 71], [71, 72], [71, 74], [84, 85], [84, 89], [96, 97], [102, 103], [112, -110]], "missing_branches": [[96, -92], [102, 108], [112, 113]]}, "": {"executed_lines": [1, 8, 9, 10, 11, 12, 15, 16, 17, 19, 20, 21, 22, 23, 24, 25, 26, 29, 30, 37, 49, 55, 59, 80, 92, 110, 121], "summary": {"covered_lines": 24, "num_statements": 24, "percent_covered": 100.0, "percent_covered_display": "100", "missing_lines": 0, "excluded_lines": 0, "num_branches": 0, "num_partial_branches": 0, "covered_branches": 0, "missing_branches": 0}, "missing_lines": [], "excluded_lines": [], "executed_branches": [], "missing_branches": []}}}}, "totals": {"covered_lines": 2051, "num_statements": 2902, "percent_covered": 64.40435280641466, "percent_covered_display": "64", "missing_lines": 851, "excluded_lines": 128, "num_branches": 590, "num_partial_branches": 102, "covered_branches": 198, "missing_branches": 392}}